<?xml version="1.0" encoding="UTF-8"?>
<testsuites>
  <testsuite name="" tests="126" assertions="427" errors="0" warnings="0" failures="0" skipped="0" time="0.902719">
    <testsuite name="Project Test Suite" tests="126" assertions="427" errors="0" warnings="0" failures="0" skipped="0" time="0.902719">
      <testsuite name="App\Card\CardGraphicTest" file="/home/kasper/dbwebb-kurser/mvc/me/report/tests/Card/CardGraphicTest.php" tests="4" assertions="57" errors="0" warnings="0" failures="0" skipped="0" time="0.014747">
        <testcase name="testCardGraphicCreation" class="App\Card\CardGraphicTest" classname="App.Card.CardGraphicTest" file="/home/kasper/dbwebb-kurser/mvc/me/report/tests/Card/CardGraphicTest.php" line="12" assertions="2" time="0.010181"/>
        <testcase name="testGetAsString" class="App\Card\CardGraphicTest" classname="App.Card.CardGraphicTest" file="/home/kasper/dbwebb-kurser/mvc/me/report/tests/Card/CardGraphicTest.php" line="19" assertions="1" time="0.001171"/>
        <testcase name="testGetColor" class="App\Card\CardGraphicTest" classname="App.Card.CardGraphicTest" file="/home/kasper/dbwebb-kurser/mvc/me/report/tests/Card/CardGraphicTest.php" line="25" assertions="2" time="0.000314"/>
        <testcase name="testAllSymbols" class="App\Card\CardGraphicTest" classname="App.Card.CardGraphicTest" file="/home/kasper/dbwebb-kurser/mvc/me/report/tests/Card/CardGraphicTest.php" line="34" assertions="52" time="0.003081"/>
      </testsuite>
      <testsuite name="App\Card\CardHandTest" file="/home/kasper/dbwebb-kurser/mvc/me/report/tests/Card/CardHandTest.php" tests="5" assertions="7" errors="0" warnings="0" failures="0" skipped="0" time="0.002989">
        <testcase name="testCreateEmptyHand" class="App\Card\CardHandTest" classname="App.Card.CardHandTest" file="/home/kasper/dbwebb-kurser/mvc/me/report/tests/Card/CardHandTest.php" line="12" assertions="2" time="0.001311"/>
        <testcase name="testAddCard" class="App\Card\CardHandTest" classname="App.Card.CardHandTest" file="/home/kasper/dbwebb-kurser/mvc/me/report/tests/Card/CardHandTest.php" line="19" assertions="2" time="0.000397"/>
        <testcase name="testGetNumberCards" class="App\Card\CardHandTest" classname="App.Card.CardHandTest" file="/home/kasper/dbwebb-kurser/mvc/me/report/tests/Card/CardHandTest.php" line="29" assertions="1" time="0.000428"/>
        <testcase name="testGetValues" class="App\Card\CardHandTest" classname="App.Card.CardHandTest" file="/home/kasper/dbwebb-kurser/mvc/me/report/tests/Card/CardHandTest.php" line="38" assertions="1" time="0.000472"/>
        <testcase name="testGetString" class="App\Card\CardHandTest" classname="App.Card.CardHandTest" file="/home/kasper/dbwebb-kurser/mvc/me/report/tests/Card/CardHandTest.php" line="48" assertions="1" time="0.000380"/>
      </testsuite>
      <testsuite name="App\Card\CardTest" file="/home/kasper/dbwebb-kurser/mvc/me/report/tests/Card/CardTest.php" tests="4" assertions="4" errors="0" warnings="0" failures="0" skipped="0" time="0.001610">
        <testcase name="testCardCreation" class="App\Card\CardTest" classname="App.Card.CardTest" file="/home/kasper/dbwebb-kurser/mvc/me/report/tests/Card/CardTest.php" line="12" assertions="1" time="0.000371"/>
        <testcase name="testGetSuit" class="App\Card\CardTest" classname="App.Card.CardTest" file="/home/kasper/dbwebb-kurser/mvc/me/report/tests/Card/CardTest.php" line="18" assertions="1" time="0.000359"/>
        <testcase name="testGetValue" class="App\Card\CardTest" classname="App.Card.CardTest" file="/home/kasper/dbwebb-kurser/mvc/me/report/tests/Card/CardTest.php" line="24" assertions="1" time="0.000311"/>
        <testcase name="testGetAsString" class="App\Card\CardTest" classname="App.Card.CardTest" file="/home/kasper/dbwebb-kurser/mvc/me/report/tests/Card/CardTest.php" line="30" assertions="1" time="0.000570"/>
      </testsuite>
      <testsuite name="App\Card\DeckOfCardsTest" file="/home/kasper/dbwebb-kurser/mvc/me/report/tests/Card/DeckOfCardsTest.php" tests="5" assertions="12" errors="0" warnings="0" failures="0" skipped="0" time="0.008758">
        <testcase name="testCreateDeck" class="App\Card\DeckOfCardsTest" classname="App.Card.DeckOfCardsTest" file="/home/kasper/dbwebb-kurser/mvc/me/report/tests/Card/DeckOfCardsTest.php" line="13" assertions="2" time="0.000822"/>
        <testcase name="testShuffle" class="App\Card\DeckOfCardsTest" classname="App.Card.DeckOfCardsTest" file="/home/kasper/dbwebb-kurser/mvc/me/report/tests/Card/DeckOfCardsTest.php" line="20" assertions="2" time="0.003973"/>
        <testcase name="testDrawCard" class="App\Card\DeckOfCardsTest" classname="App.Card.DeckOfCardsTest" file="/home/kasper/dbwebb-kurser/mvc/me/report/tests/Card/DeckOfCardsTest.php" line="31" assertions="2" time="0.000537"/>
        <testcase name="testGetSortedCards" class="App\Card\DeckOfCardsTest" classname="App.Card.DeckOfCardsTest" file="/home/kasper/dbwebb-kurser/mvc/me/report/tests/Card/DeckOfCardsTest.php" line="41" assertions="5" time="0.003020"/>
        <testcase name="testGetString" class="App\Card\DeckOfCardsTest" classname="App.Card.DeckOfCardsTest" file="/home/kasper/dbwebb-kurser/mvc/me/report/tests/Card/DeckOfCardsTest.php" line="56" assertions="1" time="0.000405"/>
      </testsuite>
      <testsuite name="App\Tests\Card\BankStrategyTest" file="/home/kasper/dbwebb-kurser/mvc/me/report/tests/CardGame/BankStrategyTest.php" tests="1" assertions="4" errors="0" warnings="0" failures="0" skipped="0" time="0.001132">
        <testcase name="testBankStrategyEdgeCases" class="App\Tests\Card\BankStrategyTest" classname="App.Tests.Card.BankStrategyTest" file="/home/kasper/dbwebb-kurser/mvc/me/report/tests/CardGame/BankStrategyTest.php" line="10" assertions="4" time="0.001132"/>
      </testsuite>
      <testsuite name="App\Card\CardGameTest" file="/home/kasper/dbwebb-kurser/mvc/me/report/tests/CardGame/CardGameTest.php" tests="10" assertions="32" errors="0" warnings="0" failures="0" skipped="0" time="0.027716">
        <testcase name="testCreateCardGame" class="App\Card\CardGameTest" classname="App.Card.CardGameTest" file="/home/kasper/dbwebb-kurser/mvc/me/report/tests/CardGame/CardGameTest.php" line="12" assertions="4" time="0.011650"/>
        <testcase name="testPlayerDraw" class="App\Card\CardGameTest" classname="App.Card.CardGameTest" file="/home/kasper/dbwebb-kurser/mvc/me/report/tests/CardGame/CardGameTest.php" line="23" assertions="5" time="0.006352"/>
        <testcase name="testPlayerBust" class="App\Card\CardGameTest" classname="App.Card.CardGameTest" file="/home/kasper/dbwebb-kurser/mvc/me/report/tests/CardGame/CardGameTest.php" line="44" assertions="2" time="0.000887"/>
        <testcase name="testPlayerStopTriggersBankPlay" class="App\Card\CardGameTest" classname="App.Card.CardGameTest" file="/home/kasper/dbwebb-kurser/mvc/me/report/tests/CardGame/CardGameTest.php" line="64" assertions="2" time="0.000745"/>
        <testcase name="testScoreCalculationThroughGameplay" class="App\Card\CardGameTest" classname="App.Card.CardGameTest" file="/home/kasper/dbwebb-kurser/mvc/me/report/tests/CardGame/CardGameTest.php" line="85" assertions="5" time="0.002612"/>
        <testcase name="testGetBankHand" class="App\Card\CardGameTest" classname="App.Card.CardGameTest" file="/home/kasper/dbwebb-kurser/mvc/me/report/tests/CardGame/CardGameTest.php" line="152" assertions="2" time="0.001435"/>
        <testcase name="testAllWinnerScenarios" class="App\Card\CardGameTest" classname="App.Card.CardGameTest" file="/home/kasper/dbwebb-kurser/mvc/me/report/tests/CardGame/CardGameTest.php" line="167" assertions="6" time="0.001950"/>
        <testcase name="testGameInitializesWithEmptyHands" class="App\Card\CardGameTest" classname="App.Card.CardGameTest" file="/home/kasper/dbwebb-kurser/mvc/me/report/tests/CardGame/CardGameTest.php" line="246" assertions="2" time="0.000512"/>
        <testcase name="testBankStopsAt17" class="App\Card\CardGameTest" classname="App.Card.CardGameTest" file="/home/kasper/dbwebb-kurser/mvc/me/report/tests/CardGame/CardGameTest.php" line="255" assertions="2" time="0.000769"/>
        <testcase name="testBankStopsWhenPlayerBusted" class="App\Card\CardGameTest" classname="App.Card.CardGameTest" file="/home/kasper/dbwebb-kurser/mvc/me/report/tests/CardGame/CardGameTest.php" line="278" assertions="2" time="0.000805"/>
      </testsuite>
      <testsuite name="App\Tests\Card\GameStateTest" file="/home/kasper/dbwebb-kurser/mvc/me/report/tests/CardGame/GameStateTest.php" tests="3" assertions="8" errors="0" warnings="0" failures="0" skipped="0" time="0.001278">
        <testcase name="testInitialState" class="App\Tests\Card\GameStateTest" classname="App.Tests.Card.GameStateTest" file="/home/kasper/dbwebb-kurser/mvc/me/report/tests/CardGame/GameStateTest.php" line="12" assertions="5" time="0.000447"/>
        <testcase name="testScoreUpdates" class="App\Tests\Card\GameStateTest" classname="App.Tests.Card.GameStateTest" file="/home/kasper/dbwebb-kurser/mvc/me/report/tests/CardGame/GameStateTest.php" line="23" assertions="2" time="0.000463"/>
        <testcase name="testGameOver" class="App\Tests\Card\GameStateTest" classname="App.Tests.Card.GameStateTest" file="/home/kasper/dbwebb-kurser/mvc/me/report/tests/CardGame/GameStateTest.php" line="33" assertions="1" time="0.000368"/>
      </testsuite>
      <testsuite name="App\Tests\Card\ScoreCalculatorTest" file="/home/kasper/dbwebb-kurser/mvc/me/report/tests/CardGame/ScoreCalculatorTest.php" tests="1" assertions="4" errors="0" warnings="0" failures="0" skipped="0" time="0.000475">
        <testcase name="testCalculateScore" class="App\Tests\Card\ScoreCalculatorTest" classname="App.Tests.Card.ScoreCalculatorTest" file="/home/kasper/dbwebb-kurser/mvc/me/report/tests/CardGame/ScoreCalculatorTest.php" line="12" assertions="4" time="0.000475"/>
      </testsuite>
      <testsuite name="App\Tests\Controller\JsonControllerTest" file="/home/kasper/dbwebb-kurser/mvc/me/report/tests/Controller/JsonControllerTest.php" tests="2" assertions="7" errors="0" warnings="0" failures="0" skipped="0" time="0.271961">
        <testcase name="testJsonLucky" class="App\Tests\Controller\JsonControllerTest" classname="App.Tests.Controller.JsonControllerTest" file="/home/kasper/dbwebb-kurser/mvc/me/report/tests/Controller/JsonControllerTest.php" line="9" assertions="4" time="0.263073"/>
        <testcase name="testJsonQuote" class="App\Tests\Controller\JsonControllerTest" classname="App.Tests.Controller.JsonControllerTest" file="/home/kasper/dbwebb-kurser/mvc/me/report/tests/Controller/JsonControllerTest.php" line="22" assertions="3" time="0.008888"/>
      </testsuite>
      <testsuite name="App\Tests\Controller\JsonDatabaseControllerTest" file="/home/kasper/dbwebb-kurser/mvc/me/report/tests/Controller/JsonDatabaseControllerTest.php" tests="3" assertions="11" errors="0" warnings="0" failures="0" skipped="0" time="0.044562">
        <testcase name="testJsonLibraryBooks" class="App\Tests\Controller\JsonDatabaseControllerTest" classname="App.Tests.Controller.JsonDatabaseControllerTest" file="/home/kasper/dbwebb-kurser/mvc/me/report/tests/Controller/JsonDatabaseControllerTest.php" line="13" assertions="4" time="0.021425"/>
        <testcase name="testJsonLibraryBookByIsbn" class="App\Tests\Controller\JsonDatabaseControllerTest" classname="App.Tests.Controller.JsonDatabaseControllerTest" file="/home/kasper/dbwebb-kurser/mvc/me/report/tests/Controller/JsonDatabaseControllerTest.php" line="38" assertions="4" time="0.012822"/>
        <testcase name="testJsonLibraryBookByIsbnNotFound" class="App\Tests\Controller\JsonDatabaseControllerTest" classname="App.Tests.Controller.JsonDatabaseControllerTest" file="/home/kasper/dbwebb-kurser/mvc/me/report/tests/Controller/JsonDatabaseControllerTest.php" line="64" assertions="3" time="0.010314"/>
      </testsuite>
      <testsuite name="App\Tests\Controller\JsonDeckControllerTest" file="/home/kasper/dbwebb-kurser/mvc/me/report/tests/Controller/JsonDeckControllerTest.php" tests="2" assertions="4" errors="0" warnings="0" failures="0" skipped="0" time="0.031457">
        <testcase name="testJsonDeck" class="App\Tests\Controller\JsonDeckControllerTest" classname="App.Tests.Controller.JsonDeckControllerTest" file="/home/kasper/dbwebb-kurser/mvc/me/report/tests/Controller/JsonDeckControllerTest.php" line="9" assertions="2" time="0.019010"/>
        <testcase name="testJsonShuffle" class="App\Tests\Controller\JsonDeckControllerTest" classname="App.Tests.Controller.JsonDeckControllerTest" file="/home/kasper/dbwebb-kurser/mvc/me/report/tests/Controller/JsonDeckControllerTest.php" line="20" assertions="2" time="0.012447"/>
      </testsuite>
      <testsuite name="App\Tests\Controller\JsonGameControllerTest" file="/home/kasper/dbwebb-kurser/mvc/me/report/tests/Controller/JsonGameControllerTest.php" tests="2" assertions="7" errors="0" warnings="0" failures="0" skipped="0" time="0.067903">
        <testcase name="testJsonGameScoreWithGame" class="App\Tests\Controller\JsonGameControllerTest" classname="App.Tests.Controller.JsonGameControllerTest" file="/home/kasper/dbwebb-kurser/mvc/me/report/tests/Controller/JsonGameControllerTest.php" line="11" assertions="4" time="0.051748"/>
        <testcase name="testJsonGameScoreWithoutGame" class="App\Tests\Controller\JsonGameControllerTest" classname="App.Tests.Controller.JsonGameControllerTest" file="/home/kasper/dbwebb-kurser/mvc/me/report/tests/Controller/JsonGameControllerTest.php" line="26" assertions="3" time="0.016155"/>
      </testsuite>
      <testsuite name="App\Tests\Entity\LibraryTest" file="/home/kasper/dbwebb-kurser/mvc/me/report/tests/Controller/LibraryTest.php" tests="1" assertions="4" errors="0" warnings="0" failures="0" skipped="0" time="0.000607">
        <testcase name="testEntity" class="App\Tests\Entity\LibraryTest" classname="App.Tests.Entity.LibraryTest" file="/home/kasper/dbwebb-kurser/mvc/me/report/tests/Controller/LibraryTest.php" line="10" assertions="4" time="0.000607"/>
      </testsuite>
      <testsuite name="App\Tests\Dice\DiceGraphicTest" file="/home/kasper/dbwebb-kurser/mvc/me/report/tests/Dice/DiceGraphicTest.php" tests="3" assertions="5" errors="0" warnings="0" failures="0" skipped="0" time="0.004729">
        <testcase name="testCreateDiceGraphic" class="App\Tests\Dice\DiceGraphicTest" classname="App.Tests.Dice.DiceGraphicTest" file="/home/kasper/dbwebb-kurser/mvc/me/report/tests/Dice/DiceGraphicTest.php" line="10" assertions="2" time="0.001332"/>
        <testcase name="testGetAsString" class="App\Tests\Dice\DiceGraphicTest" classname="App.Tests.Dice.DiceGraphicTest" file="/home/kasper/dbwebb-kurser/mvc/me/report/tests/Dice/DiceGraphicTest.php" line="17" assertions="2" time="0.002037"/>
        <testcase name="testAllRepresentationsExist" class="App\Tests\Dice\DiceGraphicTest" classname="App.Tests.Dice.DiceGraphicTest" file="/home/kasper/dbwebb-kurser/mvc/me/report/tests/Dice/DiceGraphicTest.php" line="26" assertions="1" time="0.001360"/>
      </testsuite>
      <testsuite name="App\Tests\Dice\DiceHandTest" file="/home/kasper/dbwebb-kurser/mvc/me/report/tests/Dice/DiceHandTest.php" tests="4" assertions="32" errors="0" warnings="0" failures="0" skipped="0" time="0.005412">
        <testcase name="testCreateDiceHand" class="App\Tests\Dice\DiceHandTest" classname="App.Tests.Dice.DiceHandTest" file="/home/kasper/dbwebb-kurser/mvc/me/report/tests/Dice/DiceHandTest.php" line="12" assertions="2" time="0.001879"/>
        <testcase name="testAddAndRollDice" class="App\Tests\Dice\DiceHandTest" classname="App.Tests.Dice.DiceHandTest" file="/home/kasper/dbwebb-kurser/mvc/me/report/tests/Dice/DiceHandTest.php" line="19" assertions="6" time="0.002155"/>
        <testcase name="testGetStringRepresentation" class="App\Tests\Dice\DiceHandTest" classname="App.Tests.Dice.DiceHandTest" file="/home/kasper/dbwebb-kurser/mvc/me/report/tests/Dice/DiceHandTest.php" line="35" assertions="3" time="0.000410"/>
        <testcase name="testMultipleDiceValues" class="App\Tests\Dice\DiceHandTest" classname="App.Tests.Dice.DiceHandTest" file="/home/kasper/dbwebb-kurser/mvc/me/report/tests/Dice/DiceHandTest.php" line="50" assertions="21" time="0.000968"/>
      </testsuite>
      <testsuite name="App\Tests\Dice\DiceTest" file="/home/kasper/dbwebb-kurser/mvc/me/report/tests/Dice/DiceTest.php" tests="4" assertions="11" errors="0" warnings="0" failures="0" skipped="0" time="0.002422">
        <testcase name="testCreateDice" class="App\Tests\Dice\DiceTest" classname="App.Tests.Dice.DiceTest" file="/home/kasper/dbwebb-kurser/mvc/me/report/tests/Dice/DiceTest.php" line="10" assertions="2" time="0.000389"/>
        <testcase name="testRollDice" class="App\Tests\Dice\DiceTest" classname="App.Tests.Dice.DiceTest" file="/home/kasper/dbwebb-kurser/mvc/me/report/tests/Dice/DiceTest.php" line="19" assertions="5" time="0.000542"/>
        <testcase name="testRollChangesValue" class="App\Tests\Dice\DiceTest" classname="App.Tests.Dice.DiceTest" file="/home/kasper/dbwebb-kurser/mvc/me/report/tests/Dice/DiceTest.php" line="31" assertions="1" time="0.000350"/>
        <testcase name="testGetAsStringFormat" class="App\Tests\Dice\DiceTest" classname="App.Tests.Dice.DiceTest" file="/home/kasper/dbwebb-kurser/mvc/me/report/tests/Dice/DiceTest.php" line="44" assertions="3" time="0.001140"/>
      </testsuite>
      <testsuite name="App\Proj\BankStrategyTest" file="/home/kasper/dbwebb-kurser/mvc/me/report/tests/Proj/BankStrategyTest.php" tests="2" assertions="5" errors="0" warnings="0" failures="0" skipped="0" time="0.002139">
        <testcase name="testBankStrategyEdgeCases" class="App\Proj\BankStrategyTest" classname="App.Proj.BankStrategyTest" file="/home/kasper/dbwebb-kurser/mvc/me/report/tests/Proj/BankStrategyTest.php" line="13" assertions="4" time="0.000714"/>
        <testcase name="testPlayTurn" class="App\Proj\BankStrategyTest" classname="App.Proj.BankStrategyTest" file="/home/kasper/dbwebb-kurser/mvc/me/report/tests/Proj/BankStrategyTest.php" line="23" assertions="1" time="0.001425"/>
      </testsuite>
      <testsuite name="App\Proj\BettingTest" file="/home/kasper/dbwebb-kurser/mvc/me/report/tests/Proj/BettingTest.php" tests="6" assertions="14" errors="0" warnings="0" failures="0" skipped="0" time="0.004897">
        <testcase name="testRegularWinPayout" class="App\Proj\BettingTest" classname="App.Proj.BettingTest" file="/home/kasper/dbwebb-kurser/mvc/me/report/tests/Proj/BettingTest.php" line="20" assertions="2" time="0.001455"/>
        <testcase name="testBlackjackPayout" class="App\Proj\BettingTest" classname="App.Proj.BettingTest" file="/home/kasper/dbwebb-kurser/mvc/me/report/tests/Proj/BettingTest.php" line="37" assertions="2" time="0.000645"/>
        <testcase name="testLossPayout" class="App\Proj\BettingTest" classname="App.Proj.BettingTest" file="/home/kasper/dbwebb-kurser/mvc/me/report/tests/Proj/BettingTest.php" line="54" assertions="2" time="0.000609"/>
        <testcase name="testPushPayout" class="App\Proj\BettingTest" classname="App.Proj.BettingTest" file="/home/kasper/dbwebb-kurser/mvc/me/report/tests/Proj/BettingTest.php" line="71" assertions="3" time="0.000603"/>
        <testcase name="testPushRuleForBank" class="App\Proj\BettingTest" classname="App.Proj.BettingTest" file="/home/kasper/dbwebb-kurser/mvc/me/report/tests/Proj/BettingTest.php" line="89" assertions="2" time="0.000623"/>
        <testcase name="testMultipleHandOutcomes" class="App\Proj\BettingTest" classname="App.Proj.BettingTest" file="/home/kasper/dbwebb-kurser/mvc/me/report/tests/Proj/BettingTest.php" line="106" assertions="3" time="0.000962"/>
      </testsuite>
      <testsuite name="App\Proj\GameResultTest" file="/home/kasper/dbwebb-kurser/mvc/me/report/tests/Proj/GameResultTest.php" tests="3" assertions="11" errors="0" warnings="0" failures="0" skipped="0" time="0.002029">
        <testcase name="testHasBlackjack" class="App\Proj\GameResultTest" classname="App.Proj.GameResultTest" file="/home/kasper/dbwebb-kurser/mvc/me/report/tests/Proj/GameResultTest.php" line="18" assertions="3" time="0.000645"/>
        <testcase name="testDetermineResult" class="App\Proj\GameResultTest" classname="App.Proj.GameResultTest" file="/home/kasper/dbwebb-kurser/mvc/me/report/tests/Proj/GameResultTest.php" line="32" assertions="5" time="0.000868"/>
        <testcase name="testCompareScoresWithPushRule" class="App\Proj\GameResultTest" classname="App.Proj.GameResultTest" file="/home/kasper/dbwebb-kurser/mvc/me/report/tests/Proj/GameResultTest.php" line="54" assertions="3" time="0.000516"/>
      </testsuite>
      <testsuite name="App\Proj\GameStateTest" file="/home/kasper/dbwebb-kurser/mvc/me/report/tests/Proj/GameStateTest.php" tests="6" assertions="11" errors="0" warnings="0" failures="0" skipped="0" time="0.003061">
        <testcase name="testInitialState" class="App\Proj\GameStateTest" classname="App.Proj.GameStateTest" file="/home/kasper/dbwebb-kurser/mvc/me/report/tests/Proj/GameStateTest.php" line="18" assertions="3" time="0.000501"/>
        <testcase name="testEndGame" class="App\Proj\GameStateTest" classname="App.Proj.GameStateTest" file="/home/kasper/dbwebb-kurser/mvc/me/report/tests/Proj/GameStateTest.php" line="25" assertions="1" time="0.000444"/>
        <testcase name="testBankScoreAccessors" class="App\Proj\GameStateTest" classname="App.Proj.GameStateTest" file="/home/kasper/dbwebb-kurser/mvc/me/report/tests/Proj/GameStateTest.php" line="31" assertions="2" time="0.000533"/>
        <testcase name="testInitialDealComplete" class="App\Proj\GameStateTest" classname="App.Proj.GameStateTest" file="/home/kasper/dbwebb-kurser/mvc/me/report/tests/Proj/GameStateTest.php" line="40" assertions="2" time="0.000481"/>
        <testcase name="testBustedChecks" class="App\Proj\GameStateTest" classname="App.Proj.GameStateTest" file="/home/kasper/dbwebb-kurser/mvc/me/report/tests/Proj/GameStateTest.php" line="47" assertions="2" time="0.000556"/>
        <testcase name="testHandResults" class="App\Proj\GameStateTest" classname="App.Proj.GameStateTest" file="/home/kasper/dbwebb-kurser/mvc/me/report/tests/Proj/GameStateTest.php" line="53" assertions="1" time="0.000545"/>
      </testsuite>
      <testsuite name="App\Proj\PlayerTest" file="/home/kasper/dbwebb-kurser/mvc/me/report/tests/Proj/PlayerTest.php" tests="7" assertions="24" errors="0" warnings="0" failures="0" skipped="0" time="0.004537">
        <testcase name="testPlayerCreation" class="App\Proj\PlayerTest" classname="App.Proj.PlayerTest" file="/home/kasper/dbwebb-kurser/mvc/me/report/tests/Proj/PlayerTest.php" line="9" assertions="2" time="0.000628"/>
        <testcase name="testPlaceBet" class="App\Proj\PlayerTest" classname="App.Proj.PlayerTest" file="/home/kasper/dbwebb-kurser/mvc/me/report/tests/Proj/PlayerTest.php" line="16" assertions="4" time="0.000727"/>
        <testcase name="testWinLosePush" class="App\Proj\PlayerTest" classname="App.Proj.PlayerTest" file="/home/kasper/dbwebb-kurser/mvc/me/report/tests/Proj/PlayerTest.php" line="26" assertions="3" time="0.000833"/>
        <testcase name="testMultipleHandBets" class="App\Proj\PlayerTest" classname="App.Proj.PlayerTest" file="/home/kasper/dbwebb-kurser/mvc/me/report/tests/Proj/PlayerTest.php" line="43" assertions="5" time="0.000770"/>
        <testcase name="testGetTotalWinsAndLosses" class="App\Proj\PlayerTest" classname="App.Proj.PlayerTest" file="/home/kasper/dbwebb-kurser/mvc/me/report/tests/Proj/PlayerTest.php" line="56" assertions="2" time="0.000544"/>
        <testcase name="testClearBets" class="App\Proj\PlayerTest" classname="App.Proj.PlayerTest" file="/home/kasper/dbwebb-kurser/mvc/me/report/tests/Proj/PlayerTest.php" line="69" assertions="5" time="0.000536"/>
        <testcase name="testCanPlaceBet" class="App\Proj\PlayerTest" classname="App.Proj.PlayerTest" file="/home/kasper/dbwebb-kurser/mvc/me/report/tests/Proj/PlayerTest.php" line="86" assertions="3" time="0.000500"/>
      </testsuite>
      <testsuite name="App\Proj\ProjDeckTest" file="/home/kasper/dbwebb-kurser/mvc/me/report/tests/Proj/ProjDeckTest.php" tests="5" assertions="12" errors="0" warnings="0" failures="0" skipped="0" time="0.008896">
        <testcase name="testCreateDeck" class="App\Proj\ProjDeckTest" classname="App.Proj.ProjDeckTest" file="/home/kasper/dbwebb-kurser/mvc/me/report/tests/Proj/ProjDeckTest.php" line="9" assertions="2" time="0.000563"/>
        <testcase name="testShuffle" class="App\Proj\ProjDeckTest" classname="App.Proj.ProjDeckTest" file="/home/kasper/dbwebb-kurser/mvc/me/report/tests/Proj/ProjDeckTest.php" line="16" assertions="2" time="0.003421"/>
        <testcase name="testDrawCard" class="App\Proj\ProjDeckTest" classname="App.Proj.ProjDeckTest" file="/home/kasper/dbwebb-kurser/mvc/me/report/tests/Proj/ProjDeckTest.php" line="27" assertions="2" time="0.000445"/>
        <testcase name="testGetSortedCards" class="App\Proj\ProjDeckTest" classname="App.Proj.ProjDeckTest" file="/home/kasper/dbwebb-kurser/mvc/me/report/tests/Proj/ProjDeckTest.php" line="37" assertions="5" time="0.004093"/>
        <testcase name="testGetString" class="App\Proj\ProjDeckTest" classname="App.Proj.ProjDeckTest" file="/home/kasper/dbwebb-kurser/mvc/me/report/tests/Proj/ProjDeckTest.php" line="50" assertions="1" time="0.000374"/>
      </testsuite>
      <testsuite name="App\Proj\ProjGameControllerTest" file="/home/kasper/dbwebb-kurser/mvc/me/report/tests/Proj/ProjGameControllerTest.php" tests="6" assertions="12" errors="0" warnings="0" failures="0" skipped="0" time="0.174806">
        <testcase name="testGameRedirectsWhenNoSession" class="App\Proj\ProjGameControllerTest" classname="App.Proj.ProjGameControllerTest" file="/home/kasper/dbwebb-kurser/mvc/me/report/tests/Proj/ProjGameControllerTest.php" line="9" assertions="2" time="0.013742"/>
        <testcase name="testInitGameWithNewPlayer" class="App\Proj\ProjGameControllerTest" classname="App.Proj.ProjGameControllerTest" file="/home/kasper/dbwebb-kurser/mvc/me/report/tests/Proj/ProjGameControllerTest.php" line="17" assertions="2" time="0.010773"/>
        <testcase name="testDrawCard" class="App\Proj\ProjGameControllerTest" classname="App.Proj.ProjGameControllerTest" file="/home/kasper/dbwebb-kurser/mvc/me/report/tests/Proj/ProjGameControllerTest.php" line="31" assertions="2" time="0.021341"/>
        <testcase name="testStand" class="App\Proj\ProjGameControllerTest" classname="App.Proj.ProjGameControllerTest" file="/home/kasper/dbwebb-kurser/mvc/me/report/tests/Proj/ProjGameControllerTest.php" line="46" assertions="2" time="0.024196"/>
        <testcase name="testNewRound" class="App\Proj\ProjGameControllerTest" classname="App.Proj.ProjGameControllerTest" file="/home/kasper/dbwebb-kurser/mvc/me/report/tests/Proj/ProjGameControllerTest.php" line="61" assertions="2" time="0.049842"/>
        <testcase name="testNewRoundWithInvalidBet" class="App\Proj\ProjGameControllerTest" classname="App.Proj.ProjGameControllerTest" file="/home/kasper/dbwebb-kurser/mvc/me/report/tests/Proj/ProjGameControllerTest.php" line="82" assertions="2" time="0.054913"/>
      </testsuite>
      <testsuite name="App\Proj\ProjGameTest" file="/home/kasper/dbwebb-kurser/mvc/me/report/tests/Proj/ProjGameTest.php" tests="10" assertions="23" errors="0" warnings="0" failures="0" skipped="0" time="0.015017">
        <testcase name="testInitialState" class="App\Proj\ProjGameTest" classname="App.Proj.ProjGameTest" file="/home/kasper/dbwebb-kurser/mvc/me/report/tests/Proj/ProjGameTest.php" line="21" assertions="3" time="0.001441"/>
        <testcase name="testPlayerActions" class="App\Proj\ProjGameTest" classname="App.Proj.ProjGameTest" file="/home/kasper/dbwebb-kurser/mvc/me/report/tests/Proj/ProjGameTest.php" line="28" assertions="2" time="0.001930"/>
        <testcase name="testHandManagement" class="App\Proj\ProjGameTest" classname="App.Proj.ProjGameTest" file="/home/kasper/dbwebb-kurser/mvc/me/report/tests/Proj/ProjGameTest.php" line="39" assertions="3" time="0.001426"/>
        <testcase name="testScoring" class="App\Proj\ProjGameTest" classname="App.Proj.ProjGameTest" file="/home/kasper/dbwebb-kurser/mvc/me/report/tests/Proj/ProjGameTest.php" line="48" assertions="1" time="0.001509"/>
        <testcase name="testGameComponents" class="App\Proj\ProjGameTest" classname="App.Proj.ProjGameTest" file="/home/kasper/dbwebb-kurser/mvc/me/report/tests/Proj/ProjGameTest.php" line="56" assertions="3" time="0.001248"/>
        <testcase name="testDetermineResults" class="App\Proj\ProjGameTest" classname="App.Proj.ProjGameTest" file="/home/kasper/dbwebb-kurser/mvc/me/report/tests/Proj/ProjGameTest.php" line="63" assertions="1" time="0.001591"/>
        <testcase name="testGetAllResults" class="App\Proj\ProjGameTest" classname="App.Proj.ProjGameTest" file="/home/kasper/dbwebb-kurser/mvc/me/report/tests/Proj/ProjGameTest.php" line="79" assertions="3" time="0.001382"/>
        <testcase name="testPlayBankTurn" class="App\Proj\ProjGameTest" classname="App.Proj.ProjGameTest" file="/home/kasper/dbwebb-kurser/mvc/me/report/tests/Proj/ProjGameTest.php" line="105" assertions="1" time="0.002200"/>
        <testcase name="testGameWithBets" class="App\Proj\ProjGameTest" classname="App.Proj.ProjGameTest" file="/home/kasper/dbwebb-kurser/mvc/me/report/tests/Proj/ProjGameTest.php" line="122" assertions="3" time="0.000989"/>
        <testcase name="testBlackjackWithBet" class="App\Proj\ProjGameTest" classname="App.Proj.ProjGameTest" file="/home/kasper/dbwebb-kurser/mvc/me/report/tests/Proj/ProjGameTest.php" line="141" assertions="3" time="0.001301"/>
      </testsuite>
      <testsuite name="App\Proj\ProjGameWinnerTest" file="/home/kasper/dbwebb-kurser/mvc/me/report/tests/Proj/ProjGameWinnerTest.php" tests="1" assertions="6" errors="0" warnings="0" failures="0" skipped="0" time="0.002266">
        <testcase name="testAllWinConditions" class="App\Proj\ProjGameWinnerTest" classname="App.Proj.ProjGameWinnerTest" file="/home/kasper/dbwebb-kurser/mvc/me/report/tests/Proj/ProjGameWinnerTest.php" line="9" assertions="6" time="0.002266"/>
      </testsuite>
      <testsuite name="App\Proj\ProjGraphicTest" file="/home/kasper/dbwebb-kurser/mvc/me/report/tests/Proj/ProjGraphicTest.php" tests="4" assertions="57" errors="0" warnings="0" failures="0" skipped="0" time="0.002446">
        <testcase name="testCardGraphicCreation" class="App\Proj\ProjGraphicTest" classname="App.Proj.ProjGraphicTest" file="/home/kasper/dbwebb-kurser/mvc/me/report/tests/Proj/ProjGraphicTest.php" line="9" assertions="2" time="0.000388"/>
        <testcase name="testGetAsString" class="App\Proj\ProjGraphicTest" classname="App.Proj.ProjGraphicTest" file="/home/kasper/dbwebb-kurser/mvc/me/report/tests/Proj/ProjGraphicTest.php" line="16" assertions="1" time="0.000329"/>
        <testcase name="testGetColor" class="App\Proj\ProjGraphicTest" classname="App.Proj.ProjGraphicTest" file="/home/kasper/dbwebb-kurser/mvc/me/report/tests/Proj/ProjGraphicTest.php" line="22" assertions="2" time="0.000650"/>
        <testcase name="testAllSymbols" class="App\Proj\ProjGraphicTest" classname="App.Proj.ProjGraphicTest" file="/home/kasper/dbwebb-kurser/mvc/me/report/tests/Proj/ProjGraphicTest.php" line="31" assertions="52" time="0.001078"/>
      </testsuite>
      <testsuite name="App\Proj\ProjHandManagerTest" file="/home/kasper/dbwebb-kurser/mvc/me/report/tests/Proj/ProjHandManagerTest.php" tests="3" assertions="10" errors="0" warnings="0" failures="0" skipped="0" time="0.001096">
        <testcase name="testInitialState" class="App\Proj\ProjHandManagerTest" classname="App.Proj.ProjHandManagerTest" file="/home/kasper/dbwebb-kurser/mvc/me/report/tests/Proj/ProjHandManagerTest.php" line="9" assertions="2" time="0.000354"/>
        <testcase name="testAddHand" class="App\Proj\ProjHandManagerTest" classname="App.Proj.ProjHandManagerTest" file="/home/kasper/dbwebb-kurser/mvc/me/report/tests/Proj/ProjHandManagerTest.php" line="16" assertions="5" time="0.000367"/>
        <testcase name="testNextHand" class="App\Proj\ProjHandManagerTest" classname="App.Proj.ProjHandManagerTest" file="/home/kasper/dbwebb-kurser/mvc/me/report/tests/Proj/ProjHandManagerTest.php" line="28" assertions="3" time="0.000374"/>
      </testsuite>
      <testsuite name="App\Proj\ProjHandTest" file="/home/kasper/dbwebb-kurser/mvc/me/report/tests/Proj/ProjHandTest.php" tests="5" assertions="7" errors="0" warnings="0" failures="0" skipped="0" time="0.002432">
        <testcase name="testCreateEmptyHand" class="App\Proj\ProjHandTest" classname="App.Proj.ProjHandTest" file="/home/kasper/dbwebb-kurser/mvc/me/report/tests/Proj/ProjHandTest.php" line="10" assertions="2" time="0.000352"/>
        <testcase name="testAddCard" class="App\Proj\ProjHandTest" classname="App.Proj.ProjHandTest" file="/home/kasper/dbwebb-kurser/mvc/me/report/tests/Proj/ProjHandTest.php" line="17" assertions="2" time="0.000452"/>
        <testcase name="testGetNumberCards" class="App\Proj\ProjHandTest" classname="App.Proj.ProjHandTest" file="/home/kasper/dbwebb-kurser/mvc/me/report/tests/Proj/ProjHandTest.php" line="27" assertions="1" time="0.000449"/>
        <testcase name="testGetValues" class="App\Proj\ProjHandTest" classname="App.Proj.ProjHandTest" file="/home/kasper/dbwebb-kurser/mvc/me/report/tests/Proj/ProjHandTest.php" line="36" assertions="1" time="0.000460"/>
        <testcase name="testGetString" class="App\Proj\ProjHandTest" classname="App.Proj.ProjHandTest" file="/home/kasper/dbwebb-kurser/mvc/me/report/tests/Proj/ProjHandTest.php" line="46" assertions="1" time="0.000719"/>
      </testsuite>
      <testsuite name="App\Proj\ProjHomeControllerTest" file="/home/kasper/dbwebb-kurser/mvc/me/report/tests/Proj/ProjHomeControllerTest.php" tests="2" assertions="2" errors="0" warnings="0" failures="0" skipped="0" time="0.081807">
        <testcase name="testHomePage" class="App\Proj\ProjHomeControllerTest" classname="App.Proj.ProjHomeControllerTest" file="/home/kasper/dbwebb-kurser/mvc/me/report/tests/Proj/ProjHomeControllerTest.php" line="9" assertions="1" time="0.059737"/>
        <testcase name="testAboutPage" class="App\Proj\ProjHomeControllerTest" classname="App.Proj.ProjHomeControllerTest" file="/home/kasper/dbwebb-kurser/mvc/me/report/tests/Proj/ProjHomeControllerTest.php" line="17" assertions="1" time="0.022070"/>
      </testsuite>
      <testsuite name="App\Proj\ProjPlayerControllerTest" file="/home/kasper/dbwebb-kurser/mvc/me/report/tests/Proj/ProjPlayerControllerTest.php" tests="2" assertions="4" errors="0" warnings="0" failures="0" skipped="0" time="0.039084">
        <testcase name="testConfigRedirectsWhenNoPlayer" class="App\Proj\ProjPlayerControllerTest" classname="App.Proj.ProjPlayerControllerTest" file="/home/kasper/dbwebb-kurser/mvc/me/report/tests/Proj/ProjPlayerControllerTest.php" line="9" assertions="2" time="0.014581"/>
        <testcase name="testUpdateConfig" class="App\Proj\ProjPlayerControllerTest" classname="App.Proj.ProjPlayerControllerTest" file="/home/kasper/dbwebb-kurser/mvc/me/report/tests/Proj/ProjPlayerControllerTest.php" line="18" assertions="2" time="0.024503"/>
      </testsuite>
      <testsuite name="App\Proj\ProjPlayerDrawTest" file="/home/kasper/dbwebb-kurser/mvc/me/report/tests/Proj/ProjPlayerDrawTest.php" tests="2" assertions="3" errors="0" warnings="0" failures="0" skipped="0" time="0.001740">
        <testcase name="testPlayerDrawBasic" class="App\Proj\ProjPlayerDrawTest" classname="App.Proj.ProjPlayerDrawTest" file="/home/kasper/dbwebb-kurser/mvc/me/report/tests/Proj/ProjPlayerDrawTest.php" line="9" assertions="2" time="0.000843"/>
        <testcase name="testPlayerDrawBust" class="App\Proj\ProjPlayerDrawTest" classname="App.Proj.ProjPlayerDrawTest" file="/home/kasper/dbwebb-kurser/mvc/me/report/tests/Proj/ProjPlayerDrawTest.php" line="24" assertions="1" time="0.000896"/>
      </testsuite>
      <testsuite name="App\Proj\ProjResetControllerTest" file="/home/kasper/dbwebb-kurser/mvc/me/report/tests/Proj/ProjResetControllerTest.php" tests="2" assertions="8" errors="0" warnings="0" failures="0" skipped="0" time="0.066555">
        <testcase name="testReset" class="App\Proj\ProjResetControllerTest" classname="App.Proj.ProjResetControllerTest" file="/home/kasper/dbwebb-kurser/mvc/me/report/tests/Proj/ProjResetControllerTest.php" line="9" assertions="4" time="0.031727"/>
        <testcase name="testFullReset" class="App\Proj\ProjResetControllerTest" classname="App.Proj.ProjResetControllerTest" file="/home/kasper/dbwebb-kurser/mvc/me/report/tests/Proj/ProjResetControllerTest.php" line="27" assertions="4" time="0.034827"/>
      </testsuite>
      <testsuite name="App\Proj\ProjTest" file="/home/kasper/dbwebb-kurser/mvc/me/report/tests/Proj/ProjTest.php" tests="5" assertions="6" errors="0" warnings="0" failures="0" skipped="0" time="0.001791">
        <testcase name="testProjCreation" class="App\Proj\ProjTest" classname="App.Proj.ProjTest" file="/home/kasper/dbwebb-kurser/mvc/me/report/tests/Proj/ProjTest.php" line="9" assertions="1" time="0.000376"/>
        <testcase name="testGetSuit" class="App\Proj\ProjTest" classname="App.Proj.ProjTest" file="/home/kasper/dbwebb-kurser/mvc/me/report/tests/Proj/ProjTest.php" line="15" assertions="1" time="0.000404"/>
        <testcase name="testGetValue" class="App\Proj\ProjTest" classname="App.Proj.ProjTest" file="/home/kasper/dbwebb-kurser/mvc/me/report/tests/Proj/ProjTest.php" line="21" assertions="1" time="0.000398"/>
        <testcase name="testGetAsString" class="App\Proj\ProjTest" classname="App.Proj.ProjTest" file="/home/kasper/dbwebb-kurser/mvc/me/report/tests/Proj/ProjTest.php" line="27" assertions="1" time="0.000310"/>
        <testcase name="testMatches" class="App\Proj\ProjTest" classname="App.Proj.ProjTest" file="/home/kasper/dbwebb-kurser/mvc/me/report/tests/Proj/ProjTest.php" line="33" assertions="2" time="0.000303"/>
      </testsuite>
      <testsuite name="App\Proj\ScoreCalculatorTest" file="/home/kasper/dbwebb-kurser/mvc/me/report/tests/Proj/ScoreCalculatorTest.php" tests="1" assertions="3" errors="0" warnings="0" failures="0" skipped="0" time="0.000365">
        <testcase name="testCalculateScore" class="App\Proj\ScoreCalculatorTest" classname="App.Proj.ScoreCalculatorTest" file="/home/kasper/dbwebb-kurser/mvc/me/report/tests/Proj/ScoreCalculatorTest.php" line="9" assertions="3" time="0.000365"/>
      </testsuite>
    </testsuite>
  </testsuite>
</testsuites>
