<?xml version="1.0" encoding="UTF-8"?>
<testsuites>
  <testsuite name="" tests="120" assertions="380" errors="0" warnings="0" failures="0" skipped="0" time="1.463896">
    <testsuite name="Project Test Suite" tests="120" assertions="380" errors="0" warnings="0" failures="0" skipped="0" time="1.463896">
      <testsuite name="App\Card\CardGraphicTest" file="/home/kasper/dbwebb-kurser/mvc/me/report/tests/Card/CardGraphicTest.php" tests="4" assertions="57" errors="0" warnings="0" failures="0" skipped="0" time="0.013850">
        <testcase name="testCardGraphicCreation" class="App\Card\CardGraphicTest" classname="App.Card.CardGraphicTest" file="/home/kasper/dbwebb-kurser/mvc/me/report/tests/Card/CardGraphicTest.php" line="12" assertions="2" time="0.008981"/>
        <testcase name="testGetAsString" class="App\Card\CardGraphicTest" classname="App.Card.CardGraphicTest" file="/home/kasper/dbwebb-kurser/mvc/me/report/tests/Card/CardGraphicTest.php" line="19" assertions="1" time="0.001103"/>
        <testcase name="testGetColor" class="App\Card\CardGraphicTest" classname="App.Card.CardGraphicTest" file="/home/kasper/dbwebb-kurser/mvc/me/report/tests/Card/CardGraphicTest.php" line="25" assertions="2" time="0.000379"/>
        <testcase name="testAllSymbols" class="App\Card\CardGraphicTest" classname="App.Card.CardGraphicTest" file="/home/kasper/dbwebb-kurser/mvc/me/report/tests/Card/CardGraphicTest.php" line="34" assertions="52" time="0.003386"/>
      </testsuite>
      <testsuite name="App\Card\CardHandTest" file="/home/kasper/dbwebb-kurser/mvc/me/report/tests/Card/CardHandTest.php" tests="5" assertions="7" errors="0" warnings="0" failures="0" skipped="0" time="0.003006">
        <testcase name="testCreateEmptyHand" class="App\Card\CardHandTest" classname="App.Card.CardHandTest" file="/home/kasper/dbwebb-kurser/mvc/me/report/tests/Card/CardHandTest.php" line="12" assertions="2" time="0.001703"/>
        <testcase name="testAddCard" class="App\Card\CardHandTest" classname="App.Card.CardHandTest" file="/home/kasper/dbwebb-kurser/mvc/me/report/tests/Card/CardHandTest.php" line="19" assertions="2" time="0.000357"/>
        <testcase name="testGetNumberCards" class="App\Card\CardHandTest" classname="App.Card.CardHandTest" file="/home/kasper/dbwebb-kurser/mvc/me/report/tests/Card/CardHandTest.php" line="29" assertions="1" time="0.000317"/>
        <testcase name="testGetValues" class="App\Card\CardHandTest" classname="App.Card.CardHandTest" file="/home/kasper/dbwebb-kurser/mvc/me/report/tests/Card/CardHandTest.php" line="38" assertions="1" time="0.000335"/>
        <testcase name="testGetString" class="App\Card\CardHandTest" classname="App.Card.CardHandTest" file="/home/kasper/dbwebb-kurser/mvc/me/report/tests/Card/CardHandTest.php" line="48" assertions="1" time="0.000294"/>
      </testsuite>
      <testsuite name="App\Card\CardTest" file="/home/kasper/dbwebb-kurser/mvc/me/report/tests/Card/CardTest.php" tests="4" assertions="4" errors="0" warnings="0" failures="0" skipped="0" time="0.001251">
        <testcase name="testCardCreation" class="App\Card\CardTest" classname="App.Card.CardTest" file="/home/kasper/dbwebb-kurser/mvc/me/report/tests/Card/CardTest.php" line="12" assertions="1" time="0.000296"/>
        <testcase name="testGetSuit" class="App\Card\CardTest" classname="App.Card.CardTest" file="/home/kasper/dbwebb-kurser/mvc/me/report/tests/Card/CardTest.php" line="18" assertions="1" time="0.000319"/>
        <testcase name="testGetValue" class="App\Card\CardTest" classname="App.Card.CardTest" file="/home/kasper/dbwebb-kurser/mvc/me/report/tests/Card/CardTest.php" line="24" assertions="1" time="0.000313"/>
        <testcase name="testGetAsString" class="App\Card\CardTest" classname="App.Card.CardTest" file="/home/kasper/dbwebb-kurser/mvc/me/report/tests/Card/CardTest.php" line="30" assertions="1" time="0.000324"/>
      </testsuite>
      <testsuite name="App\Card\DeckOfCardsTest" file="/home/kasper/dbwebb-kurser/mvc/me/report/tests/Card/DeckOfCardsTest.php" tests="5" assertions="12" errors="0" warnings="0" failures="0" skipped="0" time="0.011069">
        <testcase name="testCreateDeck" class="App\Card\DeckOfCardsTest" classname="App.Card.DeckOfCardsTest" file="/home/kasper/dbwebb-kurser/mvc/me/report/tests/Card/DeckOfCardsTest.php" line="13" assertions="2" time="0.001558"/>
        <testcase name="testShuffle" class="App\Card\DeckOfCardsTest" classname="App.Card.DeckOfCardsTest" file="/home/kasper/dbwebb-kurser/mvc/me/report/tests/Card/DeckOfCardsTest.php" line="20" assertions="2" time="0.005206"/>
        <testcase name="testDrawCard" class="App\Card\DeckOfCardsTest" classname="App.Card.DeckOfCardsTest" file="/home/kasper/dbwebb-kurser/mvc/me/report/tests/Card/DeckOfCardsTest.php" line="31" assertions="2" time="0.000472"/>
        <testcase name="testGetSortedCards" class="App\Card\DeckOfCardsTest" classname="App.Card.DeckOfCardsTest" file="/home/kasper/dbwebb-kurser/mvc/me/report/tests/Card/DeckOfCardsTest.php" line="41" assertions="5" time="0.003390"/>
        <testcase name="testGetString" class="App\Card\DeckOfCardsTest" classname="App.Card.DeckOfCardsTest" file="/home/kasper/dbwebb-kurser/mvc/me/report/tests/Card/DeckOfCardsTest.php" line="56" assertions="1" time="0.000443"/>
      </testsuite>
      <testsuite name="App\Tests\Card\BankStrategyTest" file="/home/kasper/dbwebb-kurser/mvc/me/report/tests/CardGame/BankStrategyTest.php" tests="1" assertions="4" errors="0" warnings="0" failures="0" skipped="0" time="0.001856">
        <testcase name="testBankStrategyEdgeCases" class="App\Tests\Card\BankStrategyTest" classname="App.Tests.Card.BankStrategyTest" file="/home/kasper/dbwebb-kurser/mvc/me/report/tests/CardGame/BankStrategyTest.php" line="10" assertions="4" time="0.001856"/>
      </testsuite>
      <testsuite name="App\Card\CardGameTest" file="/home/kasper/dbwebb-kurser/mvc/me/report/tests/CardGame/CardGameTest.php" tests="10" assertions="32" errors="0" warnings="0" failures="0" skipped="0" time="0.028442">
        <testcase name="testCreateCardGame" class="App\Card\CardGameTest" classname="App.Card.CardGameTest" file="/home/kasper/dbwebb-kurser/mvc/me/report/tests/CardGame/CardGameTest.php" line="12" assertions="4" time="0.014152"/>
        <testcase name="testPlayerDraw" class="App\Card\CardGameTest" classname="App.Card.CardGameTest" file="/home/kasper/dbwebb-kurser/mvc/me/report/tests/CardGame/CardGameTest.php" line="23" assertions="5" time="0.005733"/>
        <testcase name="testPlayerBust" class="App\Card\CardGameTest" classname="App.Card.CardGameTest" file="/home/kasper/dbwebb-kurser/mvc/me/report/tests/CardGame/CardGameTest.php" line="44" assertions="2" time="0.000700"/>
        <testcase name="testPlayerStopTriggersBankPlay" class="App\Card\CardGameTest" classname="App.Card.CardGameTest" file="/home/kasper/dbwebb-kurser/mvc/me/report/tests/CardGame/CardGameTest.php" line="64" assertions="2" time="0.000750"/>
        <testcase name="testScoreCalculationThroughGameplay" class="App\Card\CardGameTest" classname="App.Card.CardGameTest" file="/home/kasper/dbwebb-kurser/mvc/me/report/tests/CardGame/CardGameTest.php" line="85" assertions="5" time="0.001489"/>
        <testcase name="testGetBankHand" class="App\Card\CardGameTest" classname="App.Card.CardGameTest" file="/home/kasper/dbwebb-kurser/mvc/me/report/tests/CardGame/CardGameTest.php" line="152" assertions="2" time="0.001341"/>
        <testcase name="testAllWinnerScenarios" class="App\Card\CardGameTest" classname="App.Card.CardGameTest" file="/home/kasper/dbwebb-kurser/mvc/me/report/tests/CardGame/CardGameTest.php" line="167" assertions="6" time="0.002040"/>
        <testcase name="testGameInitializesWithEmptyHands" class="App\Card\CardGameTest" classname="App.Card.CardGameTest" file="/home/kasper/dbwebb-kurser/mvc/me/report/tests/CardGame/CardGameTest.php" line="246" assertions="2" time="0.000526"/>
        <testcase name="testBankStopsAt17" class="App\Card\CardGameTest" classname="App.Card.CardGameTest" file="/home/kasper/dbwebb-kurser/mvc/me/report/tests/CardGame/CardGameTest.php" line="255" assertions="2" time="0.001000"/>
        <testcase name="testBankStopsWhenPlayerBusted" class="App\Card\CardGameTest" classname="App.Card.CardGameTest" file="/home/kasper/dbwebb-kurser/mvc/me/report/tests/CardGame/CardGameTest.php" line="278" assertions="2" time="0.000710"/>
      </testsuite>
      <testsuite name="App\Tests\Card\GameStateTest" file="/home/kasper/dbwebb-kurser/mvc/me/report/tests/CardGame/GameStateTest.php" tests="3" assertions="8" errors="0" warnings="0" failures="0" skipped="0" time="0.001131">
        <testcase name="testInitialState" class="App\Tests\Card\GameStateTest" classname="App.Tests.Card.GameStateTest" file="/home/kasper/dbwebb-kurser/mvc/me/report/tests/CardGame/GameStateTest.php" line="12" assertions="5" time="0.000487"/>
        <testcase name="testScoreUpdates" class="App\Tests\Card\GameStateTest" classname="App.Tests.Card.GameStateTest" file="/home/kasper/dbwebb-kurser/mvc/me/report/tests/CardGame/GameStateTest.php" line="23" assertions="2" time="0.000330"/>
        <testcase name="testGameOver" class="App\Tests\Card\GameStateTest" classname="App.Tests.Card.GameStateTest" file="/home/kasper/dbwebb-kurser/mvc/me/report/tests/CardGame/GameStateTest.php" line="33" assertions="1" time="0.000313"/>
      </testsuite>
      <testsuite name="App\Tests\Card\ScoreCalculatorTest" file="/home/kasper/dbwebb-kurser/mvc/me/report/tests/CardGame/ScoreCalculatorTest.php" tests="1" assertions="4" errors="0" warnings="0" failures="0" skipped="0" time="0.000507">
        <testcase name="testCalculateScore" class="App\Tests\Card\ScoreCalculatorTest" classname="App.Tests.Card.ScoreCalculatorTest" file="/home/kasper/dbwebb-kurser/mvc/me/report/tests/CardGame/ScoreCalculatorTest.php" line="12" assertions="4" time="0.000507"/>
      </testsuite>
      <testsuite name="App\Tests\Controller\JsonControllerTest" file="/home/kasper/dbwebb-kurser/mvc/me/report/tests/Controller/JsonControllerTest.php" tests="2" assertions="7" errors="0" warnings="0" failures="0" skipped="0" time="0.694957">
        <testcase name="testJsonLucky" class="App\Tests\Controller\JsonControllerTest" classname="App.Tests.Controller.JsonControllerTest" file="/home/kasper/dbwebb-kurser/mvc/me/report/tests/Controller/JsonControllerTest.php" line="9" assertions="4" time="0.682879"/>
        <testcase name="testJsonQuote" class="App\Tests\Controller\JsonControllerTest" classname="App.Tests.Controller.JsonControllerTest" file="/home/kasper/dbwebb-kurser/mvc/me/report/tests/Controller/JsonControllerTest.php" line="22" assertions="3" time="0.012078"/>
      </testsuite>
      <testsuite name="App\Tests\Controller\JsonDatabaseControllerTest" file="/home/kasper/dbwebb-kurser/mvc/me/report/tests/Controller/JsonDatabaseControllerTest.php" tests="3" assertions="11" errors="0" warnings="0" failures="0" skipped="0" time="0.089131">
        <testcase name="testJsonLibraryBooks" class="App\Tests\Controller\JsonDatabaseControllerTest" classname="App.Tests.Controller.JsonDatabaseControllerTest" file="/home/kasper/dbwebb-kurser/mvc/me/report/tests/Controller/JsonDatabaseControllerTest.php" line="13" assertions="4" time="0.054355"/>
        <testcase name="testJsonLibraryBookByIsbn" class="App\Tests\Controller\JsonDatabaseControllerTest" classname="App.Tests.Controller.JsonDatabaseControllerTest" file="/home/kasper/dbwebb-kurser/mvc/me/report/tests/Controller/JsonDatabaseControllerTest.php" line="38" assertions="4" time="0.015395"/>
        <testcase name="testJsonLibraryBookByIsbnNotFound" class="App\Tests\Controller\JsonDatabaseControllerTest" classname="App.Tests.Controller.JsonDatabaseControllerTest" file="/home/kasper/dbwebb-kurser/mvc/me/report/tests/Controller/JsonDatabaseControllerTest.php" line="64" assertions="3" time="0.019380"/>
      </testsuite>
      <testsuite name="App\Tests\Controller\JsonDeckControllerTest" file="/home/kasper/dbwebb-kurser/mvc/me/report/tests/Controller/JsonDeckControllerTest.php" tests="2" assertions="4" errors="0" warnings="0" failures="0" skipped="0" time="0.043259">
        <testcase name="testJsonDeck" class="App\Tests\Controller\JsonDeckControllerTest" classname="App.Tests.Controller.JsonDeckControllerTest" file="/home/kasper/dbwebb-kurser/mvc/me/report/tests/Controller/JsonDeckControllerTest.php" line="9" assertions="2" time="0.020452"/>
        <testcase name="testJsonShuffle" class="App\Tests\Controller\JsonDeckControllerTest" classname="App.Tests.Controller.JsonDeckControllerTest" file="/home/kasper/dbwebb-kurser/mvc/me/report/tests/Controller/JsonDeckControllerTest.php" line="20" assertions="2" time="0.022807"/>
      </testsuite>
      <testsuite name="App\Tests\Controller\JsonGameControllerTest" file="/home/kasper/dbwebb-kurser/mvc/me/report/tests/Controller/JsonGameControllerTest.php" tests="2" assertions="7" errors="0" warnings="0" failures="0" skipped="0" time="0.118863">
        <testcase name="testJsonGameScoreWithGame" class="App\Tests\Controller\JsonGameControllerTest" classname="App.Tests.Controller.JsonGameControllerTest" file="/home/kasper/dbwebb-kurser/mvc/me/report/tests/Controller/JsonGameControllerTest.php" line="11" assertions="4" time="0.106263"/>
        <testcase name="testJsonGameScoreWithoutGame" class="App\Tests\Controller\JsonGameControllerTest" classname="App.Tests.Controller.JsonGameControllerTest" file="/home/kasper/dbwebb-kurser/mvc/me/report/tests/Controller/JsonGameControllerTest.php" line="26" assertions="3" time="0.012600"/>
      </testsuite>
      <testsuite name="App\Tests\Entity\LibraryTest" file="/home/kasper/dbwebb-kurser/mvc/me/report/tests/Controller/LibraryTest.php" tests="1" assertions="4" errors="0" warnings="0" failures="0" skipped="0" time="0.000596">
        <testcase name="testEntity" class="App\Tests\Entity\LibraryTest" classname="App.Tests.Entity.LibraryTest" file="/home/kasper/dbwebb-kurser/mvc/me/report/tests/Controller/LibraryTest.php" line="10" assertions="4" time="0.000596"/>
      </testsuite>
      <testsuite name="App\Tests\Dice\DiceGraphicTest" file="/home/kasper/dbwebb-kurser/mvc/me/report/tests/Dice/DiceGraphicTest.php" tests="3" assertions="5" errors="0" warnings="0" failures="0" skipped="0" time="0.006189">
        <testcase name="testCreateDiceGraphic" class="App\Tests\Dice\DiceGraphicTest" classname="App.Tests.Dice.DiceGraphicTest" file="/home/kasper/dbwebb-kurser/mvc/me/report/tests/Dice/DiceGraphicTest.php" line="10" assertions="2" time="0.002079"/>
        <testcase name="testGetAsString" class="App\Tests\Dice\DiceGraphicTest" classname="App.Tests.Dice.DiceGraphicTest" file="/home/kasper/dbwebb-kurser/mvc/me/report/tests/Dice/DiceGraphicTest.php" line="17" assertions="2" time="0.002888"/>
        <testcase name="testAllRepresentationsExist" class="App\Tests\Dice\DiceGraphicTest" classname="App.Tests.Dice.DiceGraphicTest" file="/home/kasper/dbwebb-kurser/mvc/me/report/tests/Dice/DiceGraphicTest.php" line="26" assertions="1" time="0.001222"/>
      </testsuite>
      <testsuite name="App\Tests\Dice\DiceHandTest" file="/home/kasper/dbwebb-kurser/mvc/me/report/tests/Dice/DiceHandTest.php" tests="4" assertions="32" errors="0" warnings="0" failures="0" skipped="0" time="0.006872">
        <testcase name="testCreateDiceHand" class="App\Tests\Dice\DiceHandTest" classname="App.Tests.Dice.DiceHandTest" file="/home/kasper/dbwebb-kurser/mvc/me/report/tests/Dice/DiceHandTest.php" line="12" assertions="2" time="0.001965"/>
        <testcase name="testAddAndRollDice" class="App\Tests\Dice\DiceHandTest" classname="App.Tests.Dice.DiceHandTest" file="/home/kasper/dbwebb-kurser/mvc/me/report/tests/Dice/DiceHandTest.php" line="19" assertions="6" time="0.003136"/>
        <testcase name="testGetStringRepresentation" class="App\Tests\Dice\DiceHandTest" classname="App.Tests.Dice.DiceHandTest" file="/home/kasper/dbwebb-kurser/mvc/me/report/tests/Dice/DiceHandTest.php" line="35" assertions="3" time="0.000597"/>
        <testcase name="testMultipleDiceValues" class="App\Tests\Dice\DiceHandTest" classname="App.Tests.Dice.DiceHandTest" file="/home/kasper/dbwebb-kurser/mvc/me/report/tests/Dice/DiceHandTest.php" line="50" assertions="21" time="0.001174"/>
      </testsuite>
      <testsuite name="App\Tests\Dice\DiceTest" file="/home/kasper/dbwebb-kurser/mvc/me/report/tests/Dice/DiceTest.php" tests="4" assertions="11" errors="0" warnings="0" failures="0" skipped="0" time="0.002967">
        <testcase name="testCreateDice" class="App\Tests\Dice\DiceTest" classname="App.Tests.Dice.DiceTest" file="/home/kasper/dbwebb-kurser/mvc/me/report/tests/Dice/DiceTest.php" line="10" assertions="2" time="0.000417"/>
        <testcase name="testRollDice" class="App\Tests\Dice\DiceTest" classname="App.Tests.Dice.DiceTest" file="/home/kasper/dbwebb-kurser/mvc/me/report/tests/Dice/DiceTest.php" line="19" assertions="5" time="0.000635"/>
        <testcase name="testRollChangesValue" class="App\Tests\Dice\DiceTest" classname="App.Tests.Dice.DiceTest" file="/home/kasper/dbwebb-kurser/mvc/me/report/tests/Dice/DiceTest.php" line="31" assertions="1" time="0.000404"/>
        <testcase name="testGetAsStringFormat" class="App\Tests\Dice\DiceTest" classname="App.Tests.Dice.DiceTest" file="/home/kasper/dbwebb-kurser/mvc/me/report/tests/Dice/DiceTest.php" line="44" assertions="3" time="0.001511"/>
      </testsuite>
      <testsuite name="App\Proj\BankStrategyTest" file="/home/kasper/dbwebb-kurser/mvc/me/report/tests/Proj/BankStrategyTest.php" tests="2" assertions="5" errors="0" warnings="0" failures="0" skipped="0" time="0.006303">
        <testcase name="testBankStrategyEdgeCases" class="App\Proj\BankStrategyTest" classname="App.Proj.BankStrategyTest" file="/home/kasper/dbwebb-kurser/mvc/me/report/tests/Proj/BankStrategyTest.php" line="13" assertions="4" time="0.001169"/>
        <testcase name="testPlayTurn" class="App\Proj\BankStrategyTest" classname="App.Proj.BankStrategyTest" file="/home/kasper/dbwebb-kurser/mvc/me/report/tests/Proj/BankStrategyTest.php" line="23" assertions="1" time="0.005134"/>
      </testsuite>
      <testsuite name="App\Proj\GameStateTest" file="/home/kasper/dbwebb-kurser/mvc/me/report/tests/Proj/GameStateTest.php" tests="6" assertions="10" errors="0" warnings="0" failures="0" skipped="0" time="0.004193">
        <testcase name="testInitialState" class="App\Proj\GameStateTest" classname="App.Proj.GameStateTest" file="/home/kasper/dbwebb-kurser/mvc/me/report/tests/Proj/GameStateTest.php" line="14" assertions="2" time="0.000510"/>
        <testcase name="testEndGame" class="App\Proj\GameStateTest" classname="App.Proj.GameStateTest" file="/home/kasper/dbwebb-kurser/mvc/me/report/tests/Proj/GameStateTest.php" line="21" assertions="1" time="0.000851"/>
        <testcase name="testHasBlackjack" class="App\Proj\GameStateTest" classname="App.Proj.GameStateTest" file="/home/kasper/dbwebb-kurser/mvc/me/report/tests/Proj/GameStateTest.php" line="28" assertions="2" time="0.000503"/>
        <testcase name="testEvaluateResults" class="App\Proj\GameStateTest" classname="App.Proj.GameStateTest" file="/home/kasper/dbwebb-kurser/mvc/me/report/tests/Proj/GameStateTest.php" line="41" assertions="3" time="0.001485"/>
        <testcase name="testGetBankScore" class="App\Proj\GameStateTest" classname="App.Proj.GameStateTest" file="/home/kasper/dbwebb-kurser/mvc/me/report/tests/Proj/GameStateTest.php" line="79" assertions="1" time="0.000462"/>
        <testcase name="testSetBankScore" class="App\Proj\GameStateTest" classname="App.Proj.GameStateTest" file="/home/kasper/dbwebb-kurser/mvc/me/report/tests/Proj/GameStateTest.php" line="89" assertions="1" time="0.000382"/>
      </testsuite>
      <testsuite name="App\Proj\PlayerTest" file="/home/kasper/dbwebb-kurser/mvc/me/report/tests/Proj/PlayerTest.php" tests="4" assertions="12" errors="0" warnings="0" failures="0" skipped="0" time="0.001549">
        <testcase name="testPlayerCreation" class="App\Proj\PlayerTest" classname="App.Proj.PlayerTest" file="/home/kasper/dbwebb-kurser/mvc/me/report/tests/Proj/PlayerTest.php" line="9" assertions="2" time="0.000400"/>
        <testcase name="testPlaceBet" class="App\Proj\PlayerTest" classname="App.Proj.PlayerTest" file="/home/kasper/dbwebb-kurser/mvc/me/report/tests/Proj/PlayerTest.php" line="16" assertions="4" time="0.000421"/>
        <testcase name="testWinLosePush" class="App\Proj\PlayerTest" classname="App.Proj.PlayerTest" file="/home/kasper/dbwebb-kurser/mvc/me/report/tests/Proj/PlayerTest.php" line="26" assertions="3" time="0.000380"/>
        <testcase name="testUpdateBet" class="App\Proj\PlayerTest" classname="App.Proj.PlayerTest" file="/home/kasper/dbwebb-kurser/mvc/me/report/tests/Proj/PlayerTest.php" line="43" assertions="3" time="0.000349"/>
      </testsuite>
      <testsuite name="App\Proj\ProjDeckTest" file="/home/kasper/dbwebb-kurser/mvc/me/report/tests/Proj/ProjDeckTest.php" tests="5" assertions="12" errors="0" warnings="0" failures="0" skipped="0" time="0.010302">
        <testcase name="testCreateDeck" class="App\Proj\ProjDeckTest" classname="App.Proj.ProjDeckTest" file="/home/kasper/dbwebb-kurser/mvc/me/report/tests/Proj/ProjDeckTest.php" line="9" assertions="2" time="0.000639"/>
        <testcase name="testShuffle" class="App\Proj\ProjDeckTest" classname="App.Proj.ProjDeckTest" file="/home/kasper/dbwebb-kurser/mvc/me/report/tests/Proj/ProjDeckTest.php" line="16" assertions="2" time="0.005523"/>
        <testcase name="testDrawCard" class="App\Proj\ProjDeckTest" classname="App.Proj.ProjDeckTest" file="/home/kasper/dbwebb-kurser/mvc/me/report/tests/Proj/ProjDeckTest.php" line="27" assertions="2" time="0.000483"/>
        <testcase name="testGetSortedCards" class="App\Proj\ProjDeckTest" classname="App.Proj.ProjDeckTest" file="/home/kasper/dbwebb-kurser/mvc/me/report/tests/Proj/ProjDeckTest.php" line="37" assertions="5" time="0.003161"/>
        <testcase name="testGetString" class="App\Proj\ProjDeckTest" classname="App.Proj.ProjDeckTest" file="/home/kasper/dbwebb-kurser/mvc/me/report/tests/Proj/ProjDeckTest.php" line="50" assertions="1" time="0.000495"/>
      </testsuite>
      <testsuite name="App\Proj\ProjGameControllerTest" file="/home/kasper/dbwebb-kurser/mvc/me/report/tests/Proj/ProjGameControllerTest.php" tests="7" assertions="13" errors="0" warnings="0" failures="0" skipped="0" time="0.209602">
        <testcase name="testGameRedirectsWhenNoSession" class="App\Proj\ProjGameControllerTest" classname="App.Proj.ProjGameControllerTest" file="/home/kasper/dbwebb-kurser/mvc/me/report/tests/Proj/ProjGameControllerTest.php" line="9" assertions="2" time="0.015662"/>
        <testcase name="testGameRendersTemplateWithGameData" class="App\Proj\ProjGameControllerTest" classname="App.Proj.ProjGameControllerTest" file="/home/kasper/dbwebb-kurser/mvc/me/report/tests/Proj/ProjGameControllerTest.php" line="17" assertions="1" time="0.045862"/>
        <testcase name="testInitGameWithNewPlayer" class="App\Proj\ProjGameControllerTest" classname="App.Proj.ProjGameControllerTest" file="/home/kasper/dbwebb-kurser/mvc/me/report/tests/Proj/ProjGameControllerTest.php" line="32" assertions="2" time="0.013377"/>
        <testcase name="testDrawCard" class="App\Proj\ProjGameControllerTest" classname="App.Proj.ProjGameControllerTest" file="/home/kasper/dbwebb-kurser/mvc/me/report/tests/Proj/ProjGameControllerTest.php" line="46" assertions="2" time="0.031862"/>
        <testcase name="testStand" class="App\Proj\ProjGameControllerTest" classname="App.Proj.ProjGameControllerTest" file="/home/kasper/dbwebb-kurser/mvc/me/report/tests/Proj/ProjGameControllerTest.php" line="61" assertions="2" time="0.025828"/>
        <testcase name="testNewRound" class="App\Proj\ProjGameControllerTest" classname="App.Proj.ProjGameControllerTest" file="/home/kasper/dbwebb-kurser/mvc/me/report/tests/Proj/ProjGameControllerTest.php" line="76" assertions="2" time="0.038387"/>
        <testcase name="testNewRoundWithInvalidBet" class="App\Proj\ProjGameControllerTest" classname="App.Proj.ProjGameControllerTest" file="/home/kasper/dbwebb-kurser/mvc/me/report/tests/Proj/ProjGameControllerTest.php" line="97" assertions="2" time="0.038625"/>
      </testsuite>
      <testsuite name="App\Proj\ProjGameTest" file="/home/kasper/dbwebb-kurser/mvc/me/report/tests/Proj/ProjGameTest.php" tests="10" assertions="13" errors="0" warnings="0" failures="0" skipped="0" time="0.005604">
        <testcase name="testGameInitialization" class="App\Proj\ProjGameTest" classname="App.Proj.ProjGameTest" file="/home/kasper/dbwebb-kurser/mvc/me/report/tests/Proj/ProjGameTest.php" line="20" assertions="2" time="0.000578"/>
        <testcase name="testPlayerDraw" class="App\Proj\ProjGameTest" classname="App.Proj.ProjGameTest" file="/home/kasper/dbwebb-kurser/mvc/me/report/tests/Proj/ProjGameTest.php" line="26" assertions="1" time="0.000526"/>
        <testcase name="testPlayerDrawGameOver" class="App\Proj\ProjGameTest" classname="App.Proj.ProjGameTest" file="/home/kasper/dbwebb-kurser/mvc/me/report/tests/Proj/ProjGameTest.php" line="32" assertions="1" time="0.000793"/>
        <testcase name="testPlayerStop" class="App\Proj\ProjGameTest" classname="App.Proj.ProjGameTest" file="/home/kasper/dbwebb-kurser/mvc/me/report/tests/Proj/ProjGameTest.php" line="40" assertions="1" time="0.000669"/>
        <testcase name="testAddHand" class="App\Proj\ProjGameTest" classname="App.Proj.ProjGameTest" file="/home/kasper/dbwebb-kurser/mvc/me/report/tests/Proj/ProjGameTest.php" line="46" assertions="2" time="0.000507"/>
        <testcase name="testGetCurrentHandIndex" class="App\Proj\ProjGameTest" classname="App.Proj.ProjGameTest" file="/home/kasper/dbwebb-kurser/mvc/me/report/tests/Proj/ProjGameTest.php" line="52" assertions="2" time="0.000457"/>
        <testcase name="testGetHandScore" class="App\Proj\ProjGameTest" classname="App.Proj.ProjGameTest" file="/home/kasper/dbwebb-kurser/mvc/me/report/tests/Proj/ProjGameTest.php" line="59" assertions="1" time="0.000534"/>
        <testcase name="testGetDeck" class="App\Proj\ProjGameTest" classname="App.Proj.ProjGameTest" file="/home/kasper/dbwebb-kurser/mvc/me/report/tests/Proj/ProjGameTest.php" line="67" assertions="1" time="0.000466"/>
        <testcase name="testGetBankHand" class="App\Proj\ProjGameTest" classname="App.Proj.ProjGameTest" file="/home/kasper/dbwebb-kurser/mvc/me/report/tests/Proj/ProjGameTest.php" line="72" assertions="1" time="0.000594"/>
        <testcase name="testGetBankScore" class="App\Proj\ProjGameTest" classname="App.Proj.ProjGameTest" file="/home/kasper/dbwebb-kurser/mvc/me/report/tests/Proj/ProjGameTest.php" line="77" assertions="1" time="0.000480"/>
      </testsuite>
      <testsuite name="App\Proj\ProjGameWinnerTest" file="/home/kasper/dbwebb-kurser/mvc/me/report/tests/Proj/ProjGameWinnerTest.php" tests="5" assertions="5" errors="0" warnings="0" failures="0" skipped="0" time="0.003533">
        <testcase name="testPlayerWinsWithHigherScore" class="App\Proj\ProjGameWinnerTest" classname="App.Proj.ProjGameWinnerTest" file="/home/kasper/dbwebb-kurser/mvc/me/report/tests/Proj/ProjGameWinnerTest.php" line="9" assertions="1" time="0.000602"/>
        <testcase name="testBankWinsWithHigherScore" class="App\Proj\ProjGameWinnerTest" classname="App.Proj.ProjGameWinnerTest" file="/home/kasper/dbwebb-kurser/mvc/me/report/tests/Proj/ProjGameWinnerTest.php" line="23" assertions="1" time="0.000642"/>
        <testcase name="testPushWhenScoresEqual" class="App\Proj\ProjGameWinnerTest" classname="App.Proj.ProjGameWinnerTest" file="/home/kasper/dbwebb-kurser/mvc/me/report/tests/Proj/ProjGameWinnerTest.php" line="37" assertions="1" time="0.000864"/>
        <testcase name="testPlayerWinsWithBlackjack" class="App\Proj\ProjGameWinnerTest" classname="App.Proj.ProjGameWinnerTest" file="/home/kasper/dbwebb-kurser/mvc/me/report/tests/Proj/ProjGameWinnerTest.php" line="51" assertions="1" time="0.000822"/>
        <testcase name="testPlayerWinsWhenBankBusts" class="App\Proj\ProjGameWinnerTest" classname="App.Proj.ProjGameWinnerTest" file="/home/kasper/dbwebb-kurser/mvc/me/report/tests/Proj/ProjGameWinnerTest.php" line="65" assertions="1" time="0.000604"/>
      </testsuite>
      <testsuite name="App\Proj\ProjGraphicTest" file="/home/kasper/dbwebb-kurser/mvc/me/report/tests/Proj/ProjGraphicTest.php" tests="4" assertions="57" errors="0" warnings="0" failures="0" skipped="0" time="0.002003">
        <testcase name="testCardGraphicCreation" class="App\Proj\ProjGraphicTest" classname="App.Proj.ProjGraphicTest" file="/home/kasper/dbwebb-kurser/mvc/me/report/tests/Proj/ProjGraphicTest.php" line="9" assertions="2" time="0.000343"/>
        <testcase name="testGetAsString" class="App\Proj\ProjGraphicTest" classname="App.Proj.ProjGraphicTest" file="/home/kasper/dbwebb-kurser/mvc/me/report/tests/Proj/ProjGraphicTest.php" line="16" assertions="1" time="0.000340"/>
        <testcase name="testGetColor" class="App\Proj\ProjGraphicTest" classname="App.Proj.ProjGraphicTest" file="/home/kasper/dbwebb-kurser/mvc/me/report/tests/Proj/ProjGraphicTest.php" line="22" assertions="2" time="0.000324"/>
        <testcase name="testAllSymbols" class="App\Proj\ProjGraphicTest" classname="App.Proj.ProjGraphicTest" file="/home/kasper/dbwebb-kurser/mvc/me/report/tests/Proj/ProjGraphicTest.php" line="31" assertions="52" time="0.000996"/>
      </testsuite>
      <testsuite name="App\Proj\ProjHandManagerTest" file="/home/kasper/dbwebb-kurser/mvc/me/report/tests/Proj/ProjHandManagerTest.php" tests="3" assertions="10" errors="0" warnings="0" failures="0" skipped="0" time="0.001073">
        <testcase name="testInitialState" class="App\Proj\ProjHandManagerTest" classname="App.Proj.ProjHandManagerTest" file="/home/kasper/dbwebb-kurser/mvc/me/report/tests/Proj/ProjHandManagerTest.php" line="9" assertions="2" time="0.000399"/>
        <testcase name="testAddHand" class="App\Proj\ProjHandManagerTest" classname="App.Proj.ProjHandManagerTest" file="/home/kasper/dbwebb-kurser/mvc/me/report/tests/Proj/ProjHandManagerTest.php" line="16" assertions="5" time="0.000340"/>
        <testcase name="testNextHand" class="App\Proj\ProjHandManagerTest" classname="App.Proj.ProjHandManagerTest" file="/home/kasper/dbwebb-kurser/mvc/me/report/tests/Proj/ProjHandManagerTest.php" line="28" assertions="3" time="0.000334"/>
      </testsuite>
      <testsuite name="App\Proj\ProjHandTest" file="/home/kasper/dbwebb-kurser/mvc/me/report/tests/Proj/ProjHandTest.php" tests="5" assertions="7" errors="0" warnings="0" failures="0" skipped="0" time="0.001577">
        <testcase name="testCreateEmptyHand" class="App\Proj\ProjHandTest" classname="App.Proj.ProjHandTest" file="/home/kasper/dbwebb-kurser/mvc/me/report/tests/Proj/ProjHandTest.php" line="10" assertions="2" time="0.000317"/>
        <testcase name="testAddCard" class="App\Proj\ProjHandTest" classname="App.Proj.ProjHandTest" file="/home/kasper/dbwebb-kurser/mvc/me/report/tests/Proj/ProjHandTest.php" line="17" assertions="2" time="0.000324"/>
        <testcase name="testGetNumberCards" class="App\Proj\ProjHandTest" classname="App.Proj.ProjHandTest" file="/home/kasper/dbwebb-kurser/mvc/me/report/tests/Proj/ProjHandTest.php" line="27" assertions="1" time="0.000304"/>
        <testcase name="testGetValues" class="App\Proj\ProjHandTest" classname="App.Proj.ProjHandTest" file="/home/kasper/dbwebb-kurser/mvc/me/report/tests/Proj/ProjHandTest.php" line="36" assertions="1" time="0.000313"/>
        <testcase name="testGetString" class="App\Proj\ProjHandTest" classname="App.Proj.ProjHandTest" file="/home/kasper/dbwebb-kurser/mvc/me/report/tests/Proj/ProjHandTest.php" line="46" assertions="1" time="0.000319"/>
      </testsuite>
      <testsuite name="App\Proj\ProjHomeControllerTest" file="/home/kasper/dbwebb-kurser/mvc/me/report/tests/Proj/ProjHomeControllerTest.php" tests="2" assertions="2" errors="0" warnings="0" failures="0" skipped="0" time="0.055796">
        <testcase name="testHomePage" class="App\Proj\ProjHomeControllerTest" classname="App.Proj.ProjHomeControllerTest" file="/home/kasper/dbwebb-kurser/mvc/me/report/tests/Proj/ProjHomeControllerTest.php" line="9" assertions="1" time="0.031198"/>
        <testcase name="testAboutPage" class="App\Proj\ProjHomeControllerTest" classname="App.Proj.ProjHomeControllerTest" file="/home/kasper/dbwebb-kurser/mvc/me/report/tests/Proj/ProjHomeControllerTest.php" line="18" assertions="1" time="0.024598"/>
      </testsuite>
      <testsuite name="App\Proj\ProjPlayerControllerTest" file="/home/kasper/dbwebb-kurser/mvc/me/report/tests/Proj/ProjPlayerControllerTest.php" tests="3" assertions="5" errors="0" warnings="0" failures="0" skipped="0" time="0.067779">
        <testcase name="testConfigRedirectsWhenNoPlayer" class="App\Proj\ProjPlayerControllerTest" classname="App.Proj.ProjPlayerControllerTest" file="/home/kasper/dbwebb-kurser/mvc/me/report/tests/Proj/ProjPlayerControllerTest.php" line="9" assertions="2" time="0.015184"/>
        <testcase name="testConfigWithPlayer" class="App\Proj\ProjPlayerControllerTest" classname="App.Proj.ProjPlayerControllerTest" file="/home/kasper/dbwebb-kurser/mvc/me/report/tests/Proj/ProjPlayerControllerTest.php" line="18" assertions="1" time="0.030106"/>
        <testcase name="testUpdateConfig" class="App\Proj\ProjPlayerControllerTest" classname="App.Proj.ProjPlayerControllerTest" file="/home/kasper/dbwebb-kurser/mvc/me/report/tests/Proj/ProjPlayerControllerTest.php" line="33" assertions="2" time="0.022488"/>
      </testsuite>
      <testsuite name="App\Proj\ProjPlayerDrawTest" file="/home/kasper/dbwebb-kurser/mvc/me/report/tests/Proj/ProjPlayerDrawTest.php" tests="2" assertions="3" errors="0" warnings="0" failures="0" skipped="0" time="0.001877">
        <testcase name="testPlayerDrawBasic" class="App\Proj\ProjPlayerDrawTest" classname="App.Proj.ProjPlayerDrawTest" file="/home/kasper/dbwebb-kurser/mvc/me/report/tests/Proj/ProjPlayerDrawTest.php" line="9" assertions="2" time="0.000785"/>
        <testcase name="testPlayerDrawBust" class="App\Proj\ProjPlayerDrawTest" classname="App.Proj.ProjPlayerDrawTest" file="/home/kasper/dbwebb-kurser/mvc/me/report/tests/Proj/ProjPlayerDrawTest.php" line="24" assertions="1" time="0.001092"/>
      </testsuite>
      <testsuite name="App\Proj\ProjResetControllerTest" file="/home/kasper/dbwebb-kurser/mvc/me/report/tests/Proj/ProjResetControllerTest.php" tests="2" assertions="8" errors="0" warnings="0" failures="0" skipped="0" time="0.066504">
        <testcase name="testReset" class="App\Proj\ProjResetControllerTest" classname="App.Proj.ProjResetControllerTest" file="/home/kasper/dbwebb-kurser/mvc/me/report/tests/Proj/ProjResetControllerTest.php" line="9" assertions="4" time="0.034664"/>
        <testcase name="testFullReset" class="App\Proj\ProjResetControllerTest" classname="App.Proj.ProjResetControllerTest" file="/home/kasper/dbwebb-kurser/mvc/me/report/tests/Proj/ProjResetControllerTest.php" line="27" assertions="4" time="0.031840"/>
      </testsuite>
      <testsuite name="App\Proj\ProjTest" file="/home/kasper/dbwebb-kurser/mvc/me/report/tests/Proj/ProjTest.php" tests="5" assertions="6" errors="0" warnings="0" failures="0" skipped="0" time="0.001876">
        <testcase name="testProjCreation" class="App\Proj\ProjTest" classname="App.Proj.ProjTest" file="/home/kasper/dbwebb-kurser/mvc/me/report/tests/Proj/ProjTest.php" line="9" assertions="1" time="0.000398"/>
        <testcase name="testGetSuit" class="App\Proj\ProjTest" classname="App.Proj.ProjTest" file="/home/kasper/dbwebb-kurser/mvc/me/report/tests/Proj/ProjTest.php" line="15" assertions="1" time="0.000403"/>
        <testcase name="testGetValue" class="App\Proj\ProjTest" classname="App.Proj.ProjTest" file="/home/kasper/dbwebb-kurser/mvc/me/report/tests/Proj/ProjTest.php" line="21" assertions="1" time="0.000314"/>
        <testcase name="testGetAsString" class="App\Proj\ProjTest" classname="App.Proj.ProjTest" file="/home/kasper/dbwebb-kurser/mvc/me/report/tests/Proj/ProjTest.php" line="27" assertions="1" time="0.000417"/>
        <testcase name="testMatches" class="App\Proj\ProjTest" classname="App.Proj.ProjTest" file="/home/kasper/dbwebb-kurser/mvc/me/report/tests/Proj/ProjTest.php" line="33" assertions="2" time="0.000343"/>
      </testsuite>
      <testsuite name="App\Proj\ScoreCalculatorTest" file="/home/kasper/dbwebb-kurser/mvc/me/report/tests/Proj/ScoreCalculatorTest.php" tests="1" assertions="3" errors="0" warnings="0" failures="0" skipped="0" time="0.000382">
        <testcase name="testCalculateScore" class="App\Proj\ScoreCalculatorTest" classname="App.Proj.ScoreCalculatorTest" file="/home/kasper/dbwebb-kurser/mvc/me/report/tests/Proj/ScoreCalculatorTest.php" line="9" assertions="3" time="0.000382"/>
      </testsuite>
    </testsuite>
  </testsuite>
</testsuites>
