<?xml version="1.0" encoding="UTF-8"?>
<testsuites>
  <testsuite name="" tests="126" assertions="427" errors="0" warnings="0" failures="0" skipped="0" time="1.517677">
    <testsuite name="Project Test Suite" tests="126" assertions="427" errors="0" warnings="0" failures="0" skipped="0" time="1.517677">
      <testsuite name="App\Card\CardGraphicTest" file="/home/kasper/dbwebb-kurser/mvc/me/report/tests/Card/CardGraphicTest.php" tests="4" assertions="57" errors="0" warnings="0" failures="0" skipped="0" time="0.022270">
        <testcase name="testCardGraphicCreation" class="App\Card\CardGraphicTest" classname="App.Card.CardGraphicTest" file="/home/kasper/dbwebb-kurser/mvc/me/report/tests/Card/CardGraphicTest.php" line="12" assertions="2" time="0.015406"/>
        <testcase name="testGetAsString" class="App\Card\CardGraphicTest" classname="App.Card.CardGraphicTest" file="/home/kasper/dbwebb-kurser/mvc/me/report/tests/Card/CardGraphicTest.php" line="19" assertions="1" time="0.001438"/>
        <testcase name="testGetColor" class="App\Card\CardGraphicTest" classname="App.Card.CardGraphicTest" file="/home/kasper/dbwebb-kurser/mvc/me/report/tests/Card/CardGraphicTest.php" line="25" assertions="2" time="0.000833"/>
        <testcase name="testAllSymbols" class="App\Card\CardGraphicTest" classname="App.Card.CardGraphicTest" file="/home/kasper/dbwebb-kurser/mvc/me/report/tests/Card/CardGraphicTest.php" line="34" assertions="52" time="0.004593"/>
      </testsuite>
      <testsuite name="App\Card\CardHandTest" file="/home/kasper/dbwebb-kurser/mvc/me/report/tests/Card/CardHandTest.php" tests="5" assertions="7" errors="0" warnings="0" failures="0" skipped="0" time="0.004503">
        <testcase name="testCreateEmptyHand" class="App\Card\CardHandTest" classname="App.Card.CardHandTest" file="/home/kasper/dbwebb-kurser/mvc/me/report/tests/Card/CardHandTest.php" line="12" assertions="2" time="0.001875"/>
        <testcase name="testAddCard" class="App\Card\CardHandTest" classname="App.Card.CardHandTest" file="/home/kasper/dbwebb-kurser/mvc/me/report/tests/Card/CardHandTest.php" line="19" assertions="2" time="0.000727"/>
        <testcase name="testGetNumberCards" class="App\Card\CardHandTest" classname="App.Card.CardHandTest" file="/home/kasper/dbwebb-kurser/mvc/me/report/tests/Card/CardHandTest.php" line="29" assertions="1" time="0.000649"/>
        <testcase name="testGetValues" class="App\Card\CardHandTest" classname="App.Card.CardHandTest" file="/home/kasper/dbwebb-kurser/mvc/me/report/tests/Card/CardHandTest.php" line="38" assertions="1" time="0.000632"/>
        <testcase name="testGetString" class="App\Card\CardHandTest" classname="App.Card.CardHandTest" file="/home/kasper/dbwebb-kurser/mvc/me/report/tests/Card/CardHandTest.php" line="48" assertions="1" time="0.000620"/>
      </testsuite>
      <testsuite name="App\Card\CardTest" file="/home/kasper/dbwebb-kurser/mvc/me/report/tests/Card/CardTest.php" tests="4" assertions="4" errors="0" warnings="0" failures="0" skipped="0" time="0.002512">
        <testcase name="testCardCreation" class="App\Card\CardTest" classname="App.Card.CardTest" file="/home/kasper/dbwebb-kurser/mvc/me/report/tests/Card/CardTest.php" line="12" assertions="1" time="0.000768"/>
        <testcase name="testGetSuit" class="App\Card\CardTest" classname="App.Card.CardTest" file="/home/kasper/dbwebb-kurser/mvc/me/report/tests/Card/CardTest.php" line="18" assertions="1" time="0.000586"/>
        <testcase name="testGetValue" class="App\Card\CardTest" classname="App.Card.CardTest" file="/home/kasper/dbwebb-kurser/mvc/me/report/tests/Card/CardTest.php" line="24" assertions="1" time="0.000587"/>
        <testcase name="testGetAsString" class="App\Card\CardTest" classname="App.Card.CardTest" file="/home/kasper/dbwebb-kurser/mvc/me/report/tests/Card/CardTest.php" line="30" assertions="1" time="0.000571"/>
      </testsuite>
      <testsuite name="App\Card\DeckOfCardsTest" file="/home/kasper/dbwebb-kurser/mvc/me/report/tests/Card/DeckOfCardsTest.php" tests="5" assertions="12" errors="0" warnings="0" failures="0" skipped="0" time="0.017493">
        <testcase name="testCreateDeck" class="App\Card\DeckOfCardsTest" classname="App.Card.DeckOfCardsTest" file="/home/kasper/dbwebb-kurser/mvc/me/report/tests/Card/DeckOfCardsTest.php" line="13" assertions="2" time="0.001747"/>
        <testcase name="testShuffle" class="App\Card\DeckOfCardsTest" classname="App.Card.DeckOfCardsTest" file="/home/kasper/dbwebb-kurser/mvc/me/report/tests/Card/DeckOfCardsTest.php" line="20" assertions="2" time="0.007379"/>
        <testcase name="testDrawCard" class="App\Card\DeckOfCardsTest" classname="App.Card.DeckOfCardsTest" file="/home/kasper/dbwebb-kurser/mvc/me/report/tests/Card/DeckOfCardsTest.php" line="31" assertions="2" time="0.000957"/>
        <testcase name="testGetSortedCards" class="App\Card\DeckOfCardsTest" classname="App.Card.DeckOfCardsTest" file="/home/kasper/dbwebb-kurser/mvc/me/report/tests/Card/DeckOfCardsTest.php" line="41" assertions="5" time="0.006709"/>
        <testcase name="testGetString" class="App\Card\DeckOfCardsTest" classname="App.Card.DeckOfCardsTest" file="/home/kasper/dbwebb-kurser/mvc/me/report/tests/Card/DeckOfCardsTest.php" line="56" assertions="1" time="0.000701"/>
      </testsuite>
      <testsuite name="App\Tests\Card\BankStrategyTest" file="/home/kasper/dbwebb-kurser/mvc/me/report/tests/CardGame/BankStrategyTest.php" tests="1" assertions="4" errors="0" warnings="0" failures="0" skipped="0" time="0.002030">
        <testcase name="testBankStrategyEdgeCases" class="App\Tests\Card\BankStrategyTest" classname="App.Tests.Card.BankStrategyTest" file="/home/kasper/dbwebb-kurser/mvc/me/report/tests/CardGame/BankStrategyTest.php" line="10" assertions="4" time="0.002030"/>
      </testsuite>
      <testsuite name="App\Card\CardGameTest" file="/home/kasper/dbwebb-kurser/mvc/me/report/tests/CardGame/CardGameTest.php" tests="10" assertions="32" errors="0" warnings="0" failures="0" skipped="0" time="0.050334">
        <testcase name="testCreateCardGame" class="App\Card\CardGameTest" classname="App.Card.CardGameTest" file="/home/kasper/dbwebb-kurser/mvc/me/report/tests/CardGame/CardGameTest.php" line="12" assertions="4" time="0.022337"/>
        <testcase name="testPlayerDraw" class="App\Card\CardGameTest" classname="App.Card.CardGameTest" file="/home/kasper/dbwebb-kurser/mvc/me/report/tests/CardGame/CardGameTest.php" line="23" assertions="5" time="0.012857"/>
        <testcase name="testPlayerBust" class="App\Card\CardGameTest" classname="App.Card.CardGameTest" file="/home/kasper/dbwebb-kurser/mvc/me/report/tests/CardGame/CardGameTest.php" line="44" assertions="2" time="0.001132"/>
        <testcase name="testPlayerStopTriggersBankPlay" class="App\Card\CardGameTest" classname="App.Card.CardGameTest" file="/home/kasper/dbwebb-kurser/mvc/me/report/tests/CardGame/CardGameTest.php" line="64" assertions="2" time="0.001492"/>
        <testcase name="testScoreCalculationThroughGameplay" class="App\Card\CardGameTest" classname="App.Card.CardGameTest" file="/home/kasper/dbwebb-kurser/mvc/me/report/tests/CardGame/CardGameTest.php" line="85" assertions="5" time="0.002927"/>
        <testcase name="testGetBankHand" class="App\Card\CardGameTest" classname="App.Card.CardGameTest" file="/home/kasper/dbwebb-kurser/mvc/me/report/tests/CardGame/CardGameTest.php" line="152" assertions="2" time="0.002101"/>
        <testcase name="testAllWinnerScenarios" class="App\Card\CardGameTest" classname="App.Card.CardGameTest" file="/home/kasper/dbwebb-kurser/mvc/me/report/tests/CardGame/CardGameTest.php" line="167" assertions="6" time="0.003392"/>
        <testcase name="testGameInitializesWithEmptyHands" class="App\Card\CardGameTest" classname="App.Card.CardGameTest" file="/home/kasper/dbwebb-kurser/mvc/me/report/tests/CardGame/CardGameTest.php" line="246" assertions="2" time="0.001193"/>
        <testcase name="testBankStopsAt17" class="App\Card\CardGameTest" classname="App.Card.CardGameTest" file="/home/kasper/dbwebb-kurser/mvc/me/report/tests/CardGame/CardGameTest.php" line="255" assertions="2" time="0.001733"/>
        <testcase name="testBankStopsWhenPlayerBusted" class="App\Card\CardGameTest" classname="App.Card.CardGameTest" file="/home/kasper/dbwebb-kurser/mvc/me/report/tests/CardGame/CardGameTest.php" line="278" assertions="2" time="0.001172"/>
      </testsuite>
      <testsuite name="App\Tests\Card\GameStateTest" file="/home/kasper/dbwebb-kurser/mvc/me/report/tests/CardGame/GameStateTest.php" tests="3" assertions="8" errors="0" warnings="0" failures="0" skipped="0" time="0.001853">
        <testcase name="testInitialState" class="App\Tests\Card\GameStateTest" classname="App.Tests.Card.GameStateTest" file="/home/kasper/dbwebb-kurser/mvc/me/report/tests/CardGame/GameStateTest.php" line="12" assertions="5" time="0.000606"/>
        <testcase name="testScoreUpdates" class="App\Tests\Card\GameStateTest" classname="App.Tests.Card.GameStateTest" file="/home/kasper/dbwebb-kurser/mvc/me/report/tests/CardGame/GameStateTest.php" line="23" assertions="2" time="0.000638"/>
        <testcase name="testGameOver" class="App\Tests\Card\GameStateTest" classname="App.Tests.Card.GameStateTest" file="/home/kasper/dbwebb-kurser/mvc/me/report/tests/CardGame/GameStateTest.php" line="33" assertions="1" time="0.000609"/>
      </testsuite>
      <testsuite name="App\Tests\Card\ScoreCalculatorTest" file="/home/kasper/dbwebb-kurser/mvc/me/report/tests/CardGame/ScoreCalculatorTest.php" tests="1" assertions="4" errors="0" warnings="0" failures="0" skipped="0" time="0.000829">
        <testcase name="testCalculateScore" class="App\Tests\Card\ScoreCalculatorTest" classname="App.Tests.Card.ScoreCalculatorTest" file="/home/kasper/dbwebb-kurser/mvc/me/report/tests/CardGame/ScoreCalculatorTest.php" line="12" assertions="4" time="0.000829"/>
      </testsuite>
      <testsuite name="App\Tests\Controller\JsonControllerTest" file="/home/kasper/dbwebb-kurser/mvc/me/report/tests/Controller/JsonControllerTest.php" tests="2" assertions="7" errors="0" warnings="0" failures="0" skipped="0" time="0.425383">
        <testcase name="testJsonLucky" class="App\Tests\Controller\JsonControllerTest" classname="App.Tests.Controller.JsonControllerTest" file="/home/kasper/dbwebb-kurser/mvc/me/report/tests/Controller/JsonControllerTest.php" line="9" assertions="4" time="0.408342"/>
        <testcase name="testJsonQuote" class="App\Tests\Controller\JsonControllerTest" classname="App.Tests.Controller.JsonControllerTest" file="/home/kasper/dbwebb-kurser/mvc/me/report/tests/Controller/JsonControllerTest.php" line="22" assertions="3" time="0.017041"/>
      </testsuite>
      <testsuite name="App\Tests\Controller\JsonDatabaseControllerTest" file="/home/kasper/dbwebb-kurser/mvc/me/report/tests/Controller/JsonDatabaseControllerTest.php" tests="3" assertions="11" errors="0" warnings="0" failures="0" skipped="0" time="0.079878">
        <testcase name="testJsonLibraryBooks" class="App\Tests\Controller\JsonDatabaseControllerTest" classname="App.Tests.Controller.JsonDatabaseControllerTest" file="/home/kasper/dbwebb-kurser/mvc/me/report/tests/Controller/JsonDatabaseControllerTest.php" line="13" assertions="4" time="0.037666"/>
        <testcase name="testJsonLibraryBookByIsbn" class="App\Tests\Controller\JsonDatabaseControllerTest" classname="App.Tests.Controller.JsonDatabaseControllerTest" file="/home/kasper/dbwebb-kurser/mvc/me/report/tests/Controller/JsonDatabaseControllerTest.php" line="38" assertions="4" time="0.021495"/>
        <testcase name="testJsonLibraryBookByIsbnNotFound" class="App\Tests\Controller\JsonDatabaseControllerTest" classname="App.Tests.Controller.JsonDatabaseControllerTest" file="/home/kasper/dbwebb-kurser/mvc/me/report/tests/Controller/JsonDatabaseControllerTest.php" line="64" assertions="3" time="0.020717"/>
      </testsuite>
      <testsuite name="App\Tests\Controller\JsonDeckControllerTest" file="/home/kasper/dbwebb-kurser/mvc/me/report/tests/Controller/JsonDeckControllerTest.php" tests="2" assertions="4" errors="0" warnings="0" failures="0" skipped="0" time="0.046548">
        <testcase name="testJsonDeck" class="App\Tests\Controller\JsonDeckControllerTest" classname="App.Tests.Controller.JsonDeckControllerTest" file="/home/kasper/dbwebb-kurser/mvc/me/report/tests/Controller/JsonDeckControllerTest.php" line="9" assertions="2" time="0.022490"/>
        <testcase name="testJsonShuffle" class="App\Tests\Controller\JsonDeckControllerTest" classname="App.Tests.Controller.JsonDeckControllerTest" file="/home/kasper/dbwebb-kurser/mvc/me/report/tests/Controller/JsonDeckControllerTest.php" line="20" assertions="2" time="0.024058"/>
      </testsuite>
      <testsuite name="App\Tests\Controller\JsonGameControllerTest" file="/home/kasper/dbwebb-kurser/mvc/me/report/tests/Controller/JsonGameControllerTest.php" tests="2" assertions="7" errors="0" warnings="0" failures="0" skipped="0" time="0.124915">
        <testcase name="testJsonGameScoreWithGame" class="App\Tests\Controller\JsonGameControllerTest" classname="App.Tests.Controller.JsonGameControllerTest" file="/home/kasper/dbwebb-kurser/mvc/me/report/tests/Controller/JsonGameControllerTest.php" line="11" assertions="4" time="0.104818"/>
        <testcase name="testJsonGameScoreWithoutGame" class="App\Tests\Controller\JsonGameControllerTest" classname="App.Tests.Controller.JsonGameControllerTest" file="/home/kasper/dbwebb-kurser/mvc/me/report/tests/Controller/JsonGameControllerTest.php" line="26" assertions="3" time="0.020097"/>
      </testsuite>
      <testsuite name="App\Tests\Entity\LibraryTest" file="/home/kasper/dbwebb-kurser/mvc/me/report/tests/Controller/LibraryTest.php" tests="1" assertions="4" errors="0" warnings="0" failures="0" skipped="0" time="0.000754">
        <testcase name="testEntity" class="App\Tests\Entity\LibraryTest" classname="App.Tests.Entity.LibraryTest" file="/home/kasper/dbwebb-kurser/mvc/me/report/tests/Controller/LibraryTest.php" line="10" assertions="4" time="0.000754"/>
      </testsuite>
      <testsuite name="App\Tests\Dice\DiceGraphicTest" file="/home/kasper/dbwebb-kurser/mvc/me/report/tests/Dice/DiceGraphicTest.php" tests="3" assertions="5" errors="0" warnings="0" failures="0" skipped="0" time="0.006214">
        <testcase name="testCreateDiceGraphic" class="App\Tests\Dice\DiceGraphicTest" classname="App.Tests.Dice.DiceGraphicTest" file="/home/kasper/dbwebb-kurser/mvc/me/report/tests/Dice/DiceGraphicTest.php" line="10" assertions="2" time="0.001687"/>
        <testcase name="testGetAsString" class="App\Tests\Dice\DiceGraphicTest" classname="App.Tests.Dice.DiceGraphicTest" file="/home/kasper/dbwebb-kurser/mvc/me/report/tests/Dice/DiceGraphicTest.php" line="17" assertions="2" time="0.003153"/>
        <testcase name="testAllRepresentationsExist" class="App\Tests\Dice\DiceGraphicTest" classname="App.Tests.Dice.DiceGraphicTest" file="/home/kasper/dbwebb-kurser/mvc/me/report/tests/Dice/DiceGraphicTest.php" line="26" assertions="1" time="0.001374"/>
      </testsuite>
      <testsuite name="App\Tests\Dice\DiceHandTest" file="/home/kasper/dbwebb-kurser/mvc/me/report/tests/Dice/DiceHandTest.php" tests="4" assertions="32" errors="0" warnings="0" failures="0" skipped="0" time="0.009517">
        <testcase name="testCreateDiceHand" class="App\Tests\Dice\DiceHandTest" classname="App.Tests.Dice.DiceHandTest" file="/home/kasper/dbwebb-kurser/mvc/me/report/tests/Dice/DiceHandTest.php" line="12" assertions="2" time="0.001359"/>
        <testcase name="testAddAndRollDice" class="App\Tests\Dice\DiceHandTest" classname="App.Tests.Dice.DiceHandTest" file="/home/kasper/dbwebb-kurser/mvc/me/report/tests/Dice/DiceHandTest.php" line="19" assertions="6" time="0.003368"/>
        <testcase name="testGetStringRepresentation" class="App\Tests\Dice\DiceHandTest" classname="App.Tests.Dice.DiceHandTest" file="/home/kasper/dbwebb-kurser/mvc/me/report/tests/Dice/DiceHandTest.php" line="35" assertions="3" time="0.000795"/>
        <testcase name="testMultipleDiceValues" class="App\Tests\Dice\DiceHandTest" classname="App.Tests.Dice.DiceHandTest" file="/home/kasper/dbwebb-kurser/mvc/me/report/tests/Dice/DiceHandTest.php" line="50" assertions="21" time="0.003995"/>
      </testsuite>
      <testsuite name="App\Tests\Dice\DiceTest" file="/home/kasper/dbwebb-kurser/mvc/me/report/tests/Dice/DiceTest.php" tests="4" assertions="11" errors="0" warnings="0" failures="0" skipped="0" time="0.006062">
        <testcase name="testCreateDice" class="App\Tests\Dice\DiceTest" classname="App.Tests.Dice.DiceTest" file="/home/kasper/dbwebb-kurser/mvc/me/report/tests/Dice/DiceTest.php" line="10" assertions="2" time="0.000721"/>
        <testcase name="testRollDice" class="App\Tests\Dice\DiceTest" classname="App.Tests.Dice.DiceTest" file="/home/kasper/dbwebb-kurser/mvc/me/report/tests/Dice/DiceTest.php" line="19" assertions="5" time="0.000978"/>
        <testcase name="testRollChangesValue" class="App\Tests\Dice\DiceTest" classname="App.Tests.Dice.DiceTest" file="/home/kasper/dbwebb-kurser/mvc/me/report/tests/Dice/DiceTest.php" line="31" assertions="1" time="0.000788"/>
        <testcase name="testGetAsStringFormat" class="App\Tests\Dice\DiceTest" classname="App.Tests.Dice.DiceTest" file="/home/kasper/dbwebb-kurser/mvc/me/report/tests/Dice/DiceTest.php" line="44" assertions="3" time="0.003575"/>
      </testsuite>
      <testsuite name="App\Proj\BankStrategyTest" file="/home/kasper/dbwebb-kurser/mvc/me/report/tests/Proj/BankStrategyTest.php" tests="2" assertions="5" errors="0" warnings="0" failures="0" skipped="0" time="0.004739">
        <testcase name="testBankStrategyEdgeCases" class="App\Proj\BankStrategyTest" classname="App.Proj.BankStrategyTest" file="/home/kasper/dbwebb-kurser/mvc/me/report/tests/Proj/BankStrategyTest.php" line="13" assertions="4" time="0.001683"/>
        <testcase name="testPlayTurn" class="App\Proj\BankStrategyTest" classname="App.Proj.BankStrategyTest" file="/home/kasper/dbwebb-kurser/mvc/me/report/tests/Proj/BankStrategyTest.php" line="23" assertions="1" time="0.003056"/>
      </testsuite>
      <testsuite name="App\Proj\BettingTest" file="/home/kasper/dbwebb-kurser/mvc/me/report/tests/Proj/BettingTest.php" tests="6" assertions="14" errors="0" warnings="0" failures="0" skipped="0" time="0.008248">
        <testcase name="testRegularWinPayout" class="App\Proj\BettingTest" classname="App.Proj.BettingTest" file="/home/kasper/dbwebb-kurser/mvc/me/report/tests/Proj/BettingTest.php" line="20" assertions="2" time="0.003255"/>
        <testcase name="testBlackjackPayout" class="App\Proj\BettingTest" classname="App.Proj.BettingTest" file="/home/kasper/dbwebb-kurser/mvc/me/report/tests/Proj/BettingTest.php" line="37" assertions="2" time="0.001039"/>
        <testcase name="testLossPayout" class="App\Proj\BettingTest" classname="App.Proj.BettingTest" file="/home/kasper/dbwebb-kurser/mvc/me/report/tests/Proj/BettingTest.php" line="54" assertions="2" time="0.001163"/>
        <testcase name="testPushPayout" class="App\Proj\BettingTest" classname="App.Proj.BettingTest" file="/home/kasper/dbwebb-kurser/mvc/me/report/tests/Proj/BettingTest.php" line="71" assertions="3" time="0.000899"/>
        <testcase name="testPushRuleForBank" class="App\Proj\BettingTest" classname="App.Proj.BettingTest" file="/home/kasper/dbwebb-kurser/mvc/me/report/tests/Proj/BettingTest.php" line="89" assertions="2" time="0.000920"/>
        <testcase name="testMultipleHandOutcomes" class="App\Proj\BettingTest" classname="App.Proj.BettingTest" file="/home/kasper/dbwebb-kurser/mvc/me/report/tests/Proj/BettingTest.php" line="106" assertions="3" time="0.000972"/>
      </testsuite>
      <testsuite name="App\Proj\GameResultTest" file="/home/kasper/dbwebb-kurser/mvc/me/report/tests/Proj/GameResultTest.php" tests="3" assertions="11" errors="0" warnings="0" failures="0" skipped="0" time="0.002531">
        <testcase name="testHasBlackjack" class="App\Proj\GameResultTest" classname="App.Proj.GameResultTest" file="/home/kasper/dbwebb-kurser/mvc/me/report/tests/Proj/GameResultTest.php" line="18" assertions="3" time="0.000828"/>
        <testcase name="testDetermineResult" class="App\Proj\GameResultTest" classname="App.Proj.GameResultTest" file="/home/kasper/dbwebb-kurser/mvc/me/report/tests/Proj/GameResultTest.php" line="32" assertions="5" time="0.000913"/>
        <testcase name="testCompareScoresWithPushRule" class="App\Proj\GameResultTest" classname="App.Proj.GameResultTest" file="/home/kasper/dbwebb-kurser/mvc/me/report/tests/Proj/GameResultTest.php" line="54" assertions="3" time="0.000790"/>
      </testsuite>
      <testsuite name="App\Proj\GameStateTest" file="/home/kasper/dbwebb-kurser/mvc/me/report/tests/Proj/GameStateTest.php" tests="6" assertions="11" errors="0" warnings="0" failures="0" skipped="0" time="0.005007">
        <testcase name="testInitialState" class="App\Proj\GameStateTest" classname="App.Proj.GameStateTest" file="/home/kasper/dbwebb-kurser/mvc/me/report/tests/Proj/GameStateTest.php" line="18" assertions="3" time="0.001544"/>
        <testcase name="testEndGame" class="App\Proj\GameStateTest" classname="App.Proj.GameStateTest" file="/home/kasper/dbwebb-kurser/mvc/me/report/tests/Proj/GameStateTest.php" line="25" assertions="1" time="0.000789"/>
        <testcase name="testBankScoreAccessors" class="App\Proj\GameStateTest" classname="App.Proj.GameStateTest" file="/home/kasper/dbwebb-kurser/mvc/me/report/tests/Proj/GameStateTest.php" line="31" assertions="2" time="0.000692"/>
        <testcase name="testInitialDealComplete" class="App\Proj\GameStateTest" classname="App.Proj.GameStateTest" file="/home/kasper/dbwebb-kurser/mvc/me/report/tests/Proj/GameStateTest.php" line="40" assertions="2" time="0.000694"/>
        <testcase name="testBustedChecks" class="App\Proj\GameStateTest" classname="App.Proj.GameStateTest" file="/home/kasper/dbwebb-kurser/mvc/me/report/tests/Proj/GameStateTest.php" line="47" assertions="2" time="0.000671"/>
        <testcase name="testHandResults" class="App\Proj\GameStateTest" classname="App.Proj.GameStateTest" file="/home/kasper/dbwebb-kurser/mvc/me/report/tests/Proj/GameStateTest.php" line="53" assertions="1" time="0.000617"/>
      </testsuite>
      <testsuite name="App\Proj\PlayerTest" file="/home/kasper/dbwebb-kurser/mvc/me/report/tests/Proj/PlayerTest.php" tests="7" assertions="24" errors="0" warnings="0" failures="0" skipped="0" time="0.005510">
        <testcase name="testPlayerCreation" class="App\Proj\PlayerTest" classname="App.Proj.PlayerTest" file="/home/kasper/dbwebb-kurser/mvc/me/report/tests/Proj/PlayerTest.php" line="9" assertions="2" time="0.000790"/>
        <testcase name="testPlaceBet" class="App\Proj\PlayerTest" classname="App.Proj.PlayerTest" file="/home/kasper/dbwebb-kurser/mvc/me/report/tests/Proj/PlayerTest.php" line="16" assertions="4" time="0.000962"/>
        <testcase name="testWinLosePush" class="App\Proj\PlayerTest" classname="App.Proj.PlayerTest" file="/home/kasper/dbwebb-kurser/mvc/me/report/tests/Proj/PlayerTest.php" line="26" assertions="3" time="0.000791"/>
        <testcase name="testMultipleHandBets" class="App\Proj\PlayerTest" classname="App.Proj.PlayerTest" file="/home/kasper/dbwebb-kurser/mvc/me/report/tests/Proj/PlayerTest.php" line="43" assertions="5" time="0.000689"/>
        <testcase name="testGetTotalWinsAndLosses" class="App\Proj\PlayerTest" classname="App.Proj.PlayerTest" file="/home/kasper/dbwebb-kurser/mvc/me/report/tests/Proj/PlayerTest.php" line="56" assertions="2" time="0.000629"/>
        <testcase name="testClearBets" class="App\Proj\PlayerTest" classname="App.Proj.PlayerTest" file="/home/kasper/dbwebb-kurser/mvc/me/report/tests/Proj/PlayerTest.php" line="69" assertions="5" time="0.000742"/>
        <testcase name="testCanPlaceBet" class="App\Proj\PlayerTest" classname="App.Proj.PlayerTest" file="/home/kasper/dbwebb-kurser/mvc/me/report/tests/Proj/PlayerTest.php" line="86" assertions="3" time="0.000906"/>
      </testsuite>
      <testsuite name="App\Proj\ProjDeckTest" file="/home/kasper/dbwebb-kurser/mvc/me/report/tests/Proj/ProjDeckTest.php" tests="5" assertions="12" errors="0" warnings="0" failures="0" skipped="0" time="0.018558">
        <testcase name="testCreateDeck" class="App\Proj\ProjDeckTest" classname="App.Proj.ProjDeckTest" file="/home/kasper/dbwebb-kurser/mvc/me/report/tests/Proj/ProjDeckTest.php" line="9" assertions="2" time="0.004742"/>
        <testcase name="testShuffle" class="App\Proj\ProjDeckTest" classname="App.Proj.ProjDeckTest" file="/home/kasper/dbwebb-kurser/mvc/me/report/tests/Proj/ProjDeckTest.php" line="16" assertions="2" time="0.005700"/>
        <testcase name="testDrawCard" class="App\Proj\ProjDeckTest" classname="App.Proj.ProjDeckTest" file="/home/kasper/dbwebb-kurser/mvc/me/report/tests/Proj/ProjDeckTest.php" line="27" assertions="2" time="0.001056"/>
        <testcase name="testGetSortedCards" class="App\Proj\ProjDeckTest" classname="App.Proj.ProjDeckTest" file="/home/kasper/dbwebb-kurser/mvc/me/report/tests/Proj/ProjDeckTest.php" line="37" assertions="5" time="0.006269"/>
        <testcase name="testGetString" class="App\Proj\ProjDeckTest" classname="App.Proj.ProjDeckTest" file="/home/kasper/dbwebb-kurser/mvc/me/report/tests/Proj/ProjDeckTest.php" line="50" assertions="1" time="0.000792"/>
      </testsuite>
      <testsuite name="App\Proj\ProjGameControllerTest" file="/home/kasper/dbwebb-kurser/mvc/me/report/tests/Proj/ProjGameControllerTest.php" tests="6" assertions="12" errors="0" warnings="0" failures="0" skipped="0" time="0.292724">
        <testcase name="testGameRedirectsWhenNoSession" class="App\Proj\ProjGameControllerTest" classname="App.Proj.ProjGameControllerTest" file="/home/kasper/dbwebb-kurser/mvc/me/report/tests/Proj/ProjGameControllerTest.php" line="9" assertions="2" time="0.025563"/>
        <testcase name="testInitGameWithNewPlayer" class="App\Proj\ProjGameControllerTest" classname="App.Proj.ProjGameControllerTest" file="/home/kasper/dbwebb-kurser/mvc/me/report/tests/Proj/ProjGameControllerTest.php" line="17" assertions="2" time="0.022517"/>
        <testcase name="testDrawCard" class="App\Proj\ProjGameControllerTest" classname="App.Proj.ProjGameControllerTest" file="/home/kasper/dbwebb-kurser/mvc/me/report/tests/Proj/ProjGameControllerTest.php" line="31" assertions="2" time="0.046852"/>
        <testcase name="testStand" class="App\Proj\ProjGameControllerTest" classname="App.Proj.ProjGameControllerTest" file="/home/kasper/dbwebb-kurser/mvc/me/report/tests/Proj/ProjGameControllerTest.php" line="46" assertions="2" time="0.047992"/>
        <testcase name="testNewRound" class="App\Proj\ProjGameControllerTest" classname="App.Proj.ProjGameControllerTest" file="/home/kasper/dbwebb-kurser/mvc/me/report/tests/Proj/ProjGameControllerTest.php" line="61" assertions="2" time="0.078356"/>
        <testcase name="testNewRoundWithInvalidBet" class="App\Proj\ProjGameControllerTest" classname="App.Proj.ProjGameControllerTest" file="/home/kasper/dbwebb-kurser/mvc/me/report/tests/Proj/ProjGameControllerTest.php" line="82" assertions="2" time="0.071443"/>
      </testsuite>
      <testsuite name="App\Proj\ProjGameTest" file="/home/kasper/dbwebb-kurser/mvc/me/report/tests/Proj/ProjGameTest.php" tests="10" assertions="23" errors="0" warnings="0" failures="0" skipped="0" time="0.019066">
        <testcase name="testInitialState" class="App\Proj\ProjGameTest" classname="App.Proj.ProjGameTest" file="/home/kasper/dbwebb-kurser/mvc/me/report/tests/Proj/ProjGameTest.php" line="21" assertions="3" time="0.001255"/>
        <testcase name="testPlayerActions" class="App\Proj\ProjGameTest" classname="App.Proj.ProjGameTest" file="/home/kasper/dbwebb-kurser/mvc/me/report/tests/Proj/ProjGameTest.php" line="28" assertions="2" time="0.001497"/>
        <testcase name="testHandManagement" class="App\Proj\ProjGameTest" classname="App.Proj.ProjGameTest" file="/home/kasper/dbwebb-kurser/mvc/me/report/tests/Proj/ProjGameTest.php" line="39" assertions="3" time="0.001237"/>
        <testcase name="testScoring" class="App\Proj\ProjGameTest" classname="App.Proj.ProjGameTest" file="/home/kasper/dbwebb-kurser/mvc/me/report/tests/Proj/ProjGameTest.php" line="48" assertions="1" time="0.001484"/>
        <testcase name="testGameComponents" class="App\Proj\ProjGameTest" classname="App.Proj.ProjGameTest" file="/home/kasper/dbwebb-kurser/mvc/me/report/tests/Proj/ProjGameTest.php" line="56" assertions="3" time="0.001222"/>
        <testcase name="testDetermineResults" class="App\Proj\ProjGameTest" classname="App.Proj.ProjGameTest" file="/home/kasper/dbwebb-kurser/mvc/me/report/tests/Proj/ProjGameTest.php" line="63" assertions="1" time="0.001784"/>
        <testcase name="testGetAllResults" class="App\Proj\ProjGameTest" classname="App.Proj.ProjGameTest" file="/home/kasper/dbwebb-kurser/mvc/me/report/tests/Proj/ProjGameTest.php" line="79" assertions="3" time="0.003053"/>
        <testcase name="testPlayBankTurn" class="App\Proj\ProjGameTest" classname="App.Proj.ProjGameTest" file="/home/kasper/dbwebb-kurser/mvc/me/report/tests/Proj/ProjGameTest.php" line="105" assertions="1" time="0.003528"/>
        <testcase name="testGameWithBets" class="App\Proj\ProjGameTest" classname="App.Proj.ProjGameTest" file="/home/kasper/dbwebb-kurser/mvc/me/report/tests/Proj/ProjGameTest.php" line="122" assertions="3" time="0.001945"/>
        <testcase name="testBlackjackWithBet" class="App\Proj\ProjGameTest" classname="App.Proj.ProjGameTest" file="/home/kasper/dbwebb-kurser/mvc/me/report/tests/Proj/ProjGameTest.php" line="141" assertions="3" time="0.002061"/>
      </testsuite>
      <testsuite name="App\Proj\ProjGameWinnerTest" file="/home/kasper/dbwebb-kurser/mvc/me/report/tests/Proj/ProjGameWinnerTest.php" tests="1" assertions="6" errors="0" warnings="0" failures="0" skipped="0" time="0.004671">
        <testcase name="testAllWinConditions" class="App\Proj\ProjGameWinnerTest" classname="App.Proj.ProjGameWinnerTest" file="/home/kasper/dbwebb-kurser/mvc/me/report/tests/Proj/ProjGameWinnerTest.php" line="9" assertions="6" time="0.004671"/>
      </testsuite>
      <testsuite name="App\Proj\ProjGraphicTest" file="/home/kasper/dbwebb-kurser/mvc/me/report/tests/Proj/ProjGraphicTest.php" tests="4" assertions="57" errors="0" warnings="0" failures="0" skipped="0" time="0.005509">
        <testcase name="testCardGraphicCreation" class="App\Proj\ProjGraphicTest" classname="App.Proj.ProjGraphicTest" file="/home/kasper/dbwebb-kurser/mvc/me/report/tests/Proj/ProjGraphicTest.php" line="9" assertions="2" time="0.000880"/>
        <testcase name="testGetAsString" class="App\Proj\ProjGraphicTest" classname="App.Proj.ProjGraphicTest" file="/home/kasper/dbwebb-kurser/mvc/me/report/tests/Proj/ProjGraphicTest.php" line="16" assertions="1" time="0.001283"/>
        <testcase name="testGetColor" class="App\Proj\ProjGraphicTest" classname="App.Proj.ProjGraphicTest" file="/home/kasper/dbwebb-kurser/mvc/me/report/tests/Proj/ProjGraphicTest.php" line="22" assertions="2" time="0.000859"/>
        <testcase name="testAllSymbols" class="App\Proj\ProjGraphicTest" classname="App.Proj.ProjGraphicTest" file="/home/kasper/dbwebb-kurser/mvc/me/report/tests/Proj/ProjGraphicTest.php" line="31" assertions="52" time="0.002488"/>
      </testsuite>
      <testsuite name="App\Proj\ProjHandManagerTest" file="/home/kasper/dbwebb-kurser/mvc/me/report/tests/Proj/ProjHandManagerTest.php" tests="3" assertions="10" errors="0" warnings="0" failures="0" skipped="0" time="0.002898">
        <testcase name="testInitialState" class="App\Proj\ProjHandManagerTest" classname="App.Proj.ProjHandManagerTest" file="/home/kasper/dbwebb-kurser/mvc/me/report/tests/Proj/ProjHandManagerTest.php" line="9" assertions="2" time="0.000836"/>
        <testcase name="testAddHand" class="App\Proj\ProjHandManagerTest" classname="App.Proj.ProjHandManagerTest" file="/home/kasper/dbwebb-kurser/mvc/me/report/tests/Proj/ProjHandManagerTest.php" line="16" assertions="5" time="0.001167"/>
        <testcase name="testNextHand" class="App\Proj\ProjHandManagerTest" classname="App.Proj.ProjHandManagerTest" file="/home/kasper/dbwebb-kurser/mvc/me/report/tests/Proj/ProjHandManagerTest.php" line="28" assertions="3" time="0.000895"/>
      </testsuite>
      <testsuite name="App\Proj\ProjHandTest" file="/home/kasper/dbwebb-kurser/mvc/me/report/tests/Proj/ProjHandTest.php" tests="5" assertions="7" errors="0" warnings="0" failures="0" skipped="0" time="0.005263">
        <testcase name="testCreateEmptyHand" class="App\Proj\ProjHandTest" classname="App.Proj.ProjHandTest" file="/home/kasper/dbwebb-kurser/mvc/me/report/tests/Proj/ProjHandTest.php" line="10" assertions="2" time="0.000830"/>
        <testcase name="testAddCard" class="App\Proj\ProjHandTest" classname="App.Proj.ProjHandTest" file="/home/kasper/dbwebb-kurser/mvc/me/report/tests/Proj/ProjHandTest.php" line="17" assertions="2" time="0.001353"/>
        <testcase name="testGetNumberCards" class="App\Proj\ProjHandTest" classname="App.Proj.ProjHandTest" file="/home/kasper/dbwebb-kurser/mvc/me/report/tests/Proj/ProjHandTest.php" line="27" assertions="1" time="0.000904"/>
        <testcase name="testGetValues" class="App\Proj\ProjHandTest" classname="App.Proj.ProjHandTest" file="/home/kasper/dbwebb-kurser/mvc/me/report/tests/Proj/ProjHandTest.php" line="36" assertions="1" time="0.001037"/>
        <testcase name="testGetString" class="App\Proj\ProjHandTest" classname="App.Proj.ProjHandTest" file="/home/kasper/dbwebb-kurser/mvc/me/report/tests/Proj/ProjHandTest.php" line="46" assertions="1" time="0.001139"/>
      </testsuite>
      <testsuite name="App\Proj\ProjHomeControllerTest" file="/home/kasper/dbwebb-kurser/mvc/me/report/tests/Proj/ProjHomeControllerTest.php" tests="2" assertions="2" errors="0" warnings="0" failures="0" skipped="0" time="0.090205">
        <testcase name="testHomePage" class="App\Proj\ProjHomeControllerTest" classname="App.Proj.ProjHomeControllerTest" file="/home/kasper/dbwebb-kurser/mvc/me/report/tests/Proj/ProjHomeControllerTest.php" line="9" assertions="1" time="0.051208"/>
        <testcase name="testAboutPage" class="App\Proj\ProjHomeControllerTest" classname="App.Proj.ProjHomeControllerTest" file="/home/kasper/dbwebb-kurser/mvc/me/report/tests/Proj/ProjHomeControllerTest.php" line="17" assertions="1" time="0.038997"/>
      </testsuite>
      <testsuite name="App\Proj\ProjPlayerControllerTest" file="/home/kasper/dbwebb-kurser/mvc/me/report/tests/Proj/ProjPlayerControllerTest.php" tests="2" assertions="4" errors="0" warnings="0" failures="0" skipped="0" time="0.076511">
        <testcase name="testConfigRedirectsWhenNoPlayer" class="App\Proj\ProjPlayerControllerTest" classname="App.Proj.ProjPlayerControllerTest" file="/home/kasper/dbwebb-kurser/mvc/me/report/tests/Proj/ProjPlayerControllerTest.php" line="9" assertions="2" time="0.025393"/>
        <testcase name="testUpdateConfig" class="App\Proj\ProjPlayerControllerTest" classname="App.Proj.ProjPlayerControllerTest" file="/home/kasper/dbwebb-kurser/mvc/me/report/tests/Proj/ProjPlayerControllerTest.php" line="18" assertions="2" time="0.051118"/>
      </testsuite>
      <testsuite name="App\Proj\ProjPlayerDrawTest" file="/home/kasper/dbwebb-kurser/mvc/me/report/tests/Proj/ProjPlayerDrawTest.php" tests="2" assertions="3" errors="0" warnings="0" failures="0" skipped="0" time="0.004406">
        <testcase name="testPlayerDrawBasic" class="App\Proj\ProjPlayerDrawTest" classname="App.Proj.ProjPlayerDrawTest" file="/home/kasper/dbwebb-kurser/mvc/me/report/tests/Proj/ProjPlayerDrawTest.php" line="9" assertions="2" time="0.002152"/>
        <testcase name="testPlayerDrawBust" class="App\Proj\ProjPlayerDrawTest" classname="App.Proj.ProjPlayerDrawTest" file="/home/kasper/dbwebb-kurser/mvc/me/report/tests/Proj/ProjPlayerDrawTest.php" line="24" assertions="1" time="0.002254"/>
      </testsuite>
      <testsuite name="App\Proj\ProjResetControllerTest" file="/home/kasper/dbwebb-kurser/mvc/me/report/tests/Proj/ProjResetControllerTest.php" tests="2" assertions="8" errors="0" warnings="0" failures="0" skipped="0" time="0.163952">
        <testcase name="testReset" class="App\Proj\ProjResetControllerTest" classname="App.Proj.ProjResetControllerTest" file="/home/kasper/dbwebb-kurser/mvc/me/report/tests/Proj/ProjResetControllerTest.php" line="9" assertions="4" time="0.086978"/>
        <testcase name="testFullReset" class="App\Proj\ProjResetControllerTest" classname="App.Proj.ProjResetControllerTest" file="/home/kasper/dbwebb-kurser/mvc/me/report/tests/Proj/ProjResetControllerTest.php" line="27" assertions="4" time="0.076974"/>
      </testsuite>
      <testsuite name="App\Proj\ProjTest" file="/home/kasper/dbwebb-kurser/mvc/me/report/tests/Proj/ProjTest.php" tests="5" assertions="6" errors="0" warnings="0" failures="0" skipped="0" time="0.004151">
        <testcase name="testProjCreation" class="App\Proj\ProjTest" classname="App.Proj.ProjTest" file="/home/kasper/dbwebb-kurser/mvc/me/report/tests/Proj/ProjTest.php" line="9" assertions="1" time="0.000817"/>
        <testcase name="testGetSuit" class="App\Proj\ProjTest" classname="App.Proj.ProjTest" file="/home/kasper/dbwebb-kurser/mvc/me/report/tests/Proj/ProjTest.php" line="15" assertions="1" time="0.000886"/>
        <testcase name="testGetValue" class="App\Proj\ProjTest" classname="App.Proj.ProjTest" file="/home/kasper/dbwebb-kurser/mvc/me/report/tests/Proj/ProjTest.php" line="21" assertions="1" time="0.000869"/>
        <testcase name="testGetAsString" class="App\Proj\ProjTest" classname="App.Proj.ProjTest" file="/home/kasper/dbwebb-kurser/mvc/me/report/tests/Proj/ProjTest.php" line="27" assertions="1" time="0.000739"/>
        <testcase name="testMatches" class="App\Proj\ProjTest" classname="App.Proj.ProjTest" file="/home/kasper/dbwebb-kurser/mvc/me/report/tests/Proj/ProjTest.php" line="33" assertions="2" time="0.000839"/>
      </testsuite>
      <testsuite name="App\Proj\ScoreCalculatorTest" file="/home/kasper/dbwebb-kurser/mvc/me/report/tests/Proj/ScoreCalculatorTest.php" tests="1" assertions="3" errors="0" warnings="0" failures="0" skipped="0" time="0.002631">
        <testcase name="testCalculateScore" class="App\Proj\ScoreCalculatorTest" classname="App.Proj.ScoreCalculatorTest" file="/home/kasper/dbwebb-kurser/mvc/me/report/tests/Proj/ScoreCalculatorTest.php" line="9" assertions="3" time="0.002631"/>
      </testsuite>
    </testsuite>
  </testsuite>
</testsuites>
