<?xml version="1.0" encoding="UTF-8"?>
<testsuites>
  <testsuite name="" tests="120" assertions="389" errors="0" warnings="0" failures="0" skipped="0" time="0.814320">
    <testsuite name="Project Test Suite" tests="120" assertions="389" errors="0" warnings="0" failures="0" skipped="0" time="0.814320">
      <testsuite name="App\Card\CardGraphicTest" file="/home/kasper/dbwebb-kurser/mvc/me/report/tests/Card/CardGraphicTest.php" tests="4" assertions="57" errors="0" warnings="0" failures="0" skipped="0" time="0.011087">
        <testcase name="testCardGraphicCreation" class="App\Card\CardGraphicTest" classname="App.Card.CardGraphicTest" file="/home/kasper/dbwebb-kurser/mvc/me/report/tests/Card/CardGraphicTest.php" line="12" assertions="2" time="0.007128"/>
        <testcase name="testGetAsString" class="App\Card\CardGraphicTest" classname="App.Card.CardGraphicTest" file="/home/kasper/dbwebb-kurser/mvc/me/report/tests/Card/CardGraphicTest.php" line="19" assertions="1" time="0.001007"/>
        <testcase name="testGetColor" class="App\Card\CardGraphicTest" classname="App.Card.CardGraphicTest" file="/home/kasper/dbwebb-kurser/mvc/me/report/tests/Card/CardGraphicTest.php" line="25" assertions="2" time="0.000493"/>
        <testcase name="testAllSymbols" class="App\Card\CardGraphicTest" classname="App.Card.CardGraphicTest" file="/home/kasper/dbwebb-kurser/mvc/me/report/tests/Card/CardGraphicTest.php" line="34" assertions="52" time="0.002460"/>
      </testsuite>
      <testsuite name="App\Card\CardHandTest" file="/home/kasper/dbwebb-kurser/mvc/me/report/tests/Card/CardHandTest.php" tests="5" assertions="7" errors="0" warnings="0" failures="0" skipped="0" time="0.002726">
        <testcase name="testCreateEmptyHand" class="App\Card\CardHandTest" classname="App.Card.CardHandTest" file="/home/kasper/dbwebb-kurser/mvc/me/report/tests/Card/CardHandTest.php" line="12" assertions="2" time="0.001504"/>
        <testcase name="testAddCard" class="App\Card\CardHandTest" classname="App.Card.CardHandTest" file="/home/kasper/dbwebb-kurser/mvc/me/report/tests/Card/CardHandTest.php" line="19" assertions="2" time="0.000351"/>
        <testcase name="testGetNumberCards" class="App\Card\CardHandTest" classname="App.Card.CardHandTest" file="/home/kasper/dbwebb-kurser/mvc/me/report/tests/Card/CardHandTest.php" line="29" assertions="1" time="0.000279"/>
        <testcase name="testGetValues" class="App\Card\CardHandTest" classname="App.Card.CardHandTest" file="/home/kasper/dbwebb-kurser/mvc/me/report/tests/Card/CardHandTest.php" line="38" assertions="1" time="0.000296"/>
        <testcase name="testGetString" class="App\Card\CardHandTest" classname="App.Card.CardHandTest" file="/home/kasper/dbwebb-kurser/mvc/me/report/tests/Card/CardHandTest.php" line="48" assertions="1" time="0.000296"/>
      </testsuite>
      <testsuite name="App\Card\CardTest" file="/home/kasper/dbwebb-kurser/mvc/me/report/tests/Card/CardTest.php" tests="4" assertions="4" errors="0" warnings="0" failures="0" skipped="0" time="0.001080">
        <testcase name="testCardCreation" class="App\Card\CardTest" classname="App.Card.CardTest" file="/home/kasper/dbwebb-kurser/mvc/me/report/tests/Card/CardTest.php" line="12" assertions="1" time="0.000246"/>
        <testcase name="testGetSuit" class="App\Card\CardTest" classname="App.Card.CardTest" file="/home/kasper/dbwebb-kurser/mvc/me/report/tests/Card/CardTest.php" line="18" assertions="1" time="0.000281"/>
        <testcase name="testGetValue" class="App\Card\CardTest" classname="App.Card.CardTest" file="/home/kasper/dbwebb-kurser/mvc/me/report/tests/Card/CardTest.php" line="24" assertions="1" time="0.000274"/>
        <testcase name="testGetAsString" class="App\Card\CardTest" classname="App.Card.CardTest" file="/home/kasper/dbwebb-kurser/mvc/me/report/tests/Card/CardTest.php" line="30" assertions="1" time="0.000280"/>
      </testsuite>
      <testsuite name="App\Card\DeckOfCardsTest" file="/home/kasper/dbwebb-kurser/mvc/me/report/tests/Card/DeckOfCardsTest.php" tests="5" assertions="12" errors="0" warnings="0" failures="0" skipped="0" time="0.008104">
        <testcase name="testCreateDeck" class="App\Card\DeckOfCardsTest" classname="App.Card.DeckOfCardsTest" file="/home/kasper/dbwebb-kurser/mvc/me/report/tests/Card/DeckOfCardsTest.php" line="13" assertions="2" time="0.000686"/>
        <testcase name="testShuffle" class="App\Card\DeckOfCardsTest" classname="App.Card.DeckOfCardsTest" file="/home/kasper/dbwebb-kurser/mvc/me/report/tests/Card/DeckOfCardsTest.php" line="20" assertions="2" time="0.003640"/>
        <testcase name="testDrawCard" class="App\Card\DeckOfCardsTest" classname="App.Card.DeckOfCardsTest" file="/home/kasper/dbwebb-kurser/mvc/me/report/tests/Card/DeckOfCardsTest.php" line="31" assertions="2" time="0.000501"/>
        <testcase name="testGetSortedCards" class="App\Card\DeckOfCardsTest" classname="App.Card.DeckOfCardsTest" file="/home/kasper/dbwebb-kurser/mvc/me/report/tests/Card/DeckOfCardsTest.php" line="41" assertions="5" time="0.002952"/>
        <testcase name="testGetString" class="App\Card\DeckOfCardsTest" classname="App.Card.DeckOfCardsTest" file="/home/kasper/dbwebb-kurser/mvc/me/report/tests/Card/DeckOfCardsTest.php" line="56" assertions="1" time="0.000325"/>
      </testsuite>
      <testsuite name="App\Tests\Card\BankStrategyTest" file="/home/kasper/dbwebb-kurser/mvc/me/report/tests/CardGame/BankStrategyTest.php" tests="1" assertions="4" errors="0" warnings="0" failures="0" skipped="0" time="0.001005">
        <testcase name="testBankStrategyEdgeCases" class="App\Tests\Card\BankStrategyTest" classname="App.Tests.Card.BankStrategyTest" file="/home/kasper/dbwebb-kurser/mvc/me/report/tests/CardGame/BankStrategyTest.php" line="10" assertions="4" time="0.001005"/>
      </testsuite>
      <testsuite name="App\Card\CardGameTest" file="/home/kasper/dbwebb-kurser/mvc/me/report/tests/CardGame/CardGameTest.php" tests="10" assertions="32" errors="0" warnings="0" failures="0" skipped="0" time="0.023705">
        <testcase name="testCreateCardGame" class="App\Card\CardGameTest" classname="App.Card.CardGameTest" file="/home/kasper/dbwebb-kurser/mvc/me/report/tests/CardGame/CardGameTest.php" line="12" assertions="4" time="0.011722"/>
        <testcase name="testPlayerDraw" class="App\Card\CardGameTest" classname="App.Card.CardGameTest" file="/home/kasper/dbwebb-kurser/mvc/me/report/tests/CardGame/CardGameTest.php" line="23" assertions="5" time="0.004773"/>
        <testcase name="testPlayerBust" class="App\Card\CardGameTest" classname="App.Card.CardGameTest" file="/home/kasper/dbwebb-kurser/mvc/me/report/tests/CardGame/CardGameTest.php" line="44" assertions="2" time="0.000622"/>
        <testcase name="testPlayerStopTriggersBankPlay" class="App\Card\CardGameTest" classname="App.Card.CardGameTest" file="/home/kasper/dbwebb-kurser/mvc/me/report/tests/CardGame/CardGameTest.php" line="64" assertions="2" time="0.000678"/>
        <testcase name="testScoreCalculationThroughGameplay" class="App\Card\CardGameTest" classname="App.Card.CardGameTest" file="/home/kasper/dbwebb-kurser/mvc/me/report/tests/CardGame/CardGameTest.php" line="85" assertions="5" time="0.001149"/>
        <testcase name="testGetBankHand" class="App\Card\CardGameTest" classname="App.Card.CardGameTest" file="/home/kasper/dbwebb-kurser/mvc/me/report/tests/CardGame/CardGameTest.php" line="152" assertions="2" time="0.001213"/>
        <testcase name="testAllWinnerScenarios" class="App\Card\CardGameTest" classname="App.Card.CardGameTest" file="/home/kasper/dbwebb-kurser/mvc/me/report/tests/CardGame/CardGameTest.php" line="167" assertions="6" time="0.001582"/>
        <testcase name="testGameInitializesWithEmptyHands" class="App\Card\CardGameTest" classname="App.Card.CardGameTest" file="/home/kasper/dbwebb-kurser/mvc/me/report/tests/CardGame/CardGameTest.php" line="246" assertions="2" time="0.000519"/>
        <testcase name="testBankStopsAt17" class="App\Card\CardGameTest" classname="App.Card.CardGameTest" file="/home/kasper/dbwebb-kurser/mvc/me/report/tests/CardGame/CardGameTest.php" line="255" assertions="2" time="0.000762"/>
        <testcase name="testBankStopsWhenPlayerBusted" class="App\Card\CardGameTest" classname="App.Card.CardGameTest" file="/home/kasper/dbwebb-kurser/mvc/me/report/tests/CardGame/CardGameTest.php" line="278" assertions="2" time="0.000684"/>
      </testsuite>
      <testsuite name="App\Tests\Card\GameStateTest" file="/home/kasper/dbwebb-kurser/mvc/me/report/tests/CardGame/GameStateTest.php" tests="3" assertions="8" errors="0" warnings="0" failures="0" skipped="0" time="0.001006">
        <testcase name="testInitialState" class="App\Tests\Card\GameStateTest" classname="App.Tests.Card.GameStateTest" file="/home/kasper/dbwebb-kurser/mvc/me/report/tests/CardGame/GameStateTest.php" line="12" assertions="5" time="0.000357"/>
        <testcase name="testScoreUpdates" class="App\Tests\Card\GameStateTest" classname="App.Tests.Card.GameStateTest" file="/home/kasper/dbwebb-kurser/mvc/me/report/tests/CardGame/GameStateTest.php" line="23" assertions="2" time="0.000325"/>
        <testcase name="testGameOver" class="App\Tests\Card\GameStateTest" classname="App.Tests.Card.GameStateTest" file="/home/kasper/dbwebb-kurser/mvc/me/report/tests/CardGame/GameStateTest.php" line="33" assertions="1" time="0.000324"/>
      </testsuite>
      <testsuite name="App\Tests\Card\ScoreCalculatorTest" file="/home/kasper/dbwebb-kurser/mvc/me/report/tests/CardGame/ScoreCalculatorTest.php" tests="1" assertions="4" errors="0" warnings="0" failures="0" skipped="0" time="0.000399">
        <testcase name="testCalculateScore" class="App\Tests\Card\ScoreCalculatorTest" classname="App.Tests.Card.ScoreCalculatorTest" file="/home/kasper/dbwebb-kurser/mvc/me/report/tests/CardGame/ScoreCalculatorTest.php" line="12" assertions="4" time="0.000399"/>
      </testsuite>
      <testsuite name="App\Tests\Controller\JsonControllerTest" file="/home/kasper/dbwebb-kurser/mvc/me/report/tests/Controller/JsonControllerTest.php" tests="2" assertions="7" errors="0" warnings="0" failures="0" skipped="0" time="0.211859">
        <testcase name="testJsonLucky" class="App\Tests\Controller\JsonControllerTest" classname="App.Tests.Controller.JsonControllerTest" file="/home/kasper/dbwebb-kurser/mvc/me/report/tests/Controller/JsonControllerTest.php" line="9" assertions="4" time="0.203482"/>
        <testcase name="testJsonQuote" class="App\Tests\Controller\JsonControllerTest" classname="App.Tests.Controller.JsonControllerTest" file="/home/kasper/dbwebb-kurser/mvc/me/report/tests/Controller/JsonControllerTest.php" line="22" assertions="3" time="0.008378"/>
      </testsuite>
      <testsuite name="App\Tests\Controller\JsonDatabaseControllerTest" file="/home/kasper/dbwebb-kurser/mvc/me/report/tests/Controller/JsonDatabaseControllerTest.php" tests="3" assertions="11" errors="0" warnings="0" failures="0" skipped="0" time="0.038248">
        <testcase name="testJsonLibraryBooks" class="App\Tests\Controller\JsonDatabaseControllerTest" classname="App.Tests.Controller.JsonDatabaseControllerTest" file="/home/kasper/dbwebb-kurser/mvc/me/report/tests/Controller/JsonDatabaseControllerTest.php" line="13" assertions="4" time="0.018051"/>
        <testcase name="testJsonLibraryBookByIsbn" class="App\Tests\Controller\JsonDatabaseControllerTest" classname="App.Tests.Controller.JsonDatabaseControllerTest" file="/home/kasper/dbwebb-kurser/mvc/me/report/tests/Controller/JsonDatabaseControllerTest.php" line="38" assertions="4" time="0.010566"/>
        <testcase name="testJsonLibraryBookByIsbnNotFound" class="App\Tests\Controller\JsonDatabaseControllerTest" classname="App.Tests.Controller.JsonDatabaseControllerTest" file="/home/kasper/dbwebb-kurser/mvc/me/report/tests/Controller/JsonDatabaseControllerTest.php" line="64" assertions="3" time="0.009630"/>
      </testsuite>
      <testsuite name="App\Tests\Controller\JsonDeckControllerTest" file="/home/kasper/dbwebb-kurser/mvc/me/report/tests/Controller/JsonDeckControllerTest.php" tests="2" assertions="4" errors="0" warnings="0" failures="0" skipped="0" time="0.039238">
        <testcase name="testJsonDeck" class="App\Tests\Controller\JsonDeckControllerTest" classname="App.Tests.Controller.JsonDeckControllerTest" file="/home/kasper/dbwebb-kurser/mvc/me/report/tests/Controller/JsonDeckControllerTest.php" line="9" assertions="2" time="0.011698"/>
        <testcase name="testJsonShuffle" class="App\Tests\Controller\JsonDeckControllerTest" classname="App.Tests.Controller.JsonDeckControllerTest" file="/home/kasper/dbwebb-kurser/mvc/me/report/tests/Controller/JsonDeckControllerTest.php" line="20" assertions="2" time="0.027540"/>
      </testsuite>
      <testsuite name="App\Tests\Controller\JsonGameControllerTest" file="/home/kasper/dbwebb-kurser/mvc/me/report/tests/Controller/JsonGameControllerTest.php" tests="2" assertions="7" errors="0" warnings="0" failures="0" skipped="0" time="0.060932">
        <testcase name="testJsonGameScoreWithGame" class="App\Tests\Controller\JsonGameControllerTest" classname="App.Tests.Controller.JsonGameControllerTest" file="/home/kasper/dbwebb-kurser/mvc/me/report/tests/Controller/JsonGameControllerTest.php" line="11" assertions="4" time="0.051157"/>
        <testcase name="testJsonGameScoreWithoutGame" class="App\Tests\Controller\JsonGameControllerTest" classname="App.Tests.Controller.JsonGameControllerTest" file="/home/kasper/dbwebb-kurser/mvc/me/report/tests/Controller/JsonGameControllerTest.php" line="26" assertions="3" time="0.009774"/>
      </testsuite>
      <testsuite name="App\Tests\Entity\LibraryTest" file="/home/kasper/dbwebb-kurser/mvc/me/report/tests/Controller/LibraryTest.php" tests="1" assertions="4" errors="0" warnings="0" failures="0" skipped="0" time="0.000518">
        <testcase name="testEntity" class="App\Tests\Entity\LibraryTest" classname="App.Tests.Entity.LibraryTest" file="/home/kasper/dbwebb-kurser/mvc/me/report/tests/Controller/LibraryTest.php" line="10" assertions="4" time="0.000518"/>
      </testsuite>
      <testsuite name="App\Tests\Dice\DiceGraphicTest" file="/home/kasper/dbwebb-kurser/mvc/me/report/tests/Dice/DiceGraphicTest.php" tests="3" assertions="5" errors="0" warnings="0" failures="0" skipped="0" time="0.002925">
        <testcase name="testCreateDiceGraphic" class="App\Tests\Dice\DiceGraphicTest" classname="App.Tests.Dice.DiceGraphicTest" file="/home/kasper/dbwebb-kurser/mvc/me/report/tests/Dice/DiceGraphicTest.php" line="10" assertions="2" time="0.000889"/>
        <testcase name="testGetAsString" class="App\Tests\Dice\DiceGraphicTest" classname="App.Tests.Dice.DiceGraphicTest" file="/home/kasper/dbwebb-kurser/mvc/me/report/tests/Dice/DiceGraphicTest.php" line="17" assertions="2" time="0.001323"/>
        <testcase name="testAllRepresentationsExist" class="App\Tests\Dice\DiceGraphicTest" classname="App.Tests.Dice.DiceGraphicTest" file="/home/kasper/dbwebb-kurser/mvc/me/report/tests/Dice/DiceGraphicTest.php" line="26" assertions="1" time="0.000713"/>
      </testsuite>
      <testsuite name="App\Tests\Dice\DiceHandTest" file="/home/kasper/dbwebb-kurser/mvc/me/report/tests/Dice/DiceHandTest.php" tests="4" assertions="32" errors="0" warnings="0" failures="0" skipped="0" time="0.003814">
        <testcase name="testCreateDiceHand" class="App\Tests\Dice\DiceHandTest" classname="App.Tests.Dice.DiceHandTest" file="/home/kasper/dbwebb-kurser/mvc/me/report/tests/Dice/DiceHandTest.php" line="12" assertions="2" time="0.000714"/>
        <testcase name="testAddAndRollDice" class="App\Tests\Dice\DiceHandTest" classname="App.Tests.Dice.DiceHandTest" file="/home/kasper/dbwebb-kurser/mvc/me/report/tests/Dice/DiceHandTest.php" line="19" assertions="6" time="0.001843"/>
        <testcase name="testGetStringRepresentation" class="App\Tests\Dice\DiceHandTest" classname="App.Tests.Dice.DiceHandTest" file="/home/kasper/dbwebb-kurser/mvc/me/report/tests/Dice/DiceHandTest.php" line="35" assertions="3" time="0.000407"/>
        <testcase name="testMultipleDiceValues" class="App\Tests\Dice\DiceHandTest" classname="App.Tests.Dice.DiceHandTest" file="/home/kasper/dbwebb-kurser/mvc/me/report/tests/Dice/DiceHandTest.php" line="50" assertions="21" time="0.000849"/>
      </testsuite>
      <testsuite name="App\Tests\Dice\DiceTest" file="/home/kasper/dbwebb-kurser/mvc/me/report/tests/Dice/DiceTest.php" tests="4" assertions="11" errors="0" warnings="0" failures="0" skipped="0" time="0.002509">
        <testcase name="testCreateDice" class="App\Tests\Dice\DiceTest" classname="App.Tests.Dice.DiceTest" file="/home/kasper/dbwebb-kurser/mvc/me/report/tests/Dice/DiceTest.php" line="10" assertions="2" time="0.000311"/>
        <testcase name="testRollDice" class="App\Tests\Dice\DiceTest" classname="App.Tests.Dice.DiceTest" file="/home/kasper/dbwebb-kurser/mvc/me/report/tests/Dice/DiceTest.php" line="19" assertions="5" time="0.000506"/>
        <testcase name="testRollChangesValue" class="App\Tests\Dice\DiceTest" classname="App.Tests.Dice.DiceTest" file="/home/kasper/dbwebb-kurser/mvc/me/report/tests/Dice/DiceTest.php" line="31" assertions="1" time="0.000376"/>
        <testcase name="testGetAsStringFormat" class="App\Tests\Dice\DiceTest" classname="App.Tests.Dice.DiceTest" file="/home/kasper/dbwebb-kurser/mvc/me/report/tests/Dice/DiceTest.php" line="44" assertions="3" time="0.001316"/>
      </testsuite>
      <testsuite name="App\Proj\BankStrategyTest" file="/home/kasper/dbwebb-kurser/mvc/me/report/tests/Proj/BankStrategyTest.php" tests="2" assertions="5" errors="0" warnings="0" failures="0" skipped="0" time="0.002344">
        <testcase name="testBankStrategyEdgeCases" class="App\Proj\BankStrategyTest" classname="App.Proj.BankStrategyTest" file="/home/kasper/dbwebb-kurser/mvc/me/report/tests/Proj/BankStrategyTest.php" line="13" assertions="4" time="0.000696"/>
        <testcase name="testPlayTurn" class="App\Proj\BankStrategyTest" classname="App.Proj.BankStrategyTest" file="/home/kasper/dbwebb-kurser/mvc/me/report/tests/Proj/BankStrategyTest.php" line="23" assertions="1" time="0.001648"/>
      </testsuite>
      <testsuite name="App\Proj\GameStateTest" file="/home/kasper/dbwebb-kurser/mvc/me/report/tests/Proj/GameStateTest.php" tests="6" assertions="10" errors="0" warnings="0" failures="0" skipped="0" time="0.003865">
        <testcase name="testInitialState" class="App\Proj\GameStateTest" classname="App.Proj.GameStateTest" file="/home/kasper/dbwebb-kurser/mvc/me/report/tests/Proj/GameStateTest.php" line="14" assertions="2" time="0.000858"/>
        <testcase name="testEndGame" class="App\Proj\GameStateTest" classname="App.Proj.GameStateTest" file="/home/kasper/dbwebb-kurser/mvc/me/report/tests/Proj/GameStateTest.php" line="21" assertions="1" time="0.000370"/>
        <testcase name="testHasBlackjack" class="App\Proj\GameStateTest" classname="App.Proj.GameStateTest" file="/home/kasper/dbwebb-kurser/mvc/me/report/tests/Proj/GameStateTest.php" line="28" assertions="2" time="0.000395"/>
        <testcase name="testEvaluateResults" class="App\Proj\GameStateTest" classname="App.Proj.GameStateTest" file="/home/kasper/dbwebb-kurser/mvc/me/report/tests/Proj/GameStateTest.php" line="41" assertions="3" time="0.001411"/>
        <testcase name="testGetBankScore" class="App\Proj\GameStateTest" classname="App.Proj.GameStateTest" file="/home/kasper/dbwebb-kurser/mvc/me/report/tests/Proj/GameStateTest.php" line="79" assertions="1" time="0.000419"/>
        <testcase name="testSetBankScore" class="App\Proj\GameStateTest" classname="App.Proj.GameStateTest" file="/home/kasper/dbwebb-kurser/mvc/me/report/tests/Proj/GameStateTest.php" line="89" assertions="1" time="0.000411"/>
      </testsuite>
      <testsuite name="App\Proj\PlayerTest" file="/home/kasper/dbwebb-kurser/mvc/me/report/tests/Proj/PlayerTest.php" tests="4" assertions="12" errors="0" warnings="0" failures="0" skipped="0" time="0.001509">
        <testcase name="testPlayerCreation" class="App\Proj\PlayerTest" classname="App.Proj.PlayerTest" file="/home/kasper/dbwebb-kurser/mvc/me/report/tests/Proj/PlayerTest.php" line="9" assertions="2" time="0.000347"/>
        <testcase name="testPlaceBet" class="App\Proj\PlayerTest" classname="App.Proj.PlayerTest" file="/home/kasper/dbwebb-kurser/mvc/me/report/tests/Proj/PlayerTest.php" line="16" assertions="4" time="0.000376"/>
        <testcase name="testWinLosePush" class="App\Proj\PlayerTest" classname="App.Proj.PlayerTest" file="/home/kasper/dbwebb-kurser/mvc/me/report/tests/Proj/PlayerTest.php" line="26" assertions="3" time="0.000422"/>
        <testcase name="testUpdateBet" class="App\Proj\PlayerTest" classname="App.Proj.PlayerTest" file="/home/kasper/dbwebb-kurser/mvc/me/report/tests/Proj/PlayerTest.php" line="43" assertions="3" time="0.000365"/>
      </testsuite>
      <testsuite name="App\Proj\ProjDeckTest" file="/home/kasper/dbwebb-kurser/mvc/me/report/tests/Proj/ProjDeckTest.php" tests="5" assertions="12" errors="0" warnings="0" failures="0" skipped="0" time="0.006848">
        <testcase name="testCreateDeck" class="App\Proj\ProjDeckTest" classname="App.Proj.ProjDeckTest" file="/home/kasper/dbwebb-kurser/mvc/me/report/tests/Proj/ProjDeckTest.php" line="9" assertions="2" time="0.000443"/>
        <testcase name="testShuffle" class="App\Proj\ProjDeckTest" classname="App.Proj.ProjDeckTest" file="/home/kasper/dbwebb-kurser/mvc/me/report/tests/Proj/ProjDeckTest.php" line="16" assertions="2" time="0.002829"/>
        <testcase name="testDrawCard" class="App\Proj\ProjDeckTest" classname="App.Proj.ProjDeckTest" file="/home/kasper/dbwebb-kurser/mvc/me/report/tests/Proj/ProjDeckTest.php" line="27" assertions="2" time="0.000421"/>
        <testcase name="testGetSortedCards" class="App\Proj\ProjDeckTest" classname="App.Proj.ProjDeckTest" file="/home/kasper/dbwebb-kurser/mvc/me/report/tests/Proj/ProjDeckTest.php" line="37" assertions="5" time="0.002807"/>
        <testcase name="testGetString" class="App\Proj\ProjDeckTest" classname="App.Proj.ProjDeckTest" file="/home/kasper/dbwebb-kurser/mvc/me/report/tests/Proj/ProjDeckTest.php" line="50" assertions="1" time="0.000348"/>
      </testsuite>
      <testsuite name="App\Proj\ProjGameControllerTest" file="/home/kasper/dbwebb-kurser/mvc/me/report/tests/Proj/ProjGameControllerTest.php" tests="7" assertions="16" errors="0" warnings="0" failures="0" skipped="0" time="0.200502">
        <testcase name="testGameRedirectsWhenNoSession" class="App\Proj\ProjGameControllerTest" classname="App.Proj.ProjGameControllerTest" file="/home/kasper/dbwebb-kurser/mvc/me/report/tests/Proj/ProjGameControllerTest.php" line="9" assertions="2" time="0.012524"/>
        <testcase name="testGameRendersTemplateWithGameData" class="App\Proj\ProjGameControllerTest" classname="App.Proj.ProjGameControllerTest" file="/home/kasper/dbwebb-kurser/mvc/me/report/tests/Proj/ProjGameControllerTest.php" line="16" assertions="3" time="0.040078"/>
        <testcase name="testInitGameWithNewPlayer" class="App\Proj\ProjGameControllerTest" classname="App.Proj.ProjGameControllerTest" file="/home/kasper/dbwebb-kurser/mvc/me/report/tests/Proj/ProjGameControllerTest.php" line="32" assertions="2" time="0.012748"/>
        <testcase name="testDrawCard" class="App\Proj\ProjGameControllerTest" classname="App.Proj.ProjGameControllerTest" file="/home/kasper/dbwebb-kurser/mvc/me/report/tests/Proj/ProjGameControllerTest.php" line="44" assertions="3" time="0.040291"/>
        <testcase name="testStand" class="App\Proj\ProjGameControllerTest" classname="App.Proj.ProjGameControllerTest" file="/home/kasper/dbwebb-kurser/mvc/me/report/tests/Proj/ProjGameControllerTest.php" line="61" assertions="2" time="0.023156"/>
        <testcase name="testNewRound" class="App\Proj\ProjGameControllerTest" classname="App.Proj.ProjGameControllerTest" file="/home/kasper/dbwebb-kurser/mvc/me/report/tests/Proj/ProjGameControllerTest.php" line="75" assertions="2" time="0.033070"/>
        <testcase name="testNewRoundWithInvalidBet" class="App\Proj\ProjGameControllerTest" classname="App.Proj.ProjGameControllerTest" file="/home/kasper/dbwebb-kurser/mvc/me/report/tests/Proj/ProjGameControllerTest.php" line="95" assertions="2" time="0.038634"/>
      </testsuite>
      <testsuite name="App\Proj\ProjGameTest" file="/home/kasper/dbwebb-kurser/mvc/me/report/tests/Proj/ProjGameTest.php" tests="10" assertions="13" errors="0" warnings="0" failures="0" skipped="0" time="0.005752">
        <testcase name="testGameInitialization" class="App\Proj\ProjGameTest" classname="App.Proj.ProjGameTest" file="/home/kasper/dbwebb-kurser/mvc/me/report/tests/Proj/ProjGameTest.php" line="20" assertions="2" time="0.000997"/>
        <testcase name="testPlayerDraw" class="App\Proj\ProjGameTest" classname="App.Proj.ProjGameTest" file="/home/kasper/dbwebb-kurser/mvc/me/report/tests/Proj/ProjGameTest.php" line="26" assertions="1" time="0.000597"/>
        <testcase name="testPlayerDrawGameOver" class="App\Proj\ProjGameTest" classname="App.Proj.ProjGameTest" file="/home/kasper/dbwebb-kurser/mvc/me/report/tests/Proj/ProjGameTest.php" line="32" assertions="1" time="0.000720"/>
        <testcase name="testPlayerStop" class="App\Proj\ProjGameTest" classname="App.Proj.ProjGameTest" file="/home/kasper/dbwebb-kurser/mvc/me/report/tests/Proj/ProjGameTest.php" line="40" assertions="1" time="0.000638"/>
        <testcase name="testAddHand" class="App\Proj\ProjGameTest" classname="App.Proj.ProjGameTest" file="/home/kasper/dbwebb-kurser/mvc/me/report/tests/Proj/ProjGameTest.php" line="46" assertions="2" time="0.000518"/>
        <testcase name="testGetCurrentHandIndex" class="App\Proj\ProjGameTest" classname="App.Proj.ProjGameTest" file="/home/kasper/dbwebb-kurser/mvc/me/report/tests/Proj/ProjGameTest.php" line="52" assertions="2" time="0.000457"/>
        <testcase name="testGetHandScore" class="App\Proj\ProjGameTest" classname="App.Proj.ProjGameTest" file="/home/kasper/dbwebb-kurser/mvc/me/report/tests/Proj/ProjGameTest.php" line="59" assertions="1" time="0.000458"/>
        <testcase name="testGetDeck" class="App\Proj\ProjGameTest" classname="App.Proj.ProjGameTest" file="/home/kasper/dbwebb-kurser/mvc/me/report/tests/Proj/ProjGameTest.php" line="67" assertions="1" time="0.000431"/>
        <testcase name="testGetBankHand" class="App\Proj\ProjGameTest" classname="App.Proj.ProjGameTest" file="/home/kasper/dbwebb-kurser/mvc/me/report/tests/Proj/ProjGameTest.php" line="72" assertions="1" time="0.000488"/>
        <testcase name="testGetBankScore" class="App\Proj\ProjGameTest" classname="App.Proj.ProjGameTest" file="/home/kasper/dbwebb-kurser/mvc/me/report/tests/Proj/ProjGameTest.php" line="77" assertions="1" time="0.000448"/>
      </testsuite>
      <testsuite name="App\Proj\ProjGameWinnerTest" file="/home/kasper/dbwebb-kurser/mvc/me/report/tests/Proj/ProjGameWinnerTest.php" tests="5" assertions="5" errors="0" warnings="0" failures="0" skipped="0" time="0.003780">
        <testcase name="testGetWinnerPlayerWins" class="App\Proj\ProjGameWinnerTest" classname="App.Proj.ProjGameWinnerTest" file="/home/kasper/dbwebb-kurser/mvc/me/report/tests/Proj/ProjGameWinnerTest.php" line="20" assertions="1" time="0.000750"/>
        <testcase name="testGetWinnerBankWins" class="App\Proj\ProjGameWinnerTest" classname="App.Proj.ProjGameWinnerTest" file="/home/kasper/dbwebb-kurser/mvc/me/report/tests/Proj/ProjGameWinnerTest.php" line="34" assertions="1" time="0.000688"/>
        <testcase name="testGetWinnerPush" class="App\Proj\ProjGameWinnerTest" classname="App.Proj.ProjGameWinnerTest" file="/home/kasper/dbwebb-kurser/mvc/me/report/tests/Proj/ProjGameWinnerTest.php" line="48" assertions="1" time="0.000846"/>
        <testcase name="testGetWinnerPlayerBlackjack" class="App\Proj\ProjGameWinnerTest" classname="App.Proj.ProjGameWinnerTest" file="/home/kasper/dbwebb-kurser/mvc/me/report/tests/Proj/ProjGameWinnerTest.php" line="72" assertions="1" time="0.000835"/>
        <testcase name="testGetWinnerBankBust" class="App\Proj\ProjGameWinnerTest" classname="App.Proj.ProjGameWinnerTest" file="/home/kasper/dbwebb-kurser/mvc/me/report/tests/Proj/ProjGameWinnerTest.php" line="96" assertions="1" time="0.000662"/>
      </testsuite>
      <testsuite name="App\Proj\ProjGraphicTest" file="/home/kasper/dbwebb-kurser/mvc/me/report/tests/Proj/ProjGraphicTest.php" tests="4" assertions="57" errors="0" warnings="0" failures="0" skipped="0" time="0.002268">
        <testcase name="testCardGraphicCreation" class="App\Proj\ProjGraphicTest" classname="App.Proj.ProjGraphicTest" file="/home/kasper/dbwebb-kurser/mvc/me/report/tests/Proj/ProjGraphicTest.php" line="9" assertions="2" time="0.000295"/>
        <testcase name="testGetAsString" class="App\Proj\ProjGraphicTest" classname="App.Proj.ProjGraphicTest" file="/home/kasper/dbwebb-kurser/mvc/me/report/tests/Proj/ProjGraphicTest.php" line="16" assertions="1" time="0.000293"/>
        <testcase name="testGetColor" class="App\Proj\ProjGraphicTest" classname="App.Proj.ProjGraphicTest" file="/home/kasper/dbwebb-kurser/mvc/me/report/tests/Proj/ProjGraphicTest.php" line="22" assertions="2" time="0.000331"/>
        <testcase name="testAllSymbols" class="App\Proj\ProjGraphicTest" classname="App.Proj.ProjGraphicTest" file="/home/kasper/dbwebb-kurser/mvc/me/report/tests/Proj/ProjGraphicTest.php" line="31" assertions="52" time="0.001349"/>
      </testsuite>
      <testsuite name="App\Proj\ProjHandManagerTest" file="/home/kasper/dbwebb-kurser/mvc/me/report/tests/Proj/ProjHandManagerTest.php" tests="3" assertions="10" errors="0" warnings="0" failures="0" skipped="0" time="0.000961">
        <testcase name="testInitialState" class="App\Proj\ProjHandManagerTest" classname="App.Proj.ProjHandManagerTest" file="/home/kasper/dbwebb-kurser/mvc/me/report/tests/Proj/ProjHandManagerTest.php" line="9" assertions="2" time="0.000312"/>
        <testcase name="testAddHand" class="App\Proj\ProjHandManagerTest" classname="App.Proj.ProjHandManagerTest" file="/home/kasper/dbwebb-kurser/mvc/me/report/tests/Proj/ProjHandManagerTest.php" line="16" assertions="5" time="0.000337"/>
        <testcase name="testNextHand" class="App\Proj\ProjHandManagerTest" classname="App.Proj.ProjHandManagerTest" file="/home/kasper/dbwebb-kurser/mvc/me/report/tests/Proj/ProjHandManagerTest.php" line="28" assertions="3" time="0.000312"/>
      </testsuite>
      <testsuite name="App\Proj\ProjHandTest" file="/home/kasper/dbwebb-kurser/mvc/me/report/tests/Proj/ProjHandTest.php" tests="5" assertions="7" errors="0" warnings="0" failures="0" skipped="0" time="0.001487">
        <testcase name="testCreateEmptyHand" class="App\Proj\ProjHandTest" classname="App.Proj.ProjHandTest" file="/home/kasper/dbwebb-kurser/mvc/me/report/tests/Proj/ProjHandTest.php" line="10" assertions="2" time="0.000293"/>
        <testcase name="testAddCard" class="App\Proj\ProjHandTest" classname="App.Proj.ProjHandTest" file="/home/kasper/dbwebb-kurser/mvc/me/report/tests/Proj/ProjHandTest.php" line="17" assertions="2" time="0.000337"/>
        <testcase name="testGetNumberCards" class="App\Proj\ProjHandTest" classname="App.Proj.ProjHandTest" file="/home/kasper/dbwebb-kurser/mvc/me/report/tests/Proj/ProjHandTest.php" line="27" assertions="1" time="0.000291"/>
        <testcase name="testGetValues" class="App\Proj\ProjHandTest" classname="App.Proj.ProjHandTest" file="/home/kasper/dbwebb-kurser/mvc/me/report/tests/Proj/ProjHandTest.php" line="36" assertions="1" time="0.000270"/>
        <testcase name="testGetString" class="App\Proj\ProjHandTest" classname="App.Proj.ProjHandTest" file="/home/kasper/dbwebb-kurser/mvc/me/report/tests/Proj/ProjHandTest.php" line="46" assertions="1" time="0.000295"/>
      </testsuite>
      <testsuite name="App\Proj\ProjHomeControllerTest" file="/home/kasper/dbwebb-kurser/mvc/me/report/tests/Proj/ProjHomeControllerTest.php" tests="2" assertions="6" errors="0" warnings="0" failures="0" skipped="0" time="0.036114">
        <testcase name="testHomePage" class="App\Proj\ProjHomeControllerTest" classname="App.Proj.ProjHomeControllerTest" file="/home/kasper/dbwebb-kurser/mvc/me/report/tests/Proj/ProjHomeControllerTest.php" line="9" assertions="3" time="0.020438"/>
        <testcase name="testAboutPage" class="App\Proj\ProjHomeControllerTest" classname="App.Proj.ProjHomeControllerTest" file="/home/kasper/dbwebb-kurser/mvc/me/report/tests/Proj/ProjHomeControllerTest.php" line="18" assertions="3" time="0.015676"/>
      </testsuite>
      <testsuite name="App\Proj\ProjPlayerControllerTest" file="/home/kasper/dbwebb-kurser/mvc/me/report/tests/Proj/ProjPlayerControllerTest.php" tests="3" assertions="7" errors="0" warnings="0" failures="0" skipped="0" time="0.065576">
        <testcase name="testConfigRedirectsWhenNoPlayer" class="App\Proj\ProjPlayerControllerTest" classname="App.Proj.ProjPlayerControllerTest" file="/home/kasper/dbwebb-kurser/mvc/me/report/tests/Proj/ProjPlayerControllerTest.php" line="9" assertions="2" time="0.009228"/>
        <testcase name="testConfigWithPlayer" class="App\Proj\ProjPlayerControllerTest" classname="App.Proj.ProjPlayerControllerTest" file="/home/kasper/dbwebb-kurser/mvc/me/report/tests/Proj/ProjPlayerControllerTest.php" line="17" assertions="3" time="0.032034"/>
        <testcase name="testUpdateConfig" class="App\Proj\ProjPlayerControllerTest" classname="App.Proj.ProjPlayerControllerTest" file="/home/kasper/dbwebb-kurser/mvc/me/report/tests/Proj/ProjPlayerControllerTest.php" line="32" assertions="2" time="0.024314"/>
      </testsuite>
      <testsuite name="App\Proj\ProjPlayerDrawTest" file="/home/kasper/dbwebb-kurser/mvc/me/report/tests/Proj/ProjPlayerDrawTest.php" tests="2" assertions="3" errors="0" warnings="0" failures="0" skipped="0" time="0.001901">
        <testcase name="testPlayerDrawBasic" class="App\Proj\ProjPlayerDrawTest" classname="App.Proj.ProjPlayerDrawTest" file="/home/kasper/dbwebb-kurser/mvc/me/report/tests/Proj/ProjPlayerDrawTest.php" line="12" assertions="2" time="0.000922"/>
        <testcase name="testPlayerDrawBust" class="App\Proj\ProjPlayerDrawTest" classname="App.Proj.ProjPlayerDrawTest" file="/home/kasper/dbwebb-kurser/mvc/me/report/tests/Proj/ProjPlayerDrawTest.php" line="27" assertions="1" time="0.000979"/>
      </testsuite>
      <testsuite name="App\Proj\ProjResetControllerTest" file="/home/kasper/dbwebb-kurser/mvc/me/report/tests/Proj/ProjResetControllerTest.php" tests="2" assertions="8" errors="0" warnings="0" failures="0" skipped="0" time="0.070025">
        <testcase name="testReset" class="App\Proj\ProjResetControllerTest" classname="App.Proj.ProjResetControllerTest" file="/home/kasper/dbwebb-kurser/mvc/me/report/tests/Proj/ProjResetControllerTest.php" line="9" assertions="4" time="0.032971"/>
        <testcase name="testFullReset" class="App\Proj\ProjResetControllerTest" classname="App.Proj.ProjResetControllerTest" file="/home/kasper/dbwebb-kurser/mvc/me/report/tests/Proj/ProjResetControllerTest.php" line="26" assertions="4" time="0.037055"/>
      </testsuite>
      <testsuite name="App\Proj\ProjTest" file="/home/kasper/dbwebb-kurser/mvc/me/report/tests/Proj/ProjTest.php" tests="5" assertions="6" errors="0" warnings="0" failures="0" skipped="0" time="0.001819">
        <testcase name="testProjCreation" class="App\Proj\ProjTest" classname="App.Proj.ProjTest" file="/home/kasper/dbwebb-kurser/mvc/me/report/tests/Proj/ProjTest.php" line="9" assertions="1" time="0.000363"/>
        <testcase name="testGetSuit" class="App\Proj\ProjTest" classname="App.Proj.ProjTest" file="/home/kasper/dbwebb-kurser/mvc/me/report/tests/Proj/ProjTest.php" line="15" assertions="1" time="0.000467"/>
        <testcase name="testGetValue" class="App\Proj\ProjTest" classname="App.Proj.ProjTest" file="/home/kasper/dbwebb-kurser/mvc/me/report/tests/Proj/ProjTest.php" line="21" assertions="1" time="0.000323"/>
        <testcase name="testGetAsString" class="App\Proj\ProjTest" classname="App.Proj.ProjTest" file="/home/kasper/dbwebb-kurser/mvc/me/report/tests/Proj/ProjTest.php" line="27" assertions="1" time="0.000358"/>
        <testcase name="testMatches" class="App\Proj\ProjTest" classname="App.Proj.ProjTest" file="/home/kasper/dbwebb-kurser/mvc/me/report/tests/Proj/ProjTest.php" line="33" assertions="2" time="0.000308"/>
      </testsuite>
      <testsuite name="App\Proj\ScoreCalculatorTest" file="/home/kasper/dbwebb-kurser/mvc/me/report/tests/Proj/ScoreCalculatorTest.php" tests="1" assertions="3" errors="0" warnings="0" failures="0" skipped="0" time="0.000413">
        <testcase name="testCalculateScore" class="App\Proj\ScoreCalculatorTest" classname="App.Proj.ScoreCalculatorTest" file="/home/kasper/dbwebb-kurser/mvc/me/report/tests/Proj/ScoreCalculatorTest.php" line="9" assertions="3" time="0.000413"/>
      </testsuite>
    </testsuite>
  </testsuite>
</testsuites>
