<?xml version="1.0" encoding="UTF-8"?>
<testsuites>
  <testsuite name="" tests="60" assertions="199" errors="0" warnings="0" failures="0" skipped="0" time="1.525970">
    <testsuite name="Project Test Suite" tests="60" assertions="199" errors="0" warnings="0" failures="0" skipped="0" time="1.525970">
      <testsuite name="App\Card\CardGraphicTest" file="/home/kasper/dbwebb-kurser/mvc/me/report/tests/Card/CardGraphicTest.php" tests="4" assertions="57" errors="0" warnings="0" failures="0" skipped="0" time="0.013346">
        <testcase name="testCardGraphicCreation" class="App\Card\CardGraphicTest" classname="App.Card.CardGraphicTest" file="/home/kasper/dbwebb-kurser/mvc/me/report/tests/Card/CardGraphicTest.php" line="12" assertions="2" time="0.009105"/>
        <testcase name="testGetAsString" class="App\Card\CardGraphicTest" classname="App.Card.CardGraphicTest" file="/home/kasper/dbwebb-kurser/mvc/me/report/tests/Card/CardGraphicTest.php" line="19" assertions="1" time="0.001046"/>
        <testcase name="testGetColor" class="App\Card\CardGraphicTest" classname="App.Card.CardGraphicTest" file="/home/kasper/dbwebb-kurser/mvc/me/report/tests/Card/CardGraphicTest.php" line="25" assertions="2" time="0.000363"/>
        <testcase name="testAllSymbols" class="App\Card\CardGraphicTest" classname="App.Card.CardGraphicTest" file="/home/kasper/dbwebb-kurser/mvc/me/report/tests/Card/CardGraphicTest.php" line="34" assertions="52" time="0.002832"/>
      </testsuite>
      <testsuite name="App\Card\CardHandTest" file="/home/kasper/dbwebb-kurser/mvc/me/report/tests/Card/CardHandTest.php" tests="5" assertions="7" errors="0" warnings="0" failures="0" skipped="0" time="0.002948">
        <testcase name="testCreateEmptyHand" class="App\Card\CardHandTest" classname="App.Card.CardHandTest" file="/home/kasper/dbwebb-kurser/mvc/me/report/tests/Card/CardHandTest.php" line="12" assertions="2" time="0.001590"/>
        <testcase name="testAddCard" class="App\Card\CardHandTest" classname="App.Card.CardHandTest" file="/home/kasper/dbwebb-kurser/mvc/me/report/tests/Card/CardHandTest.php" line="19" assertions="2" time="0.000348"/>
        <testcase name="testGetNumberCards" class="App\Card\CardHandTest" classname="App.Card.CardHandTest" file="/home/kasper/dbwebb-kurser/mvc/me/report/tests/Card/CardHandTest.php" line="29" assertions="1" time="0.000392"/>
        <testcase name="testGetValues" class="App\Card\CardHandTest" classname="App.Card.CardHandTest" file="/home/kasper/dbwebb-kurser/mvc/me/report/tests/Card/CardHandTest.php" line="38" assertions="1" time="0.000284"/>
        <testcase name="testGetString" class="App\Card\CardHandTest" classname="App.Card.CardHandTest" file="/home/kasper/dbwebb-kurser/mvc/me/report/tests/Card/CardHandTest.php" line="48" assertions="1" time="0.000334"/>
      </testsuite>
      <testsuite name="App\Card\CardTest" file="/home/kasper/dbwebb-kurser/mvc/me/report/tests/Card/CardTest.php" tests="4" assertions="4" errors="0" warnings="0" failures="0" skipped="0" time="0.001162">
        <testcase name="testCardCreation" class="App\Card\CardTest" classname="App.Card.CardTest" file="/home/kasper/dbwebb-kurser/mvc/me/report/tests/Card/CardTest.php" line="12" assertions="1" time="0.000294"/>
        <testcase name="testGetSuit" class="App\Card\CardTest" classname="App.Card.CardTest" file="/home/kasper/dbwebb-kurser/mvc/me/report/tests/Card/CardTest.php" line="18" assertions="1" time="0.000293"/>
        <testcase name="testGetValue" class="App\Card\CardTest" classname="App.Card.CardTest" file="/home/kasper/dbwebb-kurser/mvc/me/report/tests/Card/CardTest.php" line="24" assertions="1" time="0.000295"/>
        <testcase name="testGetAsString" class="App\Card\CardTest" classname="App.Card.CardTest" file="/home/kasper/dbwebb-kurser/mvc/me/report/tests/Card/CardTest.php" line="30" assertions="1" time="0.000280"/>
      </testsuite>
      <testsuite name="App\Card\DeckOfCardsTest" file="/home/kasper/dbwebb-kurser/mvc/me/report/tests/Card/DeckOfCardsTest.php" tests="5" assertions="12" errors="0" warnings="0" failures="0" skipped="0" time="0.009594">
        <testcase name="testCreateDeck" class="App\Card\DeckOfCardsTest" classname="App.Card.DeckOfCardsTest" file="/home/kasper/dbwebb-kurser/mvc/me/report/tests/Card/DeckOfCardsTest.php" line="13" assertions="2" time="0.001362"/>
        <testcase name="testShuffle" class="App\Card\DeckOfCardsTest" classname="App.Card.DeckOfCardsTest" file="/home/kasper/dbwebb-kurser/mvc/me/report/tests/Card/DeckOfCardsTest.php" line="20" assertions="2" time="0.004301"/>
        <testcase name="testDrawCard" class="App\Card\DeckOfCardsTest" classname="App.Card.DeckOfCardsTest" file="/home/kasper/dbwebb-kurser/mvc/me/report/tests/Card/DeckOfCardsTest.php" line="31" assertions="2" time="0.000435"/>
        <testcase name="testGetSortedCards" class="App\Card\DeckOfCardsTest" classname="App.Card.DeckOfCardsTest" file="/home/kasper/dbwebb-kurser/mvc/me/report/tests/Card/DeckOfCardsTest.php" line="41" assertions="5" time="0.003074"/>
        <testcase name="testGetString" class="App\Card\DeckOfCardsTest" classname="App.Card.DeckOfCardsTest" file="/home/kasper/dbwebb-kurser/mvc/me/report/tests/Card/DeckOfCardsTest.php" line="56" assertions="1" time="0.000421"/>
      </testsuite>
      <testsuite name="App\Tests\Card\BankStrategyTest" file="/home/kasper/dbwebb-kurser/mvc/me/report/tests/CardGame/BankStrategyTest.php" tests="1" assertions="4" errors="0" warnings="0" failures="0" skipped="0" time="0.001600">
        <testcase name="testBankStrategyEdgeCases" class="App\Tests\Card\BankStrategyTest" classname="App.Tests.Card.BankStrategyTest" file="/home/kasper/dbwebb-kurser/mvc/me/report/tests/CardGame/BankStrategyTest.php" line="10" assertions="4" time="0.001600"/>
      </testsuite>
      <testsuite name="App\Card\CardGameTest" file="/home/kasper/dbwebb-kurser/mvc/me/report/tests/CardGame/CardGameTest.php" tests="10" assertions="32" errors="0" warnings="0" failures="0" skipped="0" time="0.027713">
        <testcase name="testCreateCardGame" class="App\Card\CardGameTest" classname="App.Card.CardGameTest" file="/home/kasper/dbwebb-kurser/mvc/me/report/tests/CardGame/CardGameTest.php" line="12" assertions="4" time="0.012954"/>
        <testcase name="testPlayerDraw" class="App\Card\CardGameTest" classname="App.Card.CardGameTest" file="/home/kasper/dbwebb-kurser/mvc/me/report/tests/CardGame/CardGameTest.php" line="23" assertions="5" time="0.006111"/>
        <testcase name="testPlayerBust" class="App\Card\CardGameTest" classname="App.Card.CardGameTest" file="/home/kasper/dbwebb-kurser/mvc/me/report/tests/CardGame/CardGameTest.php" line="44" assertions="2" time="0.000718"/>
        <testcase name="testPlayerStopTriggersBankPlay" class="App\Card\CardGameTest" classname="App.Card.CardGameTest" file="/home/kasper/dbwebb-kurser/mvc/me/report/tests/CardGame/CardGameTest.php" line="64" assertions="2" time="0.000720"/>
        <testcase name="testScoreCalculationThroughGameplay" class="App\Card\CardGameTest" classname="App.Card.CardGameTest" file="/home/kasper/dbwebb-kurser/mvc/me/report/tests/CardGame/CardGameTest.php" line="85" assertions="5" time="0.002147"/>
        <testcase name="testGetBankHand" class="App\Card\CardGameTest" classname="App.Card.CardGameTest" file="/home/kasper/dbwebb-kurser/mvc/me/report/tests/CardGame/CardGameTest.php" line="152" assertions="2" time="0.001147"/>
        <testcase name="testAllWinnerScenarios" class="App\Card\CardGameTest" classname="App.Card.CardGameTest" file="/home/kasper/dbwebb-kurser/mvc/me/report/tests/CardGame/CardGameTest.php" line="167" assertions="6" time="0.002067"/>
        <testcase name="testGameInitializesWithEmptyHands" class="App\Card\CardGameTest" classname="App.Card.CardGameTest" file="/home/kasper/dbwebb-kurser/mvc/me/report/tests/CardGame/CardGameTest.php" line="246" assertions="2" time="0.000474"/>
        <testcase name="testBankStopsAt17" class="App\Card\CardGameTest" classname="App.Card.CardGameTest" file="/home/kasper/dbwebb-kurser/mvc/me/report/tests/CardGame/CardGameTest.php" line="255" assertions="2" time="0.000731"/>
        <testcase name="testBankStopsWhenPlayerBusted" class="App\Card\CardGameTest" classname="App.Card.CardGameTest" file="/home/kasper/dbwebb-kurser/mvc/me/report/tests/CardGame/CardGameTest.php" line="278" assertions="2" time="0.000644"/>
      </testsuite>
      <testsuite name="App\Tests\Card\GameStateTest" file="/home/kasper/dbwebb-kurser/mvc/me/report/tests/CardGame/GameStateTest.php" tests="3" assertions="8" errors="0" warnings="0" failures="0" skipped="0" time="0.001177">
        <testcase name="testInitialState" class="App\Tests\Card\GameStateTest" classname="App.Tests.Card.GameStateTest" file="/home/kasper/dbwebb-kurser/mvc/me/report/tests/CardGame/GameStateTest.php" line="12" assertions="5" time="0.000448"/>
        <testcase name="testScoreUpdates" class="App\Tests\Card\GameStateTest" classname="App.Tests.Card.GameStateTest" file="/home/kasper/dbwebb-kurser/mvc/me/report/tests/CardGame/GameStateTest.php" line="23" assertions="2" time="0.000365"/>
        <testcase name="testGameOver" class="App\Tests\Card\GameStateTest" classname="App.Tests.Card.GameStateTest" file="/home/kasper/dbwebb-kurser/mvc/me/report/tests/CardGame/GameStateTest.php" line="33" assertions="1" time="0.000365"/>
      </testsuite>
      <testsuite name="App\Tests\Card\ScoreCalculatorTest" file="/home/kasper/dbwebb-kurser/mvc/me/report/tests/CardGame/ScoreCalculatorTest.php" tests="1" assertions="4" errors="0" warnings="0" failures="0" skipped="0" time="0.000445">
        <testcase name="testCalculateScore" class="App\Tests\Card\ScoreCalculatorTest" classname="App.Tests.Card.ScoreCalculatorTest" file="/home/kasper/dbwebb-kurser/mvc/me/report/tests/CardGame/ScoreCalculatorTest.php" line="12" assertions="4" time="0.000445"/>
      </testsuite>
      <testsuite name="App\Tests\Controller\CardControllerTest" file="/home/kasper/dbwebb-kurser/mvc/me/report/tests/Controller/CardControllerTest.php" tests="4" assertions="9" errors="0" warnings="0" failures="0" skipped="0" time="0.713279">
        <testcase name="testHomePage" class="App\Tests\Controller\CardControllerTest" classname="App.Tests.Controller.CardControllerTest" file="/home/kasper/dbwebb-kurser/mvc/me/report/tests/Controller/CardControllerTest.php" line="9" assertions="3" time="0.619281"/>
        <testcase name="testDeckPage" class="App\Tests\Controller\CardControllerTest" classname="App.Tests.Controller.CardControllerTest" file="/home/kasper/dbwebb-kurser/mvc/me/report/tests/Controller/CardControllerTest.php" line="18" assertions="2" time="0.044950"/>
        <testcase name="testShufflePage" class="App\Tests\Controller\CardControllerTest" classname="App.Tests.Controller.CardControllerTest" file="/home/kasper/dbwebb-kurser/mvc/me/report/tests/Controller/CardControllerTest.php" line="27" assertions="2" time="0.029123"/>
        <testcase name="testDrawCard" class="App\Tests\Controller\CardControllerTest" classname="App.Tests.Controller.CardControllerTest" file="/home/kasper/dbwebb-kurser/mvc/me/report/tests/Controller/CardControllerTest.php" line="36" assertions="2" time="0.019924"/>
      </testsuite>
      <testsuite name="App\Tests\Controller\CardGameControllerTest" file="/home/kasper/dbwebb-kurser/mvc/me/report/tests/Controller/CardGameControllerTest.php" tests="3" assertions="7" errors="0" warnings="0" failures="0" skipped="0" time="0.061122">
        <testcase name="testGameHome" class="App\Tests\Controller\CardGameControllerTest" classname="App.Tests.Controller.CardGameControllerTest" file="/home/kasper/dbwebb-kurser/mvc/me/report/tests/Controller/CardGameControllerTest.php" line="9" assertions="3" time="0.020073"/>
        <testcase name="testGamePlay" class="App\Tests\Controller\CardGameControllerTest" classname="App.Tests.Controller.CardGameControllerTest" file="/home/kasper/dbwebb-kurser/mvc/me/report/tests/Controller/CardGameControllerTest.php" line="18" assertions="2" time="0.022189"/>
        <testcase name="testGameDraw" class="App\Tests\Controller\CardGameControllerTest" classname="App.Tests.Controller.CardGameControllerTest" file="/home/kasper/dbwebb-kurser/mvc/me/report/tests/Controller/CardGameControllerTest.php" line="27" assertions="2" time="0.018860"/>
      </testsuite>
      <testsuite name="App\Tests\Controller\DiceGameControllerTest" file="/home/kasper/dbwebb-kurser/mvc/me/report/tests/Controller/DiceGameControllerTest.php" tests="9" assertions="20" errors="0" warnings="0" failures="0" skipped="0" time="0.555955">
        <testcase name="testHomeRoute" class="App\Tests\Controller\DiceGameControllerTest" classname="App.Tests.Controller.DiceGameControllerTest" file="/home/kasper/dbwebb-kurser/mvc/me/report/tests/Controller/DiceGameControllerTest.php" line="10" assertions="3" time="0.023840"/>
        <testcase name="testTestRollDice" class="App\Tests\Controller\DiceGameControllerTest" classname="App.Tests.Controller.DiceGameControllerTest" file="/home/kasper/dbwebb-kurser/mvc/me/report/tests/Controller/DiceGameControllerTest.php" line="19" assertions="2" time="0.018657"/>
        <testcase name="testTestRollNumDices" class="App\Tests\Controller\DiceGameControllerTest" classname="App.Tests.Controller.DiceGameControllerTest" file="/home/kasper/dbwebb-kurser/mvc/me/report/tests/Controller/DiceGameControllerTest.php" line="28" assertions="3" time="0.017242"/>
        <testcase name="testTestRollNumDicesMaxLimit" class="App\Tests\Controller\DiceGameControllerTest" classname="App.Tests.Controller.DiceGameControllerTest" file="/home/kasper/dbwebb-kurser/mvc/me/report/tests/Controller/DiceGameControllerTest.php" line="37" assertions="1" time="0.211482"/>
        <testcase name="testTestDiceHand" class="App\Tests\Controller\DiceGameControllerTest" classname="App.Tests.Controller.DiceGameControllerTest" file="/home/kasper/dbwebb-kurser/mvc/me/report/tests/Controller/DiceGameControllerTest.php" line="45" assertions="3" time="0.018630"/>
        <testcase name="testInitGet" class="App\Tests\Controller\DiceGameControllerTest" classname="App.Tests.Controller.DiceGameControllerTest" file="/home/kasper/dbwebb-kurser/mvc/me/report/tests/Controller/DiceGameControllerTest.php" line="54" assertions="2" time="0.016377"/>
        <testcase name="testInitPost" class="App\Tests\Controller\DiceGameControllerTest" classname="App.Tests.Controller.DiceGameControllerTest" file="/home/kasper/dbwebb-kurser/mvc/me/report/tests/Controller/DiceGameControllerTest.php" line="63" assertions="2" time="0.011249"/>
        <testcase name="testPlay" class="App\Tests\Controller\DiceGameControllerTest" classname="App.Tests.Controller.DiceGameControllerTest" file="/home/kasper/dbwebb-kurser/mvc/me/report/tests/Controller/DiceGameControllerTest.php" line="71" assertions="2" time="0.029654"/>
        <testcase name="testSave" class="App\Tests\Controller\DiceGameControllerTest" classname="App.Tests.Controller.DiceGameControllerTest" file="/home/kasper/dbwebb-kurser/mvc/me/report/tests/Controller/DiceGameControllerTest.php" line="92" assertions="2" time="0.208824"/>
      </testsuite>
      <testsuite name="App\Tests\Controller\JsonControllerTest" file="/home/kasper/dbwebb-kurser/mvc/me/report/tests/Controller/JsonControllerTest.php" tests="2" assertions="7" errors="0" warnings="0" failures="0" skipped="0" time="0.023202">
        <testcase name="testJsonLucky" class="App\Tests\Controller\JsonControllerTest" classname="App.Tests.Controller.JsonControllerTest" file="/home/kasper/dbwebb-kurser/mvc/me/report/tests/Controller/JsonControllerTest.php" line="9" assertions="4" time="0.014562"/>
        <testcase name="testJsonQuote" class="App\Tests\Controller\JsonControllerTest" classname="App.Tests.Controller.JsonControllerTest" file="/home/kasper/dbwebb-kurser/mvc/me/report/tests/Controller/JsonControllerTest.php" line="22" assertions="3" time="0.008639"/>
      </testsuite>
      <testsuite name="App\Tests\Controller\JsonDatabaseControllerTest" file="/home/kasper/dbwebb-kurser/mvc/me/report/tests/Controller/JsonDatabaseControllerTest.php" tests="3" assertions="11" errors="0" warnings="0" failures="0" skipped="0" time="0.050714">
        <testcase name="testJsonLibraryBooks" class="App\Tests\Controller\JsonDatabaseControllerTest" classname="App.Tests.Controller.JsonDatabaseControllerTest" file="/home/kasper/dbwebb-kurser/mvc/me/report/tests/Controller/JsonDatabaseControllerTest.php" line="13" assertions="4" time="0.025534"/>
        <testcase name="testJsonLibraryBookByIsbn" class="App\Tests\Controller\JsonDatabaseControllerTest" classname="App.Tests.Controller.JsonDatabaseControllerTest" file="/home/kasper/dbwebb-kurser/mvc/me/report/tests/Controller/JsonDatabaseControllerTest.php" line="38" assertions="4" time="0.014678"/>
        <testcase name="testJsonLibraryBookByIsbnNotFound" class="App\Tests\Controller\JsonDatabaseControllerTest" classname="App.Tests.Controller.JsonDatabaseControllerTest" file="/home/kasper/dbwebb-kurser/mvc/me/report/tests/Controller/JsonDatabaseControllerTest.php" line="64" assertions="3" time="0.010503"/>
      </testsuite>
      <testsuite name="App\Tests\Controller\JsonDeckControllerTest" file="/home/kasper/dbwebb-kurser/mvc/me/report/tests/Controller/JsonDeckControllerTest.php" tests="2" assertions="4" errors="0" warnings="0" failures="0" skipped="0" time="0.024203">
        <testcase name="testJsonDeck" class="App\Tests\Controller\JsonDeckControllerTest" classname="App.Tests.Controller.JsonDeckControllerTest" file="/home/kasper/dbwebb-kurser/mvc/me/report/tests/Controller/JsonDeckControllerTest.php" line="9" assertions="2" time="0.014403"/>
        <testcase name="testJsonShuffle" class="App\Tests\Controller\JsonDeckControllerTest" classname="App.Tests.Controller.JsonDeckControllerTest" file="/home/kasper/dbwebb-kurser/mvc/me/report/tests/Controller/JsonDeckControllerTest.php" line="20" assertions="2" time="0.009800"/>
      </testsuite>
      <testsuite name="App\Tests\Controller\JsonGameControllerTest" file="/home/kasper/dbwebb-kurser/mvc/me/report/tests/Controller/JsonGameControllerTest.php" tests="2" assertions="7" errors="0" warnings="0" failures="0" skipped="0" time="0.038721">
        <testcase name="testJsonGameScoreWithGame" class="App\Tests\Controller\JsonGameControllerTest" classname="App.Tests.Controller.JsonGameControllerTest" file="/home/kasper/dbwebb-kurser/mvc/me/report/tests/Controller/JsonGameControllerTest.php" line="11" assertions="4" time="0.028740"/>
        <testcase name="testJsonGameScoreWithoutGame" class="App\Tests\Controller\JsonGameControllerTest" classname="App.Tests.Controller.JsonGameControllerTest" file="/home/kasper/dbwebb-kurser/mvc/me/report/tests/Controller/JsonGameControllerTest.php" line="26" assertions="3" time="0.009981"/>
      </testsuite>
      <testsuite name="App\Tests\Entity\LibraryTest" file="/home/kasper/dbwebb-kurser/mvc/me/report/tests/Controller/LibraryTest.php" tests="1" assertions="4" errors="0" warnings="0" failures="0" skipped="0" time="0.000445">
        <testcase name="testEntity" class="App\Tests\Entity\LibraryTest" classname="App.Tests.Entity.LibraryTest" file="/home/kasper/dbwebb-kurser/mvc/me/report/tests/Controller/LibraryTest.php" line="10" assertions="4" time="0.000445"/>
      </testsuite>
      <testsuite name="App\Dice\DiceTest" file="/home/kasper/dbwebb-kurser/mvc/me/report/tests/Dice/DiceTest.php" tests="1" assertions="2" errors="0" warnings="0" failures="0" skipped="0" time="0.000342">
        <testcase name="testCreateDice" class="App\Dice\DiceTest" classname="App.Dice.DiceTest" file="/home/kasper/dbwebb-kurser/mvc/me/report/tests/Dice/DiceTest.php" line="16" assertions="2" time="0.000342"/>
      </testsuite>
    </testsuite>
  </testsuite>
</testsuites>
