<?xml version="1.0" encoding="UTF-8"?>
<testsuites>
  <testsuite name="" tests="120" assertions="389" errors="0" warnings="0" failures="0" skipped="0" time="2.998765">
    <testsuite name="Project Test Suite" tests="120" assertions="389" errors="0" warnings="0" failures="0" skipped="0" time="2.998765">
      <testsuite name="App\Card\CardGraphicTest" file="/home/kasper/dbwebb-kurser/mvc/me/report/tests/Card/CardGraphicTest.php" tests="4" assertions="57" errors="0" warnings="0" failures="0" skipped="0" time="0.010722">
        <testcase name="testCardGraphicCreation" class="App\Card\CardGraphicTest" classname="App.Card.CardGraphicTest" file="/home/kasper/dbwebb-kurser/mvc/me/report/tests/Card/CardGraphicTest.php" line="12" assertions="2" time="0.006873"/>
        <testcase name="testGetAsString" class="App\Card\CardGraphicTest" classname="App.Card.CardGraphicTest" file="/home/kasper/dbwebb-kurser/mvc/me/report/tests/Card/CardGraphicTest.php" line="19" assertions="1" time="0.000962"/>
        <testcase name="testGetColor" class="App\Card\CardGraphicTest" classname="App.Card.CardGraphicTest" file="/home/kasper/dbwebb-kurser/mvc/me/report/tests/Card/CardGraphicTest.php" line="25" assertions="2" time="0.000546"/>
        <testcase name="testAllSymbols" class="App\Card\CardGraphicTest" classname="App.Card.CardGraphicTest" file="/home/kasper/dbwebb-kurser/mvc/me/report/tests/Card/CardGraphicTest.php" line="34" assertions="52" time="0.002342"/>
      </testsuite>
      <testsuite name="App\Card\CardHandTest" file="/home/kasper/dbwebb-kurser/mvc/me/report/tests/Card/CardHandTest.php" tests="5" assertions="7" errors="0" warnings="0" failures="0" skipped="0" time="0.002459">
        <testcase name="testCreateEmptyHand" class="App\Card\CardHandTest" classname="App.Card.CardHandTest" file="/home/kasper/dbwebb-kurser/mvc/me/report/tests/Card/CardHandTest.php" line="12" assertions="2" time="0.001183"/>
        <testcase name="testAddCard" class="App\Card\CardHandTest" classname="App.Card.CardHandTest" file="/home/kasper/dbwebb-kurser/mvc/me/report/tests/Card/CardHandTest.php" line="19" assertions="2" time="0.000320"/>
        <testcase name="testGetNumberCards" class="App\Card\CardHandTest" classname="App.Card.CardHandTest" file="/home/kasper/dbwebb-kurser/mvc/me/report/tests/Card/CardHandTest.php" line="29" assertions="1" time="0.000318"/>
        <testcase name="testGetValues" class="App\Card\CardHandTest" classname="App.Card.CardHandTest" file="/home/kasper/dbwebb-kurser/mvc/me/report/tests/Card/CardHandTest.php" line="38" assertions="1" time="0.000311"/>
        <testcase name="testGetString" class="App\Card\CardHandTest" classname="App.Card.CardHandTest" file="/home/kasper/dbwebb-kurser/mvc/me/report/tests/Card/CardHandTest.php" line="48" assertions="1" time="0.000326"/>
      </testsuite>
      <testsuite name="App\Card\CardTest" file="/home/kasper/dbwebb-kurser/mvc/me/report/tests/Card/CardTest.php" tests="4" assertions="4" errors="0" warnings="0" failures="0" skipped="0" time="0.001275">
        <testcase name="testCardCreation" class="App\Card\CardTest" classname="App.Card.CardTest" file="/home/kasper/dbwebb-kurser/mvc/me/report/tests/Card/CardTest.php" line="12" assertions="1" time="0.000293"/>
        <testcase name="testGetSuit" class="App\Card\CardTest" classname="App.Card.CardTest" file="/home/kasper/dbwebb-kurser/mvc/me/report/tests/Card/CardTest.php" line="18" assertions="1" time="0.000363"/>
        <testcase name="testGetValue" class="App\Card\CardTest" classname="App.Card.CardTest" file="/home/kasper/dbwebb-kurser/mvc/me/report/tests/Card/CardTest.php" line="24" assertions="1" time="0.000283"/>
        <testcase name="testGetAsString" class="App\Card\CardTest" classname="App.Card.CardTest" file="/home/kasper/dbwebb-kurser/mvc/me/report/tests/Card/CardTest.php" line="30" assertions="1" time="0.000335"/>
      </testsuite>
      <testsuite name="App\Card\DeckOfCardsTest" file="/home/kasper/dbwebb-kurser/mvc/me/report/tests/Card/DeckOfCardsTest.php" tests="5" assertions="12" errors="0" warnings="0" failures="0" skipped="0" time="0.009016">
        <testcase name="testCreateDeck" class="App\Card\DeckOfCardsTest" classname="App.Card.DeckOfCardsTest" file="/home/kasper/dbwebb-kurser/mvc/me/report/tests/Card/DeckOfCardsTest.php" line="13" assertions="2" time="0.000797"/>
        <testcase name="testShuffle" class="App\Card\DeckOfCardsTest" classname="App.Card.DeckOfCardsTest" file="/home/kasper/dbwebb-kurser/mvc/me/report/tests/Card/DeckOfCardsTest.php" line="20" assertions="2" time="0.004632"/>
        <testcase name="testDrawCard" class="App\Card\DeckOfCardsTest" classname="App.Card.DeckOfCardsTest" file="/home/kasper/dbwebb-kurser/mvc/me/report/tests/Card/DeckOfCardsTest.php" line="31" assertions="2" time="0.000458"/>
        <testcase name="testGetSortedCards" class="App\Card\DeckOfCardsTest" classname="App.Card.DeckOfCardsTest" file="/home/kasper/dbwebb-kurser/mvc/me/report/tests/Card/DeckOfCardsTest.php" line="41" assertions="5" time="0.002789"/>
        <testcase name="testGetString" class="App\Card\DeckOfCardsTest" classname="App.Card.DeckOfCardsTest" file="/home/kasper/dbwebb-kurser/mvc/me/report/tests/Card/DeckOfCardsTest.php" line="56" assertions="1" time="0.000340"/>
      </testsuite>
      <testsuite name="App\Tests\Card\BankStrategyTest" file="/home/kasper/dbwebb-kurser/mvc/me/report/tests/CardGame/BankStrategyTest.php" tests="1" assertions="4" errors="0" warnings="0" failures="0" skipped="0" time="0.001115">
        <testcase name="testBankStrategyEdgeCases" class="App\Tests\Card\BankStrategyTest" classname="App.Tests.Card.BankStrategyTest" file="/home/kasper/dbwebb-kurser/mvc/me/report/tests/CardGame/BankStrategyTest.php" line="10" assertions="4" time="0.001115"/>
      </testsuite>
      <testsuite name="App\Card\CardGameTest" file="/home/kasper/dbwebb-kurser/mvc/me/report/tests/CardGame/CardGameTest.php" tests="10" assertions="32" errors="0" warnings="0" failures="0" skipped="0" time="0.022091">
        <testcase name="testCreateCardGame" class="App\Card\CardGameTest" classname="App.Card.CardGameTest" file="/home/kasper/dbwebb-kurser/mvc/me/report/tests/CardGame/CardGameTest.php" line="12" assertions="4" time="0.009952"/>
        <testcase name="testPlayerDraw" class="App\Card\CardGameTest" classname="App.Card.CardGameTest" file="/home/kasper/dbwebb-kurser/mvc/me/report/tests/CardGame/CardGameTest.php" line="23" assertions="5" time="0.004825"/>
        <testcase name="testPlayerBust" class="App\Card\CardGameTest" classname="App.Card.CardGameTest" file="/home/kasper/dbwebb-kurser/mvc/me/report/tests/CardGame/CardGameTest.php" line="44" assertions="2" time="0.000602"/>
        <testcase name="testPlayerStopTriggersBankPlay" class="App\Card\CardGameTest" classname="App.Card.CardGameTest" file="/home/kasper/dbwebb-kurser/mvc/me/report/tests/CardGame/CardGameTest.php" line="64" assertions="2" time="0.000595"/>
        <testcase name="testScoreCalculationThroughGameplay" class="App\Card\CardGameTest" classname="App.Card.CardGameTest" file="/home/kasper/dbwebb-kurser/mvc/me/report/tests/CardGame/CardGameTest.php" line="85" assertions="5" time="0.001135"/>
        <testcase name="testGetBankHand" class="App\Card\CardGameTest" classname="App.Card.CardGameTest" file="/home/kasper/dbwebb-kurser/mvc/me/report/tests/CardGame/CardGameTest.php" line="152" assertions="2" time="0.001230"/>
        <testcase name="testAllWinnerScenarios" class="App\Card\CardGameTest" classname="App.Card.CardGameTest" file="/home/kasper/dbwebb-kurser/mvc/me/report/tests/CardGame/CardGameTest.php" line="167" assertions="6" time="0.001661"/>
        <testcase name="testGameInitializesWithEmptyHands" class="App\Card\CardGameTest" classname="App.Card.CardGameTest" file="/home/kasper/dbwebb-kurser/mvc/me/report/tests/CardGame/CardGameTest.php" line="246" assertions="2" time="0.000447"/>
        <testcase name="testBankStopsAt17" class="App\Card\CardGameTest" classname="App.Card.CardGameTest" file="/home/kasper/dbwebb-kurser/mvc/me/report/tests/CardGame/CardGameTest.php" line="255" assertions="2" time="0.000687"/>
        <testcase name="testBankStopsWhenPlayerBusted" class="App\Card\CardGameTest" classname="App.Card.CardGameTest" file="/home/kasper/dbwebb-kurser/mvc/me/report/tests/CardGame/CardGameTest.php" line="278" assertions="2" time="0.000957"/>
      </testsuite>
      <testsuite name="App\Tests\Card\GameStateTest" file="/home/kasper/dbwebb-kurser/mvc/me/report/tests/CardGame/GameStateTest.php" tests="3" assertions="8" errors="0" warnings="0" failures="0" skipped="0" time="0.000952">
        <testcase name="testInitialState" class="App\Tests\Card\GameStateTest" classname="App.Tests.Card.GameStateTest" file="/home/kasper/dbwebb-kurser/mvc/me/report/tests/CardGame/GameStateTest.php" line="12" assertions="5" time="0.000331"/>
        <testcase name="testScoreUpdates" class="App\Tests\Card\GameStateTest" classname="App.Tests.Card.GameStateTest" file="/home/kasper/dbwebb-kurser/mvc/me/report/tests/CardGame/GameStateTest.php" line="23" assertions="2" time="0.000314"/>
        <testcase name="testGameOver" class="App\Tests\Card\GameStateTest" classname="App.Tests.Card.GameStateTest" file="/home/kasper/dbwebb-kurser/mvc/me/report/tests/CardGame/GameStateTest.php" line="33" assertions="1" time="0.000307"/>
      </testsuite>
      <testsuite name="App\Tests\Card\ScoreCalculatorTest" file="/home/kasper/dbwebb-kurser/mvc/me/report/tests/CardGame/ScoreCalculatorTest.php" tests="1" assertions="4" errors="0" warnings="0" failures="0" skipped="0" time="0.000397">
        <testcase name="testCalculateScore" class="App\Tests\Card\ScoreCalculatorTest" classname="App.Tests.Card.ScoreCalculatorTest" file="/home/kasper/dbwebb-kurser/mvc/me/report/tests/CardGame/ScoreCalculatorTest.php" line="12" assertions="4" time="0.000397"/>
      </testsuite>
      <testsuite name="App\Tests\Controller\JsonControllerTest" file="/home/kasper/dbwebb-kurser/mvc/me/report/tests/Controller/JsonControllerTest.php" tests="2" assertions="7" errors="0" warnings="0" failures="0" skipped="0" time="2.230955">
        <testcase name="testJsonLucky" class="App\Tests\Controller\JsonControllerTest" classname="App.Tests.Controller.JsonControllerTest" file="/home/kasper/dbwebb-kurser/mvc/me/report/tests/Controller/JsonControllerTest.php" line="9" assertions="4" time="2.217737"/>
        <testcase name="testJsonQuote" class="App\Tests\Controller\JsonControllerTest" classname="App.Tests.Controller.JsonControllerTest" file="/home/kasper/dbwebb-kurser/mvc/me/report/tests/Controller/JsonControllerTest.php" line="22" assertions="3" time="0.013218"/>
      </testsuite>
      <testsuite name="App\Tests\Controller\JsonDatabaseControllerTest" file="/home/kasper/dbwebb-kurser/mvc/me/report/tests/Controller/JsonDatabaseControllerTest.php" tests="3" assertions="11" errors="0" warnings="0" failures="0" skipped="0" time="0.039641">
        <testcase name="testJsonLibraryBooks" class="App\Tests\Controller\JsonDatabaseControllerTest" classname="App.Tests.Controller.JsonDatabaseControllerTest" file="/home/kasper/dbwebb-kurser/mvc/me/report/tests/Controller/JsonDatabaseControllerTest.php" line="13" assertions="4" time="0.015341"/>
        <testcase name="testJsonLibraryBookByIsbn" class="App\Tests\Controller\JsonDatabaseControllerTest" classname="App.Tests.Controller.JsonDatabaseControllerTest" file="/home/kasper/dbwebb-kurser/mvc/me/report/tests/Controller/JsonDatabaseControllerTest.php" line="38" assertions="4" time="0.012912"/>
        <testcase name="testJsonLibraryBookByIsbnNotFound" class="App\Tests\Controller\JsonDatabaseControllerTest" classname="App.Tests.Controller.JsonDatabaseControllerTest" file="/home/kasper/dbwebb-kurser/mvc/me/report/tests/Controller/JsonDatabaseControllerTest.php" line="64" assertions="3" time="0.011388"/>
      </testsuite>
      <testsuite name="App\Tests\Controller\JsonDeckControllerTest" file="/home/kasper/dbwebb-kurser/mvc/me/report/tests/Controller/JsonDeckControllerTest.php" tests="2" assertions="4" errors="0" warnings="0" failures="0" skipped="0" time="0.021777">
        <testcase name="testJsonDeck" class="App\Tests\Controller\JsonDeckControllerTest" classname="App.Tests.Controller.JsonDeckControllerTest" file="/home/kasper/dbwebb-kurser/mvc/me/report/tests/Controller/JsonDeckControllerTest.php" line="9" assertions="2" time="0.011332"/>
        <testcase name="testJsonShuffle" class="App\Tests\Controller\JsonDeckControllerTest" classname="App.Tests.Controller.JsonDeckControllerTest" file="/home/kasper/dbwebb-kurser/mvc/me/report/tests/Controller/JsonDeckControllerTest.php" line="20" assertions="2" time="0.010446"/>
      </testsuite>
      <testsuite name="App\Tests\Controller\JsonGameControllerTest" file="/home/kasper/dbwebb-kurser/mvc/me/report/tests/Controller/JsonGameControllerTest.php" tests="2" assertions="7" errors="0" warnings="0" failures="0" skipped="0" time="0.081787">
        <testcase name="testJsonGameScoreWithGame" class="App\Tests\Controller\JsonGameControllerTest" classname="App.Tests.Controller.JsonGameControllerTest" file="/home/kasper/dbwebb-kurser/mvc/me/report/tests/Controller/JsonGameControllerTest.php" line="11" assertions="4" time="0.065562"/>
        <testcase name="testJsonGameScoreWithoutGame" class="App\Tests\Controller\JsonGameControllerTest" classname="App.Tests.Controller.JsonGameControllerTest" file="/home/kasper/dbwebb-kurser/mvc/me/report/tests/Controller/JsonGameControllerTest.php" line="26" assertions="3" time="0.016224"/>
      </testsuite>
      <testsuite name="App\Tests\Entity\LibraryTest" file="/home/kasper/dbwebb-kurser/mvc/me/report/tests/Controller/LibraryTest.php" tests="1" assertions="4" errors="0" warnings="0" failures="0" skipped="0" time="0.000649">
        <testcase name="testEntity" class="App\Tests\Entity\LibraryTest" classname="App.Tests.Entity.LibraryTest" file="/home/kasper/dbwebb-kurser/mvc/me/report/tests/Controller/LibraryTest.php" line="10" assertions="4" time="0.000649"/>
      </testsuite>
      <testsuite name="App\Tests\Dice\DiceGraphicTest" file="/home/kasper/dbwebb-kurser/mvc/me/report/tests/Dice/DiceGraphicTest.php" tests="3" assertions="5" errors="0" warnings="0" failures="0" skipped="0" time="0.002183">
        <testcase name="testCreateDiceGraphic" class="App\Tests\Dice\DiceGraphicTest" classname="App.Tests.Dice.DiceGraphicTest" file="/home/kasper/dbwebb-kurser/mvc/me/report/tests/Dice/DiceGraphicTest.php" line="10" assertions="2" time="0.000336"/>
        <testcase name="testGetAsString" class="App\Tests\Dice\DiceGraphicTest" classname="App.Tests.Dice.DiceGraphicTest" file="/home/kasper/dbwebb-kurser/mvc/me/report/tests/Dice/DiceGraphicTest.php" line="17" assertions="2" time="0.001230"/>
        <testcase name="testAllRepresentationsExist" class="App\Tests\Dice\DiceGraphicTest" classname="App.Tests.Dice.DiceGraphicTest" file="/home/kasper/dbwebb-kurser/mvc/me/report/tests/Dice/DiceGraphicTest.php" line="26" assertions="1" time="0.000617"/>
      </testsuite>
      <testsuite name="App\Tests\Dice\DiceHandTest" file="/home/kasper/dbwebb-kurser/mvc/me/report/tests/Dice/DiceHandTest.php" tests="4" assertions="32" errors="0" warnings="0" failures="0" skipped="0" time="0.003243">
        <testcase name="testCreateDiceHand" class="App\Tests\Dice\DiceHandTest" classname="App.Tests.Dice.DiceHandTest" file="/home/kasper/dbwebb-kurser/mvc/me/report/tests/Dice/DiceHandTest.php" line="12" assertions="2" time="0.000370"/>
        <testcase name="testAddAndRollDice" class="App\Tests\Dice\DiceHandTest" classname="App.Tests.Dice.DiceHandTest" file="/home/kasper/dbwebb-kurser/mvc/me/report/tests/Dice/DiceHandTest.php" line="19" assertions="6" time="0.001638"/>
        <testcase name="testGetStringRepresentation" class="App\Tests\Dice\DiceHandTest" classname="App.Tests.Dice.DiceHandTest" file="/home/kasper/dbwebb-kurser/mvc/me/report/tests/Dice/DiceHandTest.php" line="35" assertions="3" time="0.000360"/>
        <testcase name="testMultipleDiceValues" class="App\Tests\Dice\DiceHandTest" classname="App.Tests.Dice.DiceHandTest" file="/home/kasper/dbwebb-kurser/mvc/me/report/tests/Dice/DiceHandTest.php" line="50" assertions="21" time="0.000875"/>
      </testsuite>
      <testsuite name="App\Tests\Dice\DiceTest" file="/home/kasper/dbwebb-kurser/mvc/me/report/tests/Dice/DiceTest.php" tests="4" assertions="11" errors="0" warnings="0" failures="0" skipped="0" time="0.002780">
        <testcase name="testCreateDice" class="App\Tests\Dice\DiceTest" classname="App.Tests.Dice.DiceTest" file="/home/kasper/dbwebb-kurser/mvc/me/report/tests/Dice/DiceTest.php" line="10" assertions="2" time="0.000318"/>
        <testcase name="testRollDice" class="App\Tests\Dice\DiceTest" classname="App.Tests.Dice.DiceTest" file="/home/kasper/dbwebb-kurser/mvc/me/report/tests/Dice/DiceTest.php" line="19" assertions="5" time="0.000509"/>
        <testcase name="testRollChangesValue" class="App\Tests\Dice\DiceTest" classname="App.Tests.Dice.DiceTest" file="/home/kasper/dbwebb-kurser/mvc/me/report/tests/Dice/DiceTest.php" line="31" assertions="1" time="0.000351"/>
        <testcase name="testGetAsStringFormat" class="App\Tests\Dice\DiceTest" classname="App.Tests.Dice.DiceTest" file="/home/kasper/dbwebb-kurser/mvc/me/report/tests/Dice/DiceTest.php" line="44" assertions="3" time="0.001603"/>
      </testsuite>
      <testsuite name="App\Proj\BankStrategyTest" file="/home/kasper/dbwebb-kurser/mvc/me/report/tests/Proj/BankStrategyTest.php" tests="2" assertions="5" errors="0" warnings="0" failures="0" skipped="0" time="0.000923">
        <testcase name="testBankStrategyEdgeCases" class="App\Proj\BankStrategyTest" classname="App.Proj.BankStrategyTest" file="/home/kasper/dbwebb-kurser/mvc/me/report/tests/Proj/BankStrategyTest.php" line="13" assertions="4" time="0.000358"/>
        <testcase name="testPlayTurn" class="App\Proj\BankStrategyTest" classname="App.Proj.BankStrategyTest" file="/home/kasper/dbwebb-kurser/mvc/me/report/tests/Proj/BankStrategyTest.php" line="23" assertions="1" time="0.000566"/>
      </testsuite>
      <testsuite name="App\Proj\GameStateTest" file="/home/kasper/dbwebb-kurser/mvc/me/report/tests/Proj/GameStateTest.php" tests="6" assertions="10" errors="0" warnings="0" failures="0" skipped="0" time="0.002544">
        <testcase name="testInitialState" class="App\Proj\GameStateTest" classname="App.Proj.GameStateTest" file="/home/kasper/dbwebb-kurser/mvc/me/report/tests/Proj/GameStateTest.php" line="14" assertions="2" time="0.000325"/>
        <testcase name="testEndGame" class="App\Proj\GameStateTest" classname="App.Proj.GameStateTest" file="/home/kasper/dbwebb-kurser/mvc/me/report/tests/Proj/GameStateTest.php" line="21" assertions="1" time="0.000310"/>
        <testcase name="testHasBlackjack" class="App\Proj\GameStateTest" classname="App.Proj.GameStateTest" file="/home/kasper/dbwebb-kurser/mvc/me/report/tests/Proj/GameStateTest.php" line="28" assertions="2" time="0.000355"/>
        <testcase name="testEvaluateResults" class="App\Proj\GameStateTest" classname="App.Proj.GameStateTest" file="/home/kasper/dbwebb-kurser/mvc/me/report/tests/Proj/GameStateTest.php" line="41" assertions="3" time="0.000806"/>
        <testcase name="testGetBankScore" class="App\Proj\GameStateTest" classname="App.Proj.GameStateTest" file="/home/kasper/dbwebb-kurser/mvc/me/report/tests/Proj/GameStateTest.php" line="79" assertions="1" time="0.000384"/>
        <testcase name="testSetBankScore" class="App\Proj\GameStateTest" classname="App.Proj.GameStateTest" file="/home/kasper/dbwebb-kurser/mvc/me/report/tests/Proj/GameStateTest.php" line="89" assertions="1" time="0.000363"/>
      </testsuite>
      <testsuite name="App\Proj\PlayerTest" file="/home/kasper/dbwebb-kurser/mvc/me/report/tests/Proj/PlayerTest.php" tests="4" assertions="12" errors="0" warnings="0" failures="0" skipped="0" time="0.001560">
        <testcase name="testPlayerCreation" class="App\Proj\PlayerTest" classname="App.Proj.PlayerTest" file="/home/kasper/dbwebb-kurser/mvc/me/report/tests/Proj/PlayerTest.php" line="9" assertions="2" time="0.000340"/>
        <testcase name="testPlaceBet" class="App\Proj\PlayerTest" classname="App.Proj.PlayerTest" file="/home/kasper/dbwebb-kurser/mvc/me/report/tests/Proj/PlayerTest.php" line="16" assertions="4" time="0.000339"/>
        <testcase name="testWinLosePush" class="App\Proj\PlayerTest" classname="App.Proj.PlayerTest" file="/home/kasper/dbwebb-kurser/mvc/me/report/tests/Proj/PlayerTest.php" line="26" assertions="3" time="0.000380"/>
        <testcase name="testUpdateBet" class="App\Proj\PlayerTest" classname="App.Proj.PlayerTest" file="/home/kasper/dbwebb-kurser/mvc/me/report/tests/Proj/PlayerTest.php" line="43" assertions="3" time="0.000501"/>
      </testsuite>
      <testsuite name="App\Proj\ProjDeckTest" file="/home/kasper/dbwebb-kurser/mvc/me/report/tests/Proj/ProjDeckTest.php" tests="5" assertions="12" errors="0" warnings="0" failures="0" skipped="0" time="0.007102">
        <testcase name="testCreateDeck" class="App\Proj\ProjDeckTest" classname="App.Proj.ProjDeckTest" file="/home/kasper/dbwebb-kurser/mvc/me/report/tests/Proj/ProjDeckTest.php" line="9" assertions="2" time="0.000491"/>
        <testcase name="testShuffle" class="App\Proj\ProjDeckTest" classname="App.Proj.ProjDeckTest" file="/home/kasper/dbwebb-kurser/mvc/me/report/tests/Proj/ProjDeckTest.php" line="16" assertions="2" time="0.002821"/>
        <testcase name="testDrawCard" class="App\Proj\ProjDeckTest" classname="App.Proj.ProjDeckTest" file="/home/kasper/dbwebb-kurser/mvc/me/report/tests/Proj/ProjDeckTest.php" line="27" assertions="2" time="0.000500"/>
        <testcase name="testGetSortedCards" class="App\Proj\ProjDeckTest" classname="App.Proj.ProjDeckTest" file="/home/kasper/dbwebb-kurser/mvc/me/report/tests/Proj/ProjDeckTest.php" line="37" assertions="5" time="0.002799"/>
        <testcase name="testGetString" class="App\Proj\ProjDeckTest" classname="App.Proj.ProjDeckTest" file="/home/kasper/dbwebb-kurser/mvc/me/report/tests/Proj/ProjDeckTest.php" line="50" assertions="1" time="0.000492"/>
      </testsuite>
      <testsuite name="App\Proj\ProjGameControllerTest" file="/home/kasper/dbwebb-kurser/mvc/me/report/tests/Proj/ProjGameControllerTest.php" tests="7" assertions="16" errors="0" warnings="0" failures="0" skipped="0" time="0.353796">
        <testcase name="testGameRedirectsWhenNoSession" class="App\Proj\ProjGameControllerTest" classname="App.Proj.ProjGameControllerTest" file="/home/kasper/dbwebb-kurser/mvc/me/report/tests/Proj/ProjGameControllerTest.php" line="9" assertions="2" time="0.013354"/>
        <testcase name="testGameRendersTemplateWithGameData" class="App\Proj\ProjGameControllerTest" classname="App.Proj.ProjGameControllerTest" file="/home/kasper/dbwebb-kurser/mvc/me/report/tests/Proj/ProjGameControllerTest.php" line="16" assertions="3" time="0.162008"/>
        <testcase name="testInitGameWithNewPlayer" class="App\Proj\ProjGameControllerTest" classname="App.Proj.ProjGameControllerTest" file="/home/kasper/dbwebb-kurser/mvc/me/report/tests/Proj/ProjGameControllerTest.php" line="32" assertions="2" time="0.015598"/>
        <testcase name="testDrawCard" class="App\Proj\ProjGameControllerTest" classname="App.Proj.ProjGameControllerTest" file="/home/kasper/dbwebb-kurser/mvc/me/report/tests/Proj/ProjGameControllerTest.php" line="44" assertions="3" time="0.053406"/>
        <testcase name="testStand" class="App\Proj\ProjGameControllerTest" classname="App.Proj.ProjGameControllerTest" file="/home/kasper/dbwebb-kurser/mvc/me/report/tests/Proj/ProjGameControllerTest.php" line="61" assertions="2" time="0.027240"/>
        <testcase name="testNewRound" class="App\Proj\ProjGameControllerTest" classname="App.Proj.ProjGameControllerTest" file="/home/kasper/dbwebb-kurser/mvc/me/report/tests/Proj/ProjGameControllerTest.php" line="75" assertions="2" time="0.037581"/>
        <testcase name="testNewRoundWithInvalidBet" class="App\Proj\ProjGameControllerTest" classname="App.Proj.ProjGameControllerTest" file="/home/kasper/dbwebb-kurser/mvc/me/report/tests/Proj/ProjGameControllerTest.php" line="95" assertions="2" time="0.044610"/>
      </testsuite>
      <testsuite name="App\Proj\ProjGameTest" file="/home/kasper/dbwebb-kurser/mvc/me/report/tests/Proj/ProjGameTest.php" tests="10" assertions="13" errors="0" warnings="0" failures="0" skipped="0" time="0.006202">
        <testcase name="testGameInitialization" class="App\Proj\ProjGameTest" classname="App.Proj.ProjGameTest" file="/home/kasper/dbwebb-kurser/mvc/me/report/tests/Proj/ProjGameTest.php" line="20" assertions="2" time="0.000643"/>
        <testcase name="testPlayerDraw" class="App\Proj\ProjGameTest" classname="App.Proj.ProjGameTest" file="/home/kasper/dbwebb-kurser/mvc/me/report/tests/Proj/ProjGameTest.php" line="26" assertions="1" time="0.001269"/>
        <testcase name="testPlayerDrawGameOver" class="App\Proj\ProjGameTest" classname="App.Proj.ProjGameTest" file="/home/kasper/dbwebb-kurser/mvc/me/report/tests/Proj/ProjGameTest.php" line="32" assertions="1" time="0.000672"/>
        <testcase name="testPlayerStop" class="App\Proj\ProjGameTest" classname="App.Proj.ProjGameTest" file="/home/kasper/dbwebb-kurser/mvc/me/report/tests/Proj/ProjGameTest.php" line="40" assertions="1" time="0.000606"/>
        <testcase name="testAddHand" class="App\Proj\ProjGameTest" classname="App.Proj.ProjGameTest" file="/home/kasper/dbwebb-kurser/mvc/me/report/tests/Proj/ProjGameTest.php" line="46" assertions="2" time="0.000470"/>
        <testcase name="testGetCurrentHandIndex" class="App\Proj\ProjGameTest" classname="App.Proj.ProjGameTest" file="/home/kasper/dbwebb-kurser/mvc/me/report/tests/Proj/ProjGameTest.php" line="52" assertions="2" time="0.000492"/>
        <testcase name="testGetHandScore" class="App\Proj\ProjGameTest" classname="App.Proj.ProjGameTest" file="/home/kasper/dbwebb-kurser/mvc/me/report/tests/Proj/ProjGameTest.php" line="59" assertions="1" time="0.000490"/>
        <testcase name="testGetDeck" class="App\Proj\ProjGameTest" classname="App.Proj.ProjGameTest" file="/home/kasper/dbwebb-kurser/mvc/me/report/tests/Proj/ProjGameTest.php" line="67" assertions="1" time="0.000473"/>
        <testcase name="testGetBankHand" class="App\Proj\ProjGameTest" classname="App.Proj.ProjGameTest" file="/home/kasper/dbwebb-kurser/mvc/me/report/tests/Proj/ProjGameTest.php" line="72" assertions="1" time="0.000494"/>
        <testcase name="testGetBankScore" class="App\Proj\ProjGameTest" classname="App.Proj.ProjGameTest" file="/home/kasper/dbwebb-kurser/mvc/me/report/tests/Proj/ProjGameTest.php" line="77" assertions="1" time="0.000593"/>
      </testsuite>
      <testsuite name="App\Proj\ProjGameWinnerTest" file="/home/kasper/dbwebb-kurser/mvc/me/report/tests/Proj/ProjGameWinnerTest.php" tests="5" assertions="5" errors="0" warnings="0" failures="0" skipped="0" time="0.002991">
        <testcase name="testPlayerWinsWithHigherScore" class="App\Proj\ProjGameWinnerTest" classname="App.Proj.ProjGameWinnerTest" file="/home/kasper/dbwebb-kurser/mvc/me/report/tests/Proj/ProjGameWinnerTest.php" line="9" assertions="1" time="0.000781"/>
        <testcase name="testBankWinsWithHigherScore" class="App\Proj\ProjGameWinnerTest" classname="App.Proj.ProjGameWinnerTest" file="/home/kasper/dbwebb-kurser/mvc/me/report/tests/Proj/ProjGameWinnerTest.php" line="23" assertions="1" time="0.000657"/>
        <testcase name="testPushWhenScoresEqual" class="App\Proj\ProjGameWinnerTest" classname="App.Proj.ProjGameWinnerTest" file="/home/kasper/dbwebb-kurser/mvc/me/report/tests/Proj/ProjGameWinnerTest.php" line="37" assertions="1" time="0.000544"/>
        <testcase name="testPlayerWinsWithBlackjack" class="App\Proj\ProjGameWinnerTest" classname="App.Proj.ProjGameWinnerTest" file="/home/kasper/dbwebb-kurser/mvc/me/report/tests/Proj/ProjGameWinnerTest.php" line="51" assertions="1" time="0.000520"/>
        <testcase name="testPlayerWinsWhenBankBusts" class="App\Proj\ProjGameWinnerTest" classname="App.Proj.ProjGameWinnerTest" file="/home/kasper/dbwebb-kurser/mvc/me/report/tests/Proj/ProjGameWinnerTest.php" line="65" assertions="1" time="0.000489"/>
      </testsuite>
      <testsuite name="App\Proj\ProjGraphicTest" file="/home/kasper/dbwebb-kurser/mvc/me/report/tests/Proj/ProjGraphicTest.php" tests="4" assertions="57" errors="0" warnings="0" failures="0" skipped="0" time="0.001766">
        <testcase name="testCardGraphicCreation" class="App\Proj\ProjGraphicTest" classname="App.Proj.ProjGraphicTest" file="/home/kasper/dbwebb-kurser/mvc/me/report/tests/Proj/ProjGraphicTest.php" line="9" assertions="2" time="0.000279"/>
        <testcase name="testGetAsString" class="App\Proj\ProjGraphicTest" classname="App.Proj.ProjGraphicTest" file="/home/kasper/dbwebb-kurser/mvc/me/report/tests/Proj/ProjGraphicTest.php" line="16" assertions="1" time="0.000266"/>
        <testcase name="testGetColor" class="App\Proj\ProjGraphicTest" classname="App.Proj.ProjGraphicTest" file="/home/kasper/dbwebb-kurser/mvc/me/report/tests/Proj/ProjGraphicTest.php" line="22" assertions="2" time="0.000312"/>
        <testcase name="testAllSymbols" class="App\Proj\ProjGraphicTest" classname="App.Proj.ProjGraphicTest" file="/home/kasper/dbwebb-kurser/mvc/me/report/tests/Proj/ProjGraphicTest.php" line="31" assertions="52" time="0.000909"/>
      </testsuite>
      <testsuite name="App\Proj\ProjHandManagerTest" file="/home/kasper/dbwebb-kurser/mvc/me/report/tests/Proj/ProjHandManagerTest.php" tests="3" assertions="10" errors="0" warnings="0" failures="0" skipped="0" time="0.001018">
        <testcase name="testInitialState" class="App\Proj\ProjHandManagerTest" classname="App.Proj.ProjHandManagerTest" file="/home/kasper/dbwebb-kurser/mvc/me/report/tests/Proj/ProjHandManagerTest.php" line="9" assertions="2" time="0.000270"/>
        <testcase name="testAddHand" class="App\Proj\ProjHandManagerTest" classname="App.Proj.ProjHandManagerTest" file="/home/kasper/dbwebb-kurser/mvc/me/report/tests/Proj/ProjHandManagerTest.php" line="16" assertions="5" time="0.000312"/>
        <testcase name="testNextHand" class="App\Proj\ProjHandManagerTest" classname="App.Proj.ProjHandManagerTest" file="/home/kasper/dbwebb-kurser/mvc/me/report/tests/Proj/ProjHandManagerTest.php" line="28" assertions="3" time="0.000435"/>
      </testsuite>
      <testsuite name="App\Proj\ProjHandTest" file="/home/kasper/dbwebb-kurser/mvc/me/report/tests/Proj/ProjHandTest.php" tests="5" assertions="7" errors="0" warnings="0" failures="0" skipped="0" time="0.001866">
        <testcase name="testCreateEmptyHand" class="App\Proj\ProjHandTest" classname="App.Proj.ProjHandTest" file="/home/kasper/dbwebb-kurser/mvc/me/report/tests/Proj/ProjHandTest.php" line="10" assertions="2" time="0.000333"/>
        <testcase name="testAddCard" class="App\Proj\ProjHandTest" classname="App.Proj.ProjHandTest" file="/home/kasper/dbwebb-kurser/mvc/me/report/tests/Proj/ProjHandTest.php" line="17" assertions="2" time="0.000447"/>
        <testcase name="testGetNumberCards" class="App\Proj\ProjHandTest" classname="App.Proj.ProjHandTest" file="/home/kasper/dbwebb-kurser/mvc/me/report/tests/Proj/ProjHandTest.php" line="27" assertions="1" time="0.000456"/>
        <testcase name="testGetValues" class="App\Proj\ProjHandTest" classname="App.Proj.ProjHandTest" file="/home/kasper/dbwebb-kurser/mvc/me/report/tests/Proj/ProjHandTest.php" line="36" assertions="1" time="0.000319"/>
        <testcase name="testGetString" class="App\Proj\ProjHandTest" classname="App.Proj.ProjHandTest" file="/home/kasper/dbwebb-kurser/mvc/me/report/tests/Proj/ProjHandTest.php" line="46" assertions="1" time="0.000311"/>
      </testsuite>
      <testsuite name="App\Proj\ProjHomeControllerTest" file="/home/kasper/dbwebb-kurser/mvc/me/report/tests/Proj/ProjHomeControllerTest.php" tests="2" assertions="6" errors="0" warnings="0" failures="0" skipped="0" time="0.039945">
        <testcase name="testHomePage" class="App\Proj\ProjHomeControllerTest" classname="App.Proj.ProjHomeControllerTest" file="/home/kasper/dbwebb-kurser/mvc/me/report/tests/Proj/ProjHomeControllerTest.php" line="9" assertions="3" time="0.019346"/>
        <testcase name="testAboutPage" class="App\Proj\ProjHomeControllerTest" classname="App.Proj.ProjHomeControllerTest" file="/home/kasper/dbwebb-kurser/mvc/me/report/tests/Proj/ProjHomeControllerTest.php" line="18" assertions="3" time="0.020600"/>
      </testsuite>
      <testsuite name="App\Proj\ProjPlayerControllerTest" file="/home/kasper/dbwebb-kurser/mvc/me/report/tests/Proj/ProjPlayerControllerTest.php" tests="3" assertions="7" errors="0" warnings="0" failures="0" skipped="0" time="0.075931">
        <testcase name="testConfigRedirectsWhenNoPlayer" class="App\Proj\ProjPlayerControllerTest" classname="App.Proj.ProjPlayerControllerTest" file="/home/kasper/dbwebb-kurser/mvc/me/report/tests/Proj/ProjPlayerControllerTest.php" line="9" assertions="2" time="0.012244"/>
        <testcase name="testConfigWithPlayer" class="App\Proj\ProjPlayerControllerTest" classname="App.Proj.ProjPlayerControllerTest" file="/home/kasper/dbwebb-kurser/mvc/me/report/tests/Proj/ProjPlayerControllerTest.php" line="17" assertions="3" time="0.040805"/>
        <testcase name="testUpdateConfig" class="App\Proj\ProjPlayerControllerTest" classname="App.Proj.ProjPlayerControllerTest" file="/home/kasper/dbwebb-kurser/mvc/me/report/tests/Proj/ProjPlayerControllerTest.php" line="32" assertions="2" time="0.022881"/>
      </testsuite>
      <testsuite name="App\Proj\ProjPlayerDrawTest" file="/home/kasper/dbwebb-kurser/mvc/me/report/tests/Proj/ProjPlayerDrawTest.php" tests="2" assertions="3" errors="0" warnings="0" failures="0" skipped="0" time="0.001520">
        <testcase name="testPlayerDrawBasic" class="App\Proj\ProjPlayerDrawTest" classname="App.Proj.ProjPlayerDrawTest" file="/home/kasper/dbwebb-kurser/mvc/me/report/tests/Proj/ProjPlayerDrawTest.php" line="9" assertions="2" time="0.000896"/>
        <testcase name="testPlayerDrawBust" class="App\Proj\ProjPlayerDrawTest" classname="App.Proj.ProjPlayerDrawTest" file="/home/kasper/dbwebb-kurser/mvc/me/report/tests/Proj/ProjPlayerDrawTest.php" line="24" assertions="1" time="0.000624"/>
      </testsuite>
      <testsuite name="App\Proj\ProjResetControllerTest" file="/home/kasper/dbwebb-kurser/mvc/me/report/tests/Proj/ProjResetControllerTest.php" tests="2" assertions="8" errors="0" warnings="0" failures="0" skipped="0" time="0.068245">
        <testcase name="testReset" class="App\Proj\ProjResetControllerTest" classname="App.Proj.ProjResetControllerTest" file="/home/kasper/dbwebb-kurser/mvc/me/report/tests/Proj/ProjResetControllerTest.php" line="9" assertions="4" time="0.034581"/>
        <testcase name="testFullReset" class="App\Proj\ProjResetControllerTest" classname="App.Proj.ProjResetControllerTest" file="/home/kasper/dbwebb-kurser/mvc/me/report/tests/Proj/ProjResetControllerTest.php" line="26" assertions="4" time="0.033664"/>
      </testsuite>
      <testsuite name="App\Proj\ProjTest" file="/home/kasper/dbwebb-kurser/mvc/me/report/tests/Proj/ProjTest.php" tests="5" assertions="6" errors="0" warnings="0" failures="0" skipped="0" time="0.001805">
        <testcase name="testProjCreation" class="App\Proj\ProjTest" classname="App.Proj.ProjTest" file="/home/kasper/dbwebb-kurser/mvc/me/report/tests/Proj/ProjTest.php" line="9" assertions="1" time="0.000507"/>
        <testcase name="testGetSuit" class="App\Proj\ProjTest" classname="App.Proj.ProjTest" file="/home/kasper/dbwebb-kurser/mvc/me/report/tests/Proj/ProjTest.php" line="15" assertions="1" time="0.000344"/>
        <testcase name="testGetValue" class="App\Proj\ProjTest" classname="App.Proj.ProjTest" file="/home/kasper/dbwebb-kurser/mvc/me/report/tests/Proj/ProjTest.php" line="21" assertions="1" time="0.000317"/>
        <testcase name="testGetAsString" class="App\Proj\ProjTest" classname="App.Proj.ProjTest" file="/home/kasper/dbwebb-kurser/mvc/me/report/tests/Proj/ProjTest.php" line="27" assertions="1" time="0.000312"/>
        <testcase name="testMatches" class="App\Proj\ProjTest" classname="App.Proj.ProjTest" file="/home/kasper/dbwebb-kurser/mvc/me/report/tests/Proj/ProjTest.php" line="33" assertions="2" time="0.000324"/>
      </testsuite>
      <testsuite name="App\Proj\ScoreCalculatorTest" file="/home/kasper/dbwebb-kurser/mvc/me/report/tests/Proj/ScoreCalculatorTest.php" tests="1" assertions="3" errors="0" warnings="0" failures="0" skipped="0" time="0.000508">
        <testcase name="testCalculateScore" class="App\Proj\ScoreCalculatorTest" classname="App.Proj.ScoreCalculatorTest" file="/home/kasper/dbwebb-kurser/mvc/me/report/tests/Proj/ScoreCalculatorTest.php" line="9" assertions="3" time="0.000508"/>
      </testsuite>
    </testsuite>
  </testsuite>
</testsuites>
