<?xml version="1.0" encoding="UTF-8"?>
<testsuites>
  <testsuite name="" tests="54" assertions="209" errors="0" warnings="0" failures="0" skipped="0" time="3.311837">
    <testsuite name="Project Test Suite" tests="54" assertions="209" errors="0" warnings="0" failures="0" skipped="0" time="3.311837">
      <testsuite name="App\Card\CardGraphicTest" file="/home/kasper/dbwebb-kurser/mvc/me/report/tests/Card/CardGraphicTest.php" tests="4" assertions="57" errors="0" warnings="0" failures="0" skipped="0" time="0.010746">
        <testcase name="testCardGraphicCreation" class="App\Card\CardGraphicTest" classname="App.Card.CardGraphicTest" file="/home/kasper/dbwebb-kurser/mvc/me/report/tests/Card/CardGraphicTest.php" line="12" assertions="2" time="0.007004"/>
        <testcase name="testGetAsString" class="App\Card\CardGraphicTest" classname="App.Card.CardGraphicTest" file="/home/kasper/dbwebb-kurser/mvc/me/report/tests/Card/CardGraphicTest.php" line="19" assertions="1" time="0.001060"/>
        <testcase name="testGetColor" class="App\Card\CardGraphicTest" classname="App.Card.CardGraphicTest" file="/home/kasper/dbwebb-kurser/mvc/me/report/tests/Card/CardGraphicTest.php" line="25" assertions="2" time="0.000350"/>
        <testcase name="testAllSymbols" class="App\Card\CardGraphicTest" classname="App.Card.CardGraphicTest" file="/home/kasper/dbwebb-kurser/mvc/me/report/tests/Card/CardGraphicTest.php" line="34" assertions="52" time="0.002332"/>
      </testsuite>
      <testsuite name="App\Card\CardHandTest" file="/home/kasper/dbwebb-kurser/mvc/me/report/tests/Card/CardHandTest.php" tests="5" assertions="7" errors="0" warnings="0" failures="0" skipped="0" time="0.002747">
        <testcase name="testCreateEmptyHand" class="App\Card\CardHandTest" classname="App.Card.CardHandTest" file="/home/kasper/dbwebb-kurser/mvc/me/report/tests/Card/CardHandTest.php" line="12" assertions="2" time="0.001022"/>
        <testcase name="testAddCard" class="App\Card\CardHandTest" classname="App.Card.CardHandTest" file="/home/kasper/dbwebb-kurser/mvc/me/report/tests/Card/CardHandTest.php" line="19" assertions="2" time="0.000309"/>
        <testcase name="testGetNumberCards" class="App\Card\CardHandTest" classname="App.Card.CardHandTest" file="/home/kasper/dbwebb-kurser/mvc/me/report/tests/Card/CardHandTest.php" line="29" assertions="1" time="0.000529"/>
        <testcase name="testGetValues" class="App\Card\CardHandTest" classname="App.Card.CardHandTest" file="/home/kasper/dbwebb-kurser/mvc/me/report/tests/Card/CardHandTest.php" line="38" assertions="1" time="0.000300"/>
        <testcase name="testGetString" class="App\Card\CardHandTest" classname="App.Card.CardHandTest" file="/home/kasper/dbwebb-kurser/mvc/me/report/tests/Card/CardHandTest.php" line="48" assertions="1" time="0.000587"/>
      </testsuite>
      <testsuite name="App\Card\CardTest" file="/home/kasper/dbwebb-kurser/mvc/me/report/tests/Card/CardTest.php" tests="4" assertions="4" errors="0" warnings="0" failures="0" skipped="0" time="0.001214">
        <testcase name="testCardCreation" class="App\Card\CardTest" classname="App.Card.CardTest" file="/home/kasper/dbwebb-kurser/mvc/me/report/tests/Card/CardTest.php" line="12" assertions="1" time="0.000284"/>
        <testcase name="testGetSuit" class="App\Card\CardTest" classname="App.Card.CardTest" file="/home/kasper/dbwebb-kurser/mvc/me/report/tests/Card/CardTest.php" line="18" assertions="1" time="0.000328"/>
        <testcase name="testGetValue" class="App\Card\CardTest" classname="App.Card.CardTest" file="/home/kasper/dbwebb-kurser/mvc/me/report/tests/Card/CardTest.php" line="24" assertions="1" time="0.000302"/>
        <testcase name="testGetAsString" class="App\Card\CardTest" classname="App.Card.CardTest" file="/home/kasper/dbwebb-kurser/mvc/me/report/tests/Card/CardTest.php" line="30" assertions="1" time="0.000300"/>
      </testsuite>
      <testsuite name="App\Card\DeckOfCardsTest" file="/home/kasper/dbwebb-kurser/mvc/me/report/tests/Card/DeckOfCardsTest.php" tests="5" assertions="12" errors="0" warnings="0" failures="0" skipped="0" time="0.007279">
        <testcase name="testCreateDeck" class="App\Card\DeckOfCardsTest" classname="App.Card.DeckOfCardsTest" file="/home/kasper/dbwebb-kurser/mvc/me/report/tests/Card/DeckOfCardsTest.php" line="13" assertions="2" time="0.000936"/>
        <testcase name="testShuffle" class="App\Card\DeckOfCardsTest" classname="App.Card.DeckOfCardsTest" file="/home/kasper/dbwebb-kurser/mvc/me/report/tests/Card/DeckOfCardsTest.php" line="20" assertions="2" time="0.003190"/>
        <testcase name="testDrawCard" class="App\Card\DeckOfCardsTest" classname="App.Card.DeckOfCardsTest" file="/home/kasper/dbwebb-kurser/mvc/me/report/tests/Card/DeckOfCardsTest.php" line="31" assertions="2" time="0.000385"/>
        <testcase name="testGetSortedCards" class="App\Card\DeckOfCardsTest" classname="App.Card.DeckOfCardsTest" file="/home/kasper/dbwebb-kurser/mvc/me/report/tests/Card/DeckOfCardsTest.php" line="41" assertions="5" time="0.002468"/>
        <testcase name="testGetString" class="App\Card\DeckOfCardsTest" classname="App.Card.DeckOfCardsTest" file="/home/kasper/dbwebb-kurser/mvc/me/report/tests/Card/DeckOfCardsTest.php" line="56" assertions="1" time="0.000300"/>
      </testsuite>
      <testsuite name="App\Tests\Card\BankStrategyTest" file="/home/kasper/dbwebb-kurser/mvc/me/report/tests/CardGame/BankStrategyTest.php" tests="1" assertions="4" errors="0" warnings="0" failures="0" skipped="0" time="0.001105">
        <testcase name="testBankStrategyEdgeCases" class="App\Tests\Card\BankStrategyTest" classname="App.Tests.Card.BankStrategyTest" file="/home/kasper/dbwebb-kurser/mvc/me/report/tests/CardGame/BankStrategyTest.php" line="10" assertions="4" time="0.001105"/>
      </testsuite>
      <testsuite name="App\Card\CardGameTest" file="/home/kasper/dbwebb-kurser/mvc/me/report/tests/CardGame/CardGameTest.php" tests="10" assertions="32" errors="0" warnings="0" failures="0" skipped="0" time="0.025783">
        <testcase name="testCreateCardGame" class="App\Card\CardGameTest" classname="App.Card.CardGameTest" file="/home/kasper/dbwebb-kurser/mvc/me/report/tests/CardGame/CardGameTest.php" line="12" assertions="4" time="0.012217"/>
        <testcase name="testPlayerDraw" class="App\Card\CardGameTest" classname="App.Card.CardGameTest" file="/home/kasper/dbwebb-kurser/mvc/me/report/tests/CardGame/CardGameTest.php" line="23" assertions="5" time="0.005701"/>
        <testcase name="testPlayerBust" class="App\Card\CardGameTest" classname="App.Card.CardGameTest" file="/home/kasper/dbwebb-kurser/mvc/me/report/tests/CardGame/CardGameTest.php" line="44" assertions="2" time="0.000651"/>
        <testcase name="testPlayerStopTriggersBankPlay" class="App\Card\CardGameTest" classname="App.Card.CardGameTest" file="/home/kasper/dbwebb-kurser/mvc/me/report/tests/CardGame/CardGameTest.php" line="64" assertions="2" time="0.000698"/>
        <testcase name="testScoreCalculationThroughGameplay" class="App\Card\CardGameTest" classname="App.Card.CardGameTest" file="/home/kasper/dbwebb-kurser/mvc/me/report/tests/CardGame/CardGameTest.php" line="85" assertions="5" time="0.001788"/>
        <testcase name="testGetBankHand" class="App\Card\CardGameTest" classname="App.Card.CardGameTest" file="/home/kasper/dbwebb-kurser/mvc/me/report/tests/CardGame/CardGameTest.php" line="152" assertions="2" time="0.001202"/>
        <testcase name="testAllWinnerScenarios" class="App\Card\CardGameTest" classname="App.Card.CardGameTest" file="/home/kasper/dbwebb-kurser/mvc/me/report/tests/CardGame/CardGameTest.php" line="167" assertions="6" time="0.001694"/>
        <testcase name="testGameInitializesWithEmptyHands" class="App\Card\CardGameTest" classname="App.Card.CardGameTest" file="/home/kasper/dbwebb-kurser/mvc/me/report/tests/CardGame/CardGameTest.php" line="246" assertions="2" time="0.000466"/>
        <testcase name="testBankStopsAt17" class="App\Card\CardGameTest" classname="App.Card.CardGameTest" file="/home/kasper/dbwebb-kurser/mvc/me/report/tests/CardGame/CardGameTest.php" line="255" assertions="2" time="0.000757"/>
        <testcase name="testBankStopsWhenPlayerBusted" class="App\Card\CardGameTest" classname="App.Card.CardGameTest" file="/home/kasper/dbwebb-kurser/mvc/me/report/tests/CardGame/CardGameTest.php" line="278" assertions="2" time="0.000608"/>
      </testsuite>
      <testsuite name="App\Tests\Card\GameStateTest" file="/home/kasper/dbwebb-kurser/mvc/me/report/tests/CardGame/GameStateTest.php" tests="3" assertions="8" errors="0" warnings="0" failures="0" skipped="0" time="0.000964">
        <testcase name="testInitialState" class="App\Tests\Card\GameStateTest" classname="App.Tests.Card.GameStateTest" file="/home/kasper/dbwebb-kurser/mvc/me/report/tests/CardGame/GameStateTest.php" line="12" assertions="5" time="0.000328"/>
        <testcase name="testScoreUpdates" class="App\Tests\Card\GameStateTest" classname="App.Tests.Card.GameStateTest" file="/home/kasper/dbwebb-kurser/mvc/me/report/tests/CardGame/GameStateTest.php" line="23" assertions="2" time="0.000304"/>
        <testcase name="testGameOver" class="App\Tests\Card\GameStateTest" classname="App.Tests.Card.GameStateTest" file="/home/kasper/dbwebb-kurser/mvc/me/report/tests/CardGame/GameStateTest.php" line="33" assertions="1" time="0.000332"/>
      </testsuite>
      <testsuite name="App\Tests\Card\ScoreCalculatorTest" file="/home/kasper/dbwebb-kurser/mvc/me/report/tests/CardGame/ScoreCalculatorTest.php" tests="1" assertions="4" errors="0" warnings="0" failures="0" skipped="0" time="0.000407">
        <testcase name="testCalculateScore" class="App\Tests\Card\ScoreCalculatorTest" classname="App.Tests.Card.ScoreCalculatorTest" file="/home/kasper/dbwebb-kurser/mvc/me/report/tests/CardGame/ScoreCalculatorTest.php" line="12" assertions="4" time="0.000407"/>
      </testsuite>
      <testsuite name="App\Tests\Controller\JsonControllerTest" file="/home/kasper/dbwebb-kurser/mvc/me/report/tests/Controller/JsonControllerTest.php" tests="2" assertions="7" errors="0" warnings="0" failures="0" skipped="0" time="3.065974">
        <testcase name="testJsonLucky" class="App\Tests\Controller\JsonControllerTest" classname="App.Tests.Controller.JsonControllerTest" file="/home/kasper/dbwebb-kurser/mvc/me/report/tests/Controller/JsonControllerTest.php" line="9" assertions="4" time="3.055086"/>
        <testcase name="testJsonQuote" class="App\Tests\Controller\JsonControllerTest" classname="App.Tests.Controller.JsonControllerTest" file="/home/kasper/dbwebb-kurser/mvc/me/report/tests/Controller/JsonControllerTest.php" line="22" assertions="3" time="0.010888"/>
      </testsuite>
      <testsuite name="App\Tests\Controller\JsonDatabaseControllerTest" file="/home/kasper/dbwebb-kurser/mvc/me/report/tests/Controller/JsonDatabaseControllerTest.php" tests="3" assertions="11" errors="0" warnings="0" failures="0" skipped="0" time="0.040436">
        <testcase name="testJsonLibraryBooks" class="App\Tests\Controller\JsonDatabaseControllerTest" classname="App.Tests.Controller.JsonDatabaseControllerTest" file="/home/kasper/dbwebb-kurser/mvc/me/report/tests/Controller/JsonDatabaseControllerTest.php" line="13" assertions="4" time="0.019613"/>
        <testcase name="testJsonLibraryBookByIsbn" class="App\Tests\Controller\JsonDatabaseControllerTest" classname="App.Tests.Controller.JsonDatabaseControllerTest" file="/home/kasper/dbwebb-kurser/mvc/me/report/tests/Controller/JsonDatabaseControllerTest.php" line="38" assertions="4" time="0.010407"/>
        <testcase name="testJsonLibraryBookByIsbnNotFound" class="App\Tests\Controller\JsonDatabaseControllerTest" classname="App.Tests.Controller.JsonDatabaseControllerTest" file="/home/kasper/dbwebb-kurser/mvc/me/report/tests/Controller/JsonDatabaseControllerTest.php" line="64" assertions="3" time="0.010416"/>
      </testsuite>
      <testsuite name="App\Tests\Controller\JsonDeckControllerTest" file="/home/kasper/dbwebb-kurser/mvc/me/report/tests/Controller/JsonDeckControllerTest.php" tests="2" assertions="4" errors="0" warnings="0" failures="0" skipped="0" time="0.032738">
        <testcase name="testJsonDeck" class="App\Tests\Controller\JsonDeckControllerTest" classname="App.Tests.Controller.JsonDeckControllerTest" file="/home/kasper/dbwebb-kurser/mvc/me/report/tests/Controller/JsonDeckControllerTest.php" line="9" assertions="2" time="0.014848"/>
        <testcase name="testJsonShuffle" class="App\Tests\Controller\JsonDeckControllerTest" classname="App.Tests.Controller.JsonDeckControllerTest" file="/home/kasper/dbwebb-kurser/mvc/me/report/tests/Controller/JsonDeckControllerTest.php" line="20" assertions="2" time="0.017890"/>
      </testsuite>
      <testsuite name="App\Tests\Controller\JsonGameControllerTest" file="/home/kasper/dbwebb-kurser/mvc/me/report/tests/Controller/JsonGameControllerTest.php" tests="2" assertions="7" errors="0" warnings="0" failures="0" skipped="0" time="0.111870">
        <testcase name="testJsonGameScoreWithGame" class="App\Tests\Controller\JsonGameControllerTest" classname="App.Tests.Controller.JsonGameControllerTest" file="/home/kasper/dbwebb-kurser/mvc/me/report/tests/Controller/JsonGameControllerTest.php" line="11" assertions="4" time="0.099607"/>
        <testcase name="testJsonGameScoreWithoutGame" class="App\Tests\Controller\JsonGameControllerTest" classname="App.Tests.Controller.JsonGameControllerTest" file="/home/kasper/dbwebb-kurser/mvc/me/report/tests/Controller/JsonGameControllerTest.php" line="26" assertions="3" time="0.012263"/>
      </testsuite>
      <testsuite name="App\Tests\Entity\LibraryTest" file="/home/kasper/dbwebb-kurser/mvc/me/report/tests/Controller/LibraryTest.php" tests="1" assertions="4" errors="0" warnings="0" failures="0" skipped="0" time="0.000647">
        <testcase name="testEntity" class="App\Tests\Entity\LibraryTest" classname="App.Tests.Entity.LibraryTest" file="/home/kasper/dbwebb-kurser/mvc/me/report/tests/Controller/LibraryTest.php" line="10" assertions="4" time="0.000647"/>
      </testsuite>
      <testsuite name="App\Tests\Dice\DiceGraphicTest" file="/home/kasper/dbwebb-kurser/mvc/me/report/tests/Dice/DiceGraphicTest.php" tests="3" assertions="5" errors="0" warnings="0" failures="0" skipped="0" time="0.003238">
        <testcase name="testCreateDiceGraphic" class="App\Tests\Dice\DiceGraphicTest" classname="App.Tests.Dice.DiceGraphicTest" file="/home/kasper/dbwebb-kurser/mvc/me/report/tests/Dice/DiceGraphicTest.php" line="10" assertions="2" time="0.000570"/>
        <testcase name="testGetAsString" class="App\Tests\Dice\DiceGraphicTest" classname="App.Tests.Dice.DiceGraphicTest" file="/home/kasper/dbwebb-kurser/mvc/me/report/tests/Dice/DiceGraphicTest.php" line="17" assertions="2" time="0.001782"/>
        <testcase name="testAllRepresentationsExist" class="App\Tests\Dice\DiceGraphicTest" classname="App.Tests.Dice.DiceGraphicTest" file="/home/kasper/dbwebb-kurser/mvc/me/report/tests/Dice/DiceGraphicTest.php" line="26" assertions="1" time="0.000886"/>
      </testsuite>
      <testsuite name="App\Tests\Dice\DiceHandTest" file="/home/kasper/dbwebb-kurser/mvc/me/report/tests/Dice/DiceHandTest.php" tests="4" assertions="32" errors="0" warnings="0" failures="0" skipped="0" time="0.003887">
        <testcase name="testCreateDiceHand" class="App\Tests\Dice\DiceHandTest" classname="App.Tests.Dice.DiceHandTest" file="/home/kasper/dbwebb-kurser/mvc/me/report/tests/Dice/DiceHandTest.php" line="12" assertions="2" time="0.000320"/>
        <testcase name="testAddAndRollDice" class="App\Tests\Dice\DiceHandTest" classname="App.Tests.Dice.DiceHandTest" file="/home/kasper/dbwebb-kurser/mvc/me/report/tests/Dice/DiceHandTest.php" line="19" assertions="6" time="0.002256"/>
        <testcase name="testGetStringRepresentation" class="App\Tests\Dice\DiceHandTest" classname="App.Tests.Dice.DiceHandTest" file="/home/kasper/dbwebb-kurser/mvc/me/report/tests/Dice/DiceHandTest.php" line="35" assertions="3" time="0.000434"/>
        <testcase name="testMultipleDiceValues" class="App\Tests\Dice\DiceHandTest" classname="App.Tests.Dice.DiceHandTest" file="/home/kasper/dbwebb-kurser/mvc/me/report/tests/Dice/DiceHandTest.php" line="50" assertions="21" time="0.000876"/>
      </testsuite>
      <testsuite name="App\Tests\Dice\DiceTest" file="/home/kasper/dbwebb-kurser/mvc/me/report/tests/Dice/DiceTest.php" tests="4" assertions="11" errors="0" warnings="0" failures="0" skipped="0" time="0.002800">
        <testcase name="testCreateDice" class="App\Tests\Dice\DiceTest" classname="App.Tests.Dice.DiceTest" file="/home/kasper/dbwebb-kurser/mvc/me/report/tests/Dice/DiceTest.php" line="10" assertions="2" time="0.000318"/>
        <testcase name="testRollDice" class="App\Tests\Dice\DiceTest" classname="App.Tests.Dice.DiceTest" file="/home/kasper/dbwebb-kurser/mvc/me/report/tests/Dice/DiceTest.php" line="19" assertions="5" time="0.000493"/>
        <testcase name="testRollChangesValue" class="App\Tests\Dice\DiceTest" classname="App.Tests.Dice.DiceTest" file="/home/kasper/dbwebb-kurser/mvc/me/report/tests/Dice/DiceTest.php" line="31" assertions="1" time="0.000574"/>
        <testcase name="testGetAsStringFormat" class="App\Tests\Dice\DiceTest" classname="App.Tests.Dice.DiceTest" file="/home/kasper/dbwebb-kurser/mvc/me/report/tests/Dice/DiceTest.php" line="44" assertions="3" time="0.001416"/>
      </testsuite>
    </testsuite>
  </testsuite>
</testsuites>
