<?xml version="1.0" encoding="UTF-8"?>
<testsuites>
  <testsuite name="" tests="60" assertions="182" errors="0" warnings="0" failures="0" skipped="0" time="1.642817">
    <testsuite name="Project Test Suite" tests="60" assertions="182" errors="0" warnings="0" failures="0" skipped="0" time="1.642817">
      <testsuite name="App\Card\CardGraphicTest" file="/home/kasper/dbwebb-kurser/mvc/me/report/tests/Card/CardGraphicTest.php" tests="4" assertions="57" errors="0" warnings="0" failures="0" skipped="0" time="0.016382">
        <testcase name="testCardGraphicCreation" class="App\Card\CardGraphicTest" classname="App.Card.CardGraphicTest" file="/home/kasper/dbwebb-kurser/mvc/me/report/tests/Card/CardGraphicTest.php" line="12" assertions="2" time="0.012341"/>
        <testcase name="testGetAsString" class="App\Card\CardGraphicTest" classname="App.Card.CardGraphicTest" file="/home/kasper/dbwebb-kurser/mvc/me/report/tests/Card/CardGraphicTest.php" line="19" assertions="1" time="0.001056"/>
        <testcase name="testGetColor" class="App\Card\CardGraphicTest" classname="App.Card.CardGraphicTest" file="/home/kasper/dbwebb-kurser/mvc/me/report/tests/Card/CardGraphicTest.php" line="25" assertions="2" time="0.000434"/>
        <testcase name="testAllSymbols" class="App\Card\CardGraphicTest" classname="App.Card.CardGraphicTest" file="/home/kasper/dbwebb-kurser/mvc/me/report/tests/Card/CardGraphicTest.php" line="34" assertions="52" time="0.002550"/>
      </testsuite>
      <testsuite name="App\Card\CardHandTest" file="/home/kasper/dbwebb-kurser/mvc/me/report/tests/Card/CardHandTest.php" tests="5" assertions="7" errors="0" warnings="0" failures="0" skipped="0" time="0.003465">
        <testcase name="testCreateEmptyHand" class="App\Card\CardHandTest" classname="App.Card.CardHandTest" file="/home/kasper/dbwebb-kurser/mvc/me/report/tests/Card/CardHandTest.php" line="12" assertions="2" time="0.002075"/>
        <testcase name="testAddCard" class="App\Card\CardHandTest" classname="App.Card.CardHandTest" file="/home/kasper/dbwebb-kurser/mvc/me/report/tests/Card/CardHandTest.php" line="19" assertions="2" time="0.000378"/>
        <testcase name="testGetNumberCards" class="App\Card\CardHandTest" classname="App.Card.CardHandTest" file="/home/kasper/dbwebb-kurser/mvc/me/report/tests/Card/CardHandTest.php" line="29" assertions="1" time="0.000333"/>
        <testcase name="testGetValues" class="App\Card\CardHandTest" classname="App.Card.CardHandTest" file="/home/kasper/dbwebb-kurser/mvc/me/report/tests/Card/CardHandTest.php" line="38" assertions="1" time="0.000330"/>
        <testcase name="testGetString" class="App\Card\CardHandTest" classname="App.Card.CardHandTest" file="/home/kasper/dbwebb-kurser/mvc/me/report/tests/Card/CardHandTest.php" line="48" assertions="1" time="0.000350"/>
      </testsuite>
      <testsuite name="App\Card\CardTest" file="/home/kasper/dbwebb-kurser/mvc/me/report/tests/Card/CardTest.php" tests="4" assertions="4" errors="0" warnings="0" failures="0" skipped="0" time="0.001263">
        <testcase name="testCardCreation" class="App\Card\CardTest" classname="App.Card.CardTest" file="/home/kasper/dbwebb-kurser/mvc/me/report/tests/Card/CardTest.php" line="12" assertions="1" time="0.000293"/>
        <testcase name="testGetSuit" class="App\Card\CardTest" classname="App.Card.CardTest" file="/home/kasper/dbwebb-kurser/mvc/me/report/tests/Card/CardTest.php" line="18" assertions="1" time="0.000355"/>
        <testcase name="testGetValue" class="App\Card\CardTest" classname="App.Card.CardTest" file="/home/kasper/dbwebb-kurser/mvc/me/report/tests/Card/CardTest.php" line="24" assertions="1" time="0.000311"/>
        <testcase name="testGetAsString" class="App\Card\CardTest" classname="App.Card.CardTest" file="/home/kasper/dbwebb-kurser/mvc/me/report/tests/Card/CardTest.php" line="30" assertions="1" time="0.000303"/>
      </testsuite>
      <testsuite name="App\Card\DeckOfCardsTest" file="/home/kasper/dbwebb-kurser/mvc/me/report/tests/Card/DeckOfCardsTest.php" tests="5" assertions="12" errors="0" warnings="0" failures="0" skipped="0" time="0.012576">
        <testcase name="testCreateDeck" class="App\Card\DeckOfCardsTest" classname="App.Card.DeckOfCardsTest" file="/home/kasper/dbwebb-kurser/mvc/me/report/tests/Card/DeckOfCardsTest.php" line="13" assertions="2" time="0.001506"/>
        <testcase name="testShuffle" class="App\Card\DeckOfCardsTest" classname="App.Card.DeckOfCardsTest" file="/home/kasper/dbwebb-kurser/mvc/me/report/tests/Card/DeckOfCardsTest.php" line="20" assertions="2" time="0.006444"/>
        <testcase name="testDrawCard" class="App\Card\DeckOfCardsTest" classname="App.Card.DeckOfCardsTest" file="/home/kasper/dbwebb-kurser/mvc/me/report/tests/Card/DeckOfCardsTest.php" line="31" assertions="2" time="0.000568"/>
        <testcase name="testGetSortedCards" class="App\Card\DeckOfCardsTest" classname="App.Card.DeckOfCardsTest" file="/home/kasper/dbwebb-kurser/mvc/me/report/tests/Card/DeckOfCardsTest.php" line="41" assertions="5" time="0.003668"/>
        <testcase name="testGetString" class="App\Card\DeckOfCardsTest" classname="App.Card.DeckOfCardsTest" file="/home/kasper/dbwebb-kurser/mvc/me/report/tests/Card/DeckOfCardsTest.php" line="56" assertions="1" time="0.000389"/>
      </testsuite>
      <testsuite name="App\Tests\Card\BankStrategyTest" file="/home/kasper/dbwebb-kurser/mvc/me/report/tests/CardGame/BankStrategyTest.php" tests="1" assertions="4" errors="0" warnings="0" failures="0" skipped="0" time="0.002023">
        <testcase name="testBankStrategyEdgeCases" class="App\Tests\Card\BankStrategyTest" classname="App.Tests.Card.BankStrategyTest" file="/home/kasper/dbwebb-kurser/mvc/me/report/tests/CardGame/BankStrategyTest.php" line="10" assertions="4" time="0.002023"/>
      </testsuite>
      <testsuite name="App\Card\CardGameTest" file="/home/kasper/dbwebb-kurser/mvc/me/report/tests/CardGame/CardGameTest.php" tests="10" assertions="32" errors="0" warnings="0" failures="0" skipped="0" time="0.029274">
        <testcase name="testCreateCardGame" class="App\Card\CardGameTest" classname="App.Card.CardGameTest" file="/home/kasper/dbwebb-kurser/mvc/me/report/tests/CardGame/CardGameTest.php" line="12" assertions="4" time="0.015405"/>
        <testcase name="testPlayerDraw" class="App\Card\CardGameTest" classname="App.Card.CardGameTest" file="/home/kasper/dbwebb-kurser/mvc/me/report/tests/CardGame/CardGameTest.php" line="23" assertions="5" time="0.005810"/>
        <testcase name="testPlayerBust" class="App\Card\CardGameTest" classname="App.Card.CardGameTest" file="/home/kasper/dbwebb-kurser/mvc/me/report/tests/CardGame/CardGameTest.php" line="44" assertions="2" time="0.000670"/>
        <testcase name="testPlayerStopTriggersBankPlay" class="App\Card\CardGameTest" classname="App.Card.CardGameTest" file="/home/kasper/dbwebb-kurser/mvc/me/report/tests/CardGame/CardGameTest.php" line="64" assertions="2" time="0.001041"/>
        <testcase name="testScoreCalculationThroughGameplay" class="App\Card\CardGameTest" classname="App.Card.CardGameTest" file="/home/kasper/dbwebb-kurser/mvc/me/report/tests/CardGame/CardGameTest.php" line="85" assertions="5" time="0.001821"/>
        <testcase name="testGetBankHand" class="App\Card\CardGameTest" classname="App.Card.CardGameTest" file="/home/kasper/dbwebb-kurser/mvc/me/report/tests/CardGame/CardGameTest.php" line="152" assertions="2" time="0.001110"/>
        <testcase name="testAllWinnerScenarios" class="App\Card\CardGameTest" classname="App.Card.CardGameTest" file="/home/kasper/dbwebb-kurser/mvc/me/report/tests/CardGame/CardGameTest.php" line="167" assertions="6" time="0.001621"/>
        <testcase name="testGameInitializesWithEmptyHands" class="App\Card\CardGameTest" classname="App.Card.CardGameTest" file="/home/kasper/dbwebb-kurser/mvc/me/report/tests/CardGame/CardGameTest.php" line="246" assertions="2" time="0.000443"/>
        <testcase name="testBankStopsAt17" class="App\Card\CardGameTest" classname="App.Card.CardGameTest" file="/home/kasper/dbwebb-kurser/mvc/me/report/tests/CardGame/CardGameTest.php" line="255" assertions="2" time="0.000747"/>
        <testcase name="testBankStopsWhenPlayerBusted" class="App\Card\CardGameTest" classname="App.Card.CardGameTest" file="/home/kasper/dbwebb-kurser/mvc/me/report/tests/CardGame/CardGameTest.php" line="278" assertions="2" time="0.000605"/>
      </testsuite>
      <testsuite name="App\Tests\Card\GameStateTest" file="/home/kasper/dbwebb-kurser/mvc/me/report/tests/CardGame/GameStateTest.php" tests="3" assertions="8" errors="0" warnings="0" failures="0" skipped="0" time="0.001142">
        <testcase name="testInitialState" class="App\Tests\Card\GameStateTest" classname="App.Tests.Card.GameStateTest" file="/home/kasper/dbwebb-kurser/mvc/me/report/tests/CardGame/GameStateTest.php" line="12" assertions="5" time="0.000344"/>
        <testcase name="testScoreUpdates" class="App\Tests\Card\GameStateTest" classname="App.Tests.Card.GameStateTest" file="/home/kasper/dbwebb-kurser/mvc/me/report/tests/CardGame/GameStateTest.php" line="23" assertions="2" time="0.000476"/>
        <testcase name="testGameOver" class="App\Tests\Card\GameStateTest" classname="App.Tests.Card.GameStateTest" file="/home/kasper/dbwebb-kurser/mvc/me/report/tests/CardGame/GameStateTest.php" line="33" assertions="1" time="0.000322"/>
      </testsuite>
      <testsuite name="App\Tests\Card\ScoreCalculatorTest" file="/home/kasper/dbwebb-kurser/mvc/me/report/tests/CardGame/ScoreCalculatorTest.php" tests="1" assertions="4" errors="0" warnings="0" failures="0" skipped="0" time="0.000395">
        <testcase name="testCalculateScore" class="App\Tests\Card\ScoreCalculatorTest" classname="App.Tests.Card.ScoreCalculatorTest" file="/home/kasper/dbwebb-kurser/mvc/me/report/tests/CardGame/ScoreCalculatorTest.php" line="12" assertions="4" time="0.000395"/>
      </testsuite>
      <testsuite name="App\Tests\Controller\CardControllerTest" file="/home/kasper/dbwebb-kurser/mvc/me/report/tests/Controller/CardControllerTest.php" tests="4" assertions="4" errors="0" warnings="0" failures="0" skipped="0" time="0.715203">
        <testcase name="testHomePage" class="App\Tests\Controller\CardControllerTest" classname="App.Tests.Controller.CardControllerTest" file="/home/kasper/dbwebb-kurser/mvc/me/report/tests/Controller/CardControllerTest.php" line="9" assertions="1" time="0.583218"/>
        <testcase name="testDeckPage" class="App\Tests\Controller\CardControllerTest" classname="App.Tests.Controller.CardControllerTest" file="/home/kasper/dbwebb-kurser/mvc/me/report/tests/Controller/CardControllerTest.php" line="17" assertions="1" time="0.077810"/>
        <testcase name="testShufflePage" class="App\Tests\Controller\CardControllerTest" classname="App.Tests.Controller.CardControllerTest" file="/home/kasper/dbwebb-kurser/mvc/me/report/tests/Controller/CardControllerTest.php" line="25" assertions="1" time="0.028821"/>
        <testcase name="testDrawCard" class="App\Tests\Controller\CardControllerTest" classname="App.Tests.Controller.CardControllerTest" file="/home/kasper/dbwebb-kurser/mvc/me/report/tests/Controller/CardControllerTest.php" line="33" assertions="1" time="0.025355"/>
      </testsuite>
      <testsuite name="App\Tests\Controller\CardGameControllerTest" file="/home/kasper/dbwebb-kurser/mvc/me/report/tests/Controller/CardGameControllerTest.php" tests="3" assertions="4" errors="0" warnings="0" failures="0" skipped="0" time="0.062834">
        <testcase name="testGameHome" class="App\Tests\Controller\CardGameControllerTest" classname="App.Tests.Controller.CardGameControllerTest" file="/home/kasper/dbwebb-kurser/mvc/me/report/tests/Controller/CardGameControllerTest.php" line="9" assertions="1" time="0.022831"/>
        <testcase name="testGamePlay" class="App\Tests\Controller\CardGameControllerTest" classname="App.Tests.Controller.CardGameControllerTest" file="/home/kasper/dbwebb-kurser/mvc/me/report/tests/Controller/CardGameControllerTest.php" line="17" assertions="1" time="0.020819"/>
        <testcase name="testGameDraw" class="App\Tests\Controller\CardGameControllerTest" classname="App.Tests.Controller.CardGameControllerTest" file="/home/kasper/dbwebb-kurser/mvc/me/report/tests/Controller/CardGameControllerTest.php" line="25" assertions="2" time="0.019184"/>
      </testsuite>
      <testsuite name="App\Tests\Controller\DiceGameControllerTest" file="/home/kasper/dbwebb-kurser/mvc/me/report/tests/Controller/DiceGameControllerTest.php" tests="9" assertions="11" errors="0" warnings="0" failures="0" skipped="0" time="0.640687">
        <testcase name="testHomeRoute" class="App\Tests\Controller\DiceGameControllerTest" classname="App.Tests.Controller.DiceGameControllerTest" file="/home/kasper/dbwebb-kurser/mvc/me/report/tests/Controller/DiceGameControllerTest.php" line="10" assertions="1" time="0.023198"/>
        <testcase name="testTestRollDice" class="App\Tests\Controller\DiceGameControllerTest" classname="App.Tests.Controller.DiceGameControllerTest" file="/home/kasper/dbwebb-kurser/mvc/me/report/tests/Controller/DiceGameControllerTest.php" line="18" assertions="1" time="0.018817"/>
        <testcase name="testTestRollNumDices" class="App\Tests\Controller\DiceGameControllerTest" classname="App.Tests.Controller.DiceGameControllerTest" file="/home/kasper/dbwebb-kurser/mvc/me/report/tests/Controller/DiceGameControllerTest.php" line="26" assertions="1" time="0.018523"/>
        <testcase name="testTestRollNumDicesMaxLimit" class="App\Tests\Controller\DiceGameControllerTest" classname="App.Tests.Controller.DiceGameControllerTest" file="/home/kasper/dbwebb-kurser/mvc/me/report/tests/Controller/DiceGameControllerTest.php" line="34" assertions="1" time="0.253005"/>
        <testcase name="testTestDiceHand" class="App\Tests\Controller\DiceGameControllerTest" classname="App.Tests.Controller.DiceGameControllerTest" file="/home/kasper/dbwebb-kurser/mvc/me/report/tests/Controller/DiceGameControllerTest.php" line="42" assertions="1" time="0.019227"/>
        <testcase name="testInitGet" class="App\Tests\Controller\DiceGameControllerTest" classname="App.Tests.Controller.DiceGameControllerTest" file="/home/kasper/dbwebb-kurser/mvc/me/report/tests/Controller/DiceGameControllerTest.php" line="50" assertions="1" time="0.031130"/>
        <testcase name="testInitPost" class="App\Tests\Controller\DiceGameControllerTest" classname="App.Tests.Controller.DiceGameControllerTest" file="/home/kasper/dbwebb-kurser/mvc/me/report/tests/Controller/DiceGameControllerTest.php" line="58" assertions="2" time="0.017674"/>
        <testcase name="testPlay" class="App\Tests\Controller\DiceGameControllerTest" classname="App.Tests.Controller.DiceGameControllerTest" file="/home/kasper/dbwebb-kurser/mvc/me/report/tests/Controller/DiceGameControllerTest.php" line="66" assertions="1" time="0.036162"/>
        <testcase name="testSave" class="App\Tests\Controller\DiceGameControllerTest" classname="App.Tests.Controller.DiceGameControllerTest" file="/home/kasper/dbwebb-kurser/mvc/me/report/tests/Controller/DiceGameControllerTest.php" line="76" assertions="2" time="0.222951"/>
      </testsuite>
      <testsuite name="App\Tests\Controller\JsonControllerTest" file="/home/kasper/dbwebb-kurser/mvc/me/report/tests/Controller/JsonControllerTest.php" tests="2" assertions="7" errors="0" warnings="0" failures="0" skipped="0" time="0.025866">
        <testcase name="testJsonLucky" class="App\Tests\Controller\JsonControllerTest" classname="App.Tests.Controller.JsonControllerTest" file="/home/kasper/dbwebb-kurser/mvc/me/report/tests/Controller/JsonControllerTest.php" line="9" assertions="4" time="0.014904"/>
        <testcase name="testJsonQuote" class="App\Tests\Controller\JsonControllerTest" classname="App.Tests.Controller.JsonControllerTest" file="/home/kasper/dbwebb-kurser/mvc/me/report/tests/Controller/JsonControllerTest.php" line="22" assertions="3" time="0.010962"/>
      </testsuite>
      <testsuite name="App\Tests\Controller\JsonDatabaseControllerTest" file="/home/kasper/dbwebb-kurser/mvc/me/report/tests/Controller/JsonDatabaseControllerTest.php" tests="3" assertions="11" errors="0" warnings="0" failures="0" skipped="0" time="0.053250">
        <testcase name="testJsonLibraryBooks" class="App\Tests\Controller\JsonDatabaseControllerTest" classname="App.Tests.Controller.JsonDatabaseControllerTest" file="/home/kasper/dbwebb-kurser/mvc/me/report/tests/Controller/JsonDatabaseControllerTest.php" line="13" assertions="4" time="0.031588"/>
        <testcase name="testJsonLibraryBookByIsbn" class="App\Tests\Controller\JsonDatabaseControllerTest" classname="App.Tests.Controller.JsonDatabaseControllerTest" file="/home/kasper/dbwebb-kurser/mvc/me/report/tests/Controller/JsonDatabaseControllerTest.php" line="38" assertions="4" time="0.012037"/>
        <testcase name="testJsonLibraryBookByIsbnNotFound" class="App\Tests\Controller\JsonDatabaseControllerTest" classname="App.Tests.Controller.JsonDatabaseControllerTest" file="/home/kasper/dbwebb-kurser/mvc/me/report/tests/Controller/JsonDatabaseControllerTest.php" line="64" assertions="3" time="0.009625"/>
      </testsuite>
      <testsuite name="App\Tests\Controller\JsonDeckControllerTest" file="/home/kasper/dbwebb-kurser/mvc/me/report/tests/Controller/JsonDeckControllerTest.php" tests="2" assertions="4" errors="0" warnings="0" failures="0" skipped="0" time="0.027757">
        <testcase name="testJsonDeck" class="App\Tests\Controller\JsonDeckControllerTest" classname="App.Tests.Controller.JsonDeckControllerTest" file="/home/kasper/dbwebb-kurser/mvc/me/report/tests/Controller/JsonDeckControllerTest.php" line="9" assertions="2" time="0.017575"/>
        <testcase name="testJsonShuffle" class="App\Tests\Controller\JsonDeckControllerTest" classname="App.Tests.Controller.JsonDeckControllerTest" file="/home/kasper/dbwebb-kurser/mvc/me/report/tests/Controller/JsonDeckControllerTest.php" line="20" assertions="2" time="0.010182"/>
      </testsuite>
      <testsuite name="App\Tests\Controller\JsonGameControllerTest" file="/home/kasper/dbwebb-kurser/mvc/me/report/tests/Controller/JsonGameControllerTest.php" tests="2" assertions="7" errors="0" warnings="0" failures="0" skipped="0" time="0.049418">
        <testcase name="testJsonGameScoreWithGame" class="App\Tests\Controller\JsonGameControllerTest" classname="App.Tests.Controller.JsonGameControllerTest" file="/home/kasper/dbwebb-kurser/mvc/me/report/tests/Controller/JsonGameControllerTest.php" line="11" assertions="4" time="0.035748"/>
        <testcase name="testJsonGameScoreWithoutGame" class="App\Tests\Controller\JsonGameControllerTest" classname="App.Tests.Controller.JsonGameControllerTest" file="/home/kasper/dbwebb-kurser/mvc/me/report/tests/Controller/JsonGameControllerTest.php" line="26" assertions="3" time="0.013671"/>
      </testsuite>
      <testsuite name="App\Tests\Entity\LibraryTest" file="/home/kasper/dbwebb-kurser/mvc/me/report/tests/Controller/LibraryTest.php" tests="1" assertions="4" errors="0" warnings="0" failures="0" skipped="0" time="0.000534">
        <testcase name="testEntity" class="App\Tests\Entity\LibraryTest" classname="App.Tests.Entity.LibraryTest" file="/home/kasper/dbwebb-kurser/mvc/me/report/tests/Controller/LibraryTest.php" line="10" assertions="4" time="0.000534"/>
      </testsuite>
      <testsuite name="App\Dice\DiceTest" file="/home/kasper/dbwebb-kurser/mvc/me/report/tests/Dice/DiceTest.php" tests="1" assertions="2" errors="0" warnings="0" failures="0" skipped="0" time="0.000748">
        <testcase name="testCreateDice" class="App\Dice\DiceTest" classname="App.Dice.DiceTest" file="/home/kasper/dbwebb-kurser/mvc/me/report/tests/Dice/DiceTest.php" line="16" assertions="2" time="0.000748"/>
      </testsuite>
    </testsuite>
  </testsuite>
</testsuites>
